# gmm-latgen-faster --max-active=7000 --beam=13.0 --lattice-beam=6.0 --acoustic-scale=0.083333 --determinize-lattice=false --allow-partial=true --word-symbol-table=exp-kaldi-lang/tri4b/graph/words.txt exp-kaldi-lang/tri4b/final.mdl exp-kaldi-lang/tri4b/graph/HCLG.fst "ark,s,cs:apply-cmvn  --utt2spk=ark:data/head_eval_test/split12/3/utt2spk scp:data/head_eval_test/split12/3/cmvn.scp scp:data/head_eval_test/split12/3/feats.scp ark:- | splice-feats --left-context=3 --right-context=3 ark:- ark:- | transform-feats exp-kaldi-lang/tri4b/final.mat ark:- ark:- | transform-feats --utt2spk=ark:data/head_eval_test/split12/3/utt2spk ark:exp-kaldi-lang/tri4b/decode/pre_trans.3 ark:- ark:- |" "ark:|gzip -c > exp-kaldi-lang/tri4b/decode/lat.tmp.3.gz" 
# Started at Thu Jul 27 15:43:07 BST 2017
#
gmm-latgen-faster --max-active=7000 --beam=13.0 --lattice-beam=6.0 --acoustic-scale=0.083333 --determinize-lattice=false --allow-partial=true --word-symbol-table=exp-kaldi-lang/tri4b/graph/words.txt exp-kaldi-lang/tri4b/final.mdl exp-kaldi-lang/tri4b/graph/HCLG.fst 'ark,s,cs:apply-cmvn  --utt2spk=ark:data/head_eval_test/split12/3/utt2spk scp:data/head_eval_test/split12/3/cmvn.scp scp:data/head_eval_test/split12/3/feats.scp ark:- | splice-feats --left-context=3 --right-context=3 ark:- ark:- | transform-feats exp-kaldi-lang/tri4b/final.mat ark:- ark:- | transform-feats --utt2spk=ark:data/head_eval_test/split12/3/utt2spk ark:exp-kaldi-lang/tri4b/decode/pre_trans.3 ark:- ark:- |' 'ark:|gzip -c > exp-kaldi-lang/tri4b/decode/lat.tmp.3.gz' 
apply-cmvn --utt2spk=ark:data/head_eval_test/split12/3/utt2spk scp:data/head_eval_test/split12/3/cmvn.scp scp:data/head_eval_test/split12/3/feats.scp ark:- 
transform-feats --utt2spk=ark:data/head_eval_test/split12/3/utt2spk ark:exp-kaldi-lang/tri4b/decode/pre_trans.3 ark:- ark:- 
splice-feats --left-context=3 --right-context=3 ark:- ark:- 
transform-feats exp-kaldi-lang/tri4b/final.mat ark:- ark:- 
c33c0201-head AS HOLDERS OF THE CLASS B. STOCK THE MORRIS FAMILY ELECTS FOUR OF THE NINE DIRECTORS OF STEWART 
LOG (gmm-latgen-faster:DecodeUtteranceLatticeFaster():decoder-wrappers.cc:285) Log-like per frame for utterance c33c0201-head is -4.10076 over 664 frames.
c33c0202-head ANY TAKEOVER BID REQUIRES A TWO THIRDS VOTE OF THE BOARD TO BE CONSIDERED 
LOG (gmm-latgen-faster:DecodeUtteranceLatticeFaster():decoder-wrappers.cc:285) Log-like per frame for utterance c33c0202-head is -3.7964 over 551 frames.
c33c0203-head THE OWNERS OF THE CLASS B. HAVE PREVIOUSLY AGREED TO RESTRICTIONS ON THE SALE OF THEIR STOCK TO NON FAMILY MEMBERS UNTIL HE AT TWO THOUSAND FIVE 
LOG (gmm-latgen-faster:DecodeUtteranceLatticeFaster():decoder-wrappers.cc:285) Log-like per frame for utterance c33c0203-head is -3.91575 over 889 frames.
c33c0204-head IT GOT TO THE POINT WHERE YOU HAD A BETTER CHANCE BEING STRUCK BY LIGHTNING THAN BEING ABLE TO SELL NEW PAPER MS. THOMPSON SAYS 
LOG (gmm-latgen-faster:DecodeUtteranceLatticeFaster():decoder-wrappers.cc:285) Log-like per frame for utterance c33c0204-head is -4.2504 over 789 frames.
c33c0205-head THE INVESTOR BASE WAS NEVER AS BROAD AS UNDERWRITERS SAID IT WAS SHE SAYS 
LOG (gmm-latgen-faster:DecodeUtteranceLatticeFaster():decoder-wrappers.cc:285) Log-like per frame for utterance c33c0205-head is -3.95936 over 620 frames.
c33c0206-head NOW MANY FIRMS ARE PAYING THE PRICE 
LOG (gmm-latgen-faster:DecodeUtteranceLatticeFaster():decoder-wrappers.cc:285) Log-like per frame for utterance c33c0206-head is -3.71183 over 332 frames.
c33c0207-head PROCEEDS WILL BE USED TO REPAY DEBT AND FOR GENERAL PURPOSES 
LOG (gmm-latgen-faster:DecodeUtteranceLatticeFaster():decoder-wrappers.cc:285) Log-like per frame for utterance c33c0207-head is -3.94025 over 476 frames.
c33c0208-head BOND BREWING IS A UNIT OF BOND CORPORATION HOLDINGS 
LOG (gmm-latgen-faster:DecodeUtteranceLatticeFaster():decoder-wrappers.cc:285) Log-like per frame for utterance c33c0208-head is -3.97679 over 470 frames.
c33c0209-head BOND BREWING PRODUCES AND MARKETS ABOUT FORTY FIVE PERCENT OF ALL BEER CONSUMED IN AUSTRALIA 
LOG (gmm-latgen-faster:DecodeUtteranceLatticeFaster():decoder-wrappers.cc:285) Log-like per frame for utterance c33c0209-head is -3.93873 over 670 frames.
c33c020a-head THE N. A. S. D. RELEASED SHORT INTEREST FIGURES FOR THE FIRST TIME NOVEMBER TWENTY FIFTH FOR ALL STOCKS CARRIED ON ITS NASDAQ AUTOMATED QUOTATION SYSTEM 
LOG (gmm-latgen-faster:DecodeUtteranceLatticeFaster():decoder-wrappers.cc:285) Log-like per frame for utterance c33c020a-head is -4.12368 over 1070 frames.
c33c020b-head INVESTORS USE SHORT INTEREST FIGURES TO DETERMINE HOW MUCH SHORT SELLING IS GOING ON IN INDIVIDUAL STOCKS 
LOG (gmm-latgen-faster:DecodeUtteranceLatticeFaster():decoder-wrappers.cc:285) Log-like per frame for utterance c33c020b-head is -4.01336 over 764 frames.
c33c020c-head A SHORT SALE IS THE SALE OF BORROWED STOCK BY INVESTORS EXPECTING ITS PRICE TO DROP 
LOG (gmm-latgen-faster:DecodeUtteranceLatticeFaster():decoder-wrappers.cc:285) Log-like per frame for utterance c33c020c-head is -3.96577 over 639 frames.
c33c020d-head THE INVESTORS EXPECT A PROFIT ON THE DIFFERENCE BETWEEN THE PRICE REALIZED IN THE SALE AND THE COST OF REPLACING THE BORROWED SHARES 
LOG (gmm-latgen-faster:DecodeUtteranceLatticeFaster():decoder-wrappers.cc:285) Log-like per frame for utterance c33c020d-head is -4.04812 over 839 frames.
c33c020e-head THE N. A. S. D. DECLINED TO NAME THE FIRMS APPARENTLY MARKET MAKERS IN QUESTION 
LOG (gmm-latgen-faster:DecodeUtteranceLatticeFaster():decoder-wrappers.cc:285) Log-like per frame for utterance c33c020e-head is -3.94707 over 645 frames.
c33c020f-head AND OVER THE COUNTER MARKET MAKER IS A BROKERAGE FIRM THAT PERFORMS A FUNCTION SIMILAR TO THAT OF THE STOCK EXCHANGE SPECIALIST 
LOG (gmm-latgen-faster:DecodeUtteranceLatticeFaster():decoder-wrappers.cc:285) Log-like per frame for utterance c33c020f-head is -4.10245 over 870 frames.
c33c020g-head THE MARKET MAKER ACTS AS BOTH THE BUYER AND SELLER OF LAST RESORT SO AT A LIQUID MARKET ALWAYS EXISTS FOR HOLDERS OF A STOCK 
LOG (gmm-latgen-faster:DecodeUtteranceLatticeFaster():decoder-wrappers.cc:285) Log-like per frame for utterance c33c020g-head is -3.96952 over 876 frames.
c33c020h-head SOME MARKET PROFESSIONALS HOWEVER REMAINED SKEPTICAL 
LOG (gmm-latgen-faster:DecodeUtteranceLatticeFaster():decoder-wrappers.cc:285) Log-like per frame for utterance c33c020h-head is -3.84775 over 457 frames.
c33c020i-head SOME MARKET MAKERS PRIVATELY SAID THAT THEY HADN'T INCLUDED THEIR POSITIONS 
LOG (gmm-latgen-faster:DecodeUtteranceLatticeFaster():decoder-wrappers.cc:285) Log-like per frame for utterance c33c020i-head is -3.76788 over 620 frames.
c33c020j-head IN ADDITION TRADERS SAID THEY'RE PUZZLED ABOUT HOW THE N. A. S. D. COULD COME UP WITH ACCURATE SHORT INTEREST FOR SOME OTHER MARKET MAKING FUNDS 
LOG (gmm-latgen-faster:DecodeUtteranceLatticeFaster():decoder-wrappers.cc:285) Log-like per frame for utterance c33c020j-head is -3.94663 over 1020 frames.
c33c020k-head ONE TRADER FOR A LARGE NEW YORK BASED BROKER SAID SOME MARKET MAKERS DON'T KEEP ANY REAL RECORD OF THEIR OWN SHORT INTEREST 
LOG (gmm-latgen-faster:DecodeUtteranceLatticeFaster():decoder-wrappers.cc:285) Log-like per frame for utterance c33c020k-head is -3.88474 over 1014 frames.
c33c020l-head IN ADDITION SALLIE MAE PRICED ONE HUNDRED FIFTY MILLION DOLLARS OF FIXED RATE NOTES DUE MAY FOURTH NINETEEN NINETY THREE AT PAR 
LOG (gmm-latgen-faster:DecodeUtteranceLatticeFaster():decoder-wrappers.cc:285) Log-like per frame for utterance c33c020l-head is -3.89045 over 957 frames.
c33c020m-head THE NOTES BEAR INTEREST AT A RATE OF SEVEN POINT THREE FIVE PERCENT PER YEAR 
LOG (gmm-latgen-faster:DecodeUtteranceLatticeFaster():decoder-wrappers.cc:285) Log-like per frame for utterance c33c020m-head is -3.52869 over 614 frames.
c33c020n-head SALOMON BROTHERS INCORPORATED IS LEAD MANAGER 
LOG (gmm-latgen-faster:DecodeUtteranceLatticeFaster():decoder-wrappers.cc:285) Log-like per frame for utterance c33c020n-head is -3.74161 over 482 frames.
c33c020o-head EXPORT DEPENDENT SHARES WERE PULLED DOWN BY U. S. TREASURY SECRETARY JAMES BAKER'S STATEMENT MONDAY AT A SPECIAL MEETING OF THE GROUP OF FIVE COUNTRIES HASN'T BEEN SCHEDULED 
LOG (gmm-latgen-faster:DecodeUtteranceLatticeFaster():decoder-wrappers.cc:285) Log-like per frame for utterance c33c020o-head is -4.17732 over 1145 frames.
c33c020p-head THERE HAD BEEN SPECULATION THAT SUCH A MEETING WOULD BE HELD IN AN EFFORT TO STABILIZE CURRENCY RATES 
LOG (gmm-latgen-faster:DecodeUtteranceLatticeFaster():decoder-wrappers.cc:285) Log-like per frame for utterance c33c020p-head is -3.86743 over 689 frames.
c33c020q-head THE DOLLAR'S WEAKNESS AGAINST THE YEN HAS HURT JAPANESE EXPORTERS BY RAISING THE OVERSEAS COST OF THEIR GOODS 
LOG (gmm-latgen-faster:DecodeUtteranceLatticeFaster():decoder-wrappers.cc:285) Log-like per frame for utterance c33c020q-head is -4.02516 over 782 frames.
c33c020r-head THE TWO FINANCIAL SERVICES CONCERNS SAID THEY PREVIOUSLY AGREED TO END THE AGREEMENT IF THE TRANSACTION WASN'T COMPLETED BY MARCH TWENTY FOURTH NINETEEN EIGHTY SEVEN 
LOG (gmm-latgen-faster:DecodeUtteranceLatticeFaster():decoder-wrappers.cc:285) Log-like per frame for utterance c33c020r-head is -3.54274 over 1226 frames.
c33c020s-head SPOKESMAN FOR BOTH COMPANIES SAID THEY ENDED THE NEGOTIATIONS BECAUSE IT APPEARED THAT THE MERGER WOULDN'T BE COMPLETED BY THAT DATE 
LOG (gmm-latgen-faster:DecodeUtteranceLatticeFaster():decoder-wrappers.cc:285) Log-like per frame for utterance c33c020s-head is -3.62339 over 982 frames.
c33c020t-head THE FRONTIER SAVINGS IS BASED IN LAS VEGAS 
LOG (gmm-latgen-faster:DecodeUtteranceLatticeFaster():decoder-wrappers.cc:285) Log-like per frame for utterance c33c020t-head is -3.38522 over 495 frames.
c33c020u-head HOW DOES IT ALL COME OUT 
LOG (gmm-latgen-faster:DecodeUtteranceLatticeFaster():decoder-wrappers.cc:285) Log-like per frame for utterance c33c020u-head is -3.27112 over 401 frames.
c33c020v-head THE NOVEL ENDS WITH A BIG SURPRISE 
LOG (gmm-latgen-faster:DecodeUtteranceLatticeFaster():decoder-wrappers.cc:285) Log-like per frame for utterance c33c020v-head is -3.44272 over 426 frames.
c33c020w-head SO MIGHT THE NEXT FRENCH ELECTION 
LOG (gmm-latgen-faster:DecodeUtteranceLatticeFaster():decoder-wrappers.cc:285) Log-like per frame for utterance c33c020w-head is -3.39965 over 401 frames.
c33c020x-head LIMITING THE AMOUNT INJURED PEOPLE CAN RECOVER IN COURT REDUCE INSURANCE RATES 
LOG (gmm-latgen-faster:DecodeUtteranceLatticeFaster():decoder-wrappers.cc:285) Log-like per frame for utterance c33c020x-head is -3.63842 over 807 frames.
c33c020y-head SOME LEGISLATORS MAY BELIEVE THAT IT IS GOOD PUBLIC POLICY TO REDUCE SUCH RATES BY LIMITING COMPENSATION TO INJURED PEOPLE 
LOG (gmm-latgen-faster:DecodeUtteranceLatticeFaster():decoder-wrappers.cc:285) Log-like per frame for utterance c33c020y-head is -3.72295 over 995 frames.
c33c020z-head A THAT SURELY NO ONE BELIEVES THAT WE SHOULD LIMIT COMPENSATION TO INJURY VICTIMS AND GET NOTHING IN RETURN 
LOG (gmm-latgen-faster:DecodeUtteranceLatticeFaster():decoder-wrappers.cc:285) Log-like per frame for utterance c33c020z-head is -3.76547 over 889 frames.
c33c0210-head THE YET THAT'S EXACTLY WHAT TO OF THE NATION'S LARGEST INSURANCE COMPANIES SEEM TO BE SAYING JUST AS THE REFORMS THEY HAD LOBBIED FOR IN FLORIDA GO INTO EFFECT 
LOG (gmm-latgen-faster:DecodeUtteranceLatticeFaster():decoder-wrappers.cc:285) Log-like per frame for utterance c33c0210-head is -3.72556 over 1151 frames.
c33c0211-head A ANY FEDERAL EFFORT TO MANDATE ACTIONS BY MAKERS IS LIKELY TO MEET STRONG RESISTANCE 
LOG (gmm-latgen-faster:DecodeUtteranceLatticeFaster():decoder-wrappers.cc:285) Log-like per frame for utterance c33c0211-head is -3.82127 over 795 frames.
c33c0212-head THE WE DON'T SEE A NEED FOR ANY KIND OF RECALL OR REFUND PROGRAM SAYS A HONDA SPOKESMAN 
LOG (gmm-latgen-faster:DecodeUtteranceLatticeFaster():decoder-wrappers.cc:285) Log-like per frame for utterance c33c0212-head is -3.70933 over 864 frames.
c33c0213-head HE SAYS DEATH AND INJURY LEVELS PLATEAUED LAST YEAR A SIGN THAT SAFETY EDUCATION EFFORTS ARE WORKING 
LOG (gmm-latgen-faster:DecodeUtteranceLatticeFaster():decoder-wrappers.cc:285) Log-like per frame for utterance c33c0213-head is -3.7525 over 832 frames.
c33c0301-head AS A SPECIALIST IN SHIVERING MR. POSE LOSS AS A POPULAR SPEAKER IN NORTHERN MINNESOTA AND OCCASIONALLY TESTIFIES AT TRIALS 
LOG (gmm-latgen-faster:DecodeUtteranceLatticeFaster():decoder-wrappers.cc:285) Log-like per frame for utterance c33c0301-head is -3.75945 over 1007 frames.
c33c0302-head IN A CELEBRATED MURDER CASE HERE RECENTLY HE CHALLENGED THE DEFENDANT'S TALE OF SPENDING HOURS IN LAKE SUPERIOR VALIANTLY TRYING TO PUSH HIS WIFE TOWARD SHORE 
LOG (gmm-latgen-faster:DecodeUtteranceLatticeFaster():decoder-wrappers.cc:285) Log-like per frame for utterance c33c0302-head is -3.79416 over 1239 frames.
c33c0303-head THE MR. POSE US SAID THE MAN WHO WAS CONVICTED OF FAKING A BOATING ACCIDENT WOULD HAVE DIED LONG BEFORE HIS WIFE 
LOG (gmm-latgen-faster:DecodeUtteranceLatticeFaster():decoder-wrappers.cc:285) Log-like per frame for utterance c33c0303-head is -3.46039 over 1057 frames.
c33c0304-head THE DISPUTE OVER CABLE AND WIRELESS HAS FLARED INTO A MAJOR POLITICAL ISSUE FUELED IN PART BY U. S. MOVES TO IMPOSE TARIFFS ON SOME JAPANESE ELECTRONICS GOODS 
LOG (gmm-latgen-faster:DecodeUtteranceLatticeFaster():decoder-wrappers.cc:285) Log-like per frame for utterance c33c0304-head is -3.69313 over 1270 frames.
c33c0305-head SOME POLITICIANS HAVE SEIZED UPON ACCESS TO LONDON'S BURGEONING FINANCIAL MARKETS AS BRITAIN'S BEST RETALIATORY WEAPON 
LOG (gmm-latgen-faster:DecodeUtteranceLatticeFaster():decoder-wrappers.cc:285) Log-like per frame for utterance c33c0305-head is -3.58927 over 976 frames.
c33c0306-head THE BUT SOME GOVERNMENT OFFICIALS SAY THE TACTIC WOULD UNDERMINE LONDON'S WORLD ROLE AS A FINANCIAL CENTER 
LOG (gmm-latgen-faster:DecodeUtteranceLatticeFaster():decoder-wrappers.cc:285) Log-like per frame for utterance c33c0306-head is -3.47898 over 901 frames.
c33c0307-head PATIENTS WILL DIE WHO WOULD OTHERWISE LIVE LONGER 
LOG (gmm-latgen-faster:DecodeUtteranceLatticeFaster():decoder-wrappers.cc:285) Log-like per frame for utterance c33c0307-head is -3.24281 over 664 frames.
c33c0308-head MEDICAL RESEARCH HAS ALLOWED STATISTICS TO BECOME THE SUPREME JUDGE OF ITS INVENTIONS 
LOG (gmm-latgen-faster:DecodeUtteranceLatticeFaster():decoder-wrappers.cc:285) Log-like per frame for utterance c33c0308-head is -3.53388 over 782 frames.
c33c0309-head THE F. D. A IN PARTICULAR ITS BUREAU OF DRUGS UNDER ROBERT TEMPLE HAS DRIVEN THAT SYSTEM TO ITS ABSURD EXTREME 
LOG (gmm-latgen-faster:DecodeUtteranceLatticeFaster():decoder-wrappers.cc:285) Log-like per frame for utterance c33c0309-head is -3.67588 over 1070 frames.
c33c030a-head THE SYSTEM NOW SERVES ITSELF FIRST AND PEOPLE LATER 
LOG (gmm-latgen-faster:DecodeUtteranceLatticeFaster():decoder-wrappers.cc:285) Log-like per frame for utterance c33c030a-head is -2.94979 over 801 frames.
c33c030b-head DATA A SUPERSEDE THE DYING 
LOG (gmm-latgen-faster:DecodeUtteranceLatticeFaster():decoder-wrappers.cc:285) Log-like per frame for utterance c33c030b-head is -3.07604 over 620 frames.
c33c030c-head ONE OF THEM CONCERNS THE SUPREME COURT'S FAMOUS NINETEEN THIRTY SIX DECISION IN U. S. V. 
LOG (gmm-latgen-faster:DecodeUtteranceLatticeFaster():decoder-wrappers.cc:285) Log-like per frame for utterance c33c030c-head is -3.23259 over 895 frames.
c33c030d-head CURTIS WRIGHT EXPORT CORPORATION COLONEL NORTH INVOKED IT TO VINDICATE HIS ASSERTION OF SWEEPING PRESIDENTIAL AUTHORITY IN FOREIGN POLICY 
LOG (gmm-latgen-faster:DecodeUtteranceLatticeFaster():decoder-wrappers.cc:285) Log-like per frame for utterance c33c030d-head is -3.61086 over 1220 frames.
c33c030e-head IT IS A CITATION FREQUENTLY FAVORED AND CONSISTENTLY DISTORTED BY ADVOCATES OF ELASTIC EXECUTIVE POWER 
LOG (gmm-latgen-faster:DecodeUtteranceLatticeFaster():decoder-wrappers.cc:285) Log-like per frame for utterance c33c030e-head is -3.62625 over 920 frames.
c33c030f-head THE FORMER DARTMOUTH COLLEGE LINEMAN BATTLES BUSINESSES THAT WON'T ADVERTISE ON HIS NEW ORLEANS RADIO STATION BECAUSE OF ITS PRIMARILY BLACK AUDIENCE 
LOG (gmm-latgen-faster:DecodeUtteranceLatticeFaster():decoder-wrappers.cc:285) Log-like per frame for utterance c33c030f-head is -3.64469 over 1151 frames.
c33c030g-head HE WARS WITH WHITE OWNED STATIONS THAT WOULD WOO AWAY HIS LISTENERS 
LOG (gmm-latgen-faster:DecodeUtteranceLatticeFaster():decoder-wrappers.cc:285) Log-like per frame for utterance c33c030g-head is -3.32804 over 739 frames.
c33c030h-head THE PEOPLE HE PUSHES DON'T LIKE IT MUCH BUT THAT DOESN'T STOP MR. HUTCHINSON 
LOG (gmm-latgen-faster:DecodeUtteranceLatticeFaster():decoder-wrappers.cc:285) Log-like per frame for utterance c33c030h-head is -3.50642 over 770 frames.
c33c030i-head I DON'T KNOW OF MUCH PROGRESS WITHOUT CONFRONTATION THE BURLY THIRTY NINE YEAR OLD SAYS 
LOG (gmm-latgen-faster:DecodeUtteranceLatticeFaster():decoder-wrappers.cc:285) Log-like per frame for utterance c33c030i-head is -3.49886 over 795 frames.
c33c030j-head AT THE TIME OF THE INDICTMENT PROSECUTORS FAULTED O. S. H. A FOR FAILING TO FOLLOW THROUGH ON ALLEGED SAFETY PROBLEMS AFTER BEING TOLD OF THE PYMM WORKROOM 
LOG (gmm-latgen-faster:DecodeUtteranceLatticeFaster():decoder-wrappers.cc:285) Log-like per frame for utterance c33c030j-head is -3.63647 over 1226 frames.
c33c030k-head AFTER NEW YORK STATE OFFICIALS BEGAN INVESTIGATING THE COMPANY IN FEBRUARY O. S. H. A. CITED PYMM FOR ALLEGED VIOLATIONS OF FEDERAL SAFETY STANDARDS 
LOG (gmm-latgen-faster:DecodeUtteranceLatticeFaster():decoder-wrappers.cc:285) Log-like per frame for utterance c33c030k-head is -3.49445 over 1345 frames.
c33c030l-head OH S. H. A. OFFICIALS LATER ACKNOWLEDGED THE PYMM CASE HAD BEEN MISHANDLED 
LOG (gmm-latgen-faster:DecodeUtteranceLatticeFaster():decoder-wrappers.cc:285) Log-like per frame for utterance c33c030l-head is -3.32543 over 770 frames.
c33c030m-head A THE PROFESSOR SAYS HE HAS ALSO FOUND THAT FINANCIAL RISK TAKERS TEND TO BELIEVE IN GOD MORE THAN THE MEEK INVESTOR DOES 
LOG (gmm-latgen-faster:DecodeUtteranceLatticeFaster():decoder-wrappers.cc:285) Log-like per frame for utterance c33c030m-head is -3.44652 over 1089 frames.
c33c030n-head EVEN WHEN THE RELIGIOUSLY INCLINED MAKE AN INVESTMENT MISTAKE HE SAYS THEY BOUNCE BACK 
LOG (gmm-latgen-faster:DecodeUtteranceLatticeFaster():decoder-wrappers.cc:285) Log-like per frame for utterance c33c030n-head is -3.16822 over 1001 frames.
c33c030o-head THEY HAVE A SENSE THEY'VE GOT GOD ON THEIR SIDE 
LOG (gmm-latgen-faster:DecodeUtteranceLatticeFaster():decoder-wrappers.cc:285) Log-like per frame for utterance c33c030o-head is -2.88099 over 682 frames.
c33c030p-head UNHAMPERED BY GLASS STEAGALL THE BANK BOARD SAID IT WOULD ALLOW STATEMENT SECURITIES AND THRIFT BUSINESSES TO MARKET EACH OTHER'S PRODUCTS 
LOG (gmm-latgen-faster:DecodeUtteranceLatticeFaster():decoder-wrappers.cc:285) Log-like per frame for utterance c33c030p-head is -3.66219 over 1139 frames.
c33c030q-head IT IMPOSED TEMPORARY SAFEGUARDS ON CERTAIN TRANSACTIONS FOR SIX MONTHS BETWEEN THE TWO ACTIVITIES WHILE IT CONSIDERS WHAT LONG TERM RESTRICTIONS ARE NEEDED 
LOG (gmm-latgen-faster:DecodeUtteranceLatticeFaster():decoder-wrappers.cc:285) Log-like per frame for utterance c33c030q-head is -3.66626 over 1376 frames.
c33c030r-head KNOWS CO IN SAID THE TEMPORARY RESTRICTIONS INCLUDED A BAR AGAINST THE SECURITIES FIRM PASSING ON INSIDE INFORMATION ABOUT SECURITIES DEALS BUT SHE LACKED FURTHER DETAILS 
LOG (gmm-latgen-faster:DecodeUtteranceLatticeFaster():decoder-wrappers.cc:285) Log-like per frame for utterance c33c030r-head is -3.58134 over 1370 frames.
c33c030s-head SOFT HER SAID THAT IT HAD RECEIVED WHAT IT CALLED BOATMEN'S OFFER FOR A FRIENDLY MERGER AND WAS EVALUATING THE PROPOSAL WITH ITS FINANCIAL ADVISERS 
LOG (gmm-latgen-faster:DecodeUtteranceLatticeFaster():decoder-wrappers.cc:285) Log-like per frame for utterance c33c030s-head is -3.5008 over 1332 frames.
c33c030t-head PENDING SUCH EVALUATION AND CLARIFICATION SOME FARE IS ACTIVELY PURSUING THE CONSOLIDATION WITH MERCANTILE SANTA SAID 
LOG (gmm-latgen-faster:DecodeUtteranceLatticeFaster():decoder-wrappers.cc:285) Log-like per frame for utterance c33c030t-head is -3.41228 over 1145 frames.
c33c030u-head TO THE COMPANY ADDED THAT SOLD TER SHAREHOLDERS SHOULD NOT ASSUME THAT THE CONSOLIDATION WITH MERCANTILE WILL NOT OCCUR 
LOG (gmm-latgen-faster:DecodeUtteranceLatticeFaster():decoder-wrappers.cc:285) Log-like per frame for utterance c33c030u-head is -3.55323 over 1151 frames.
c33c030v-head THE MANAGEMENT GROUP ALREADY OWNS ABOUT TWENTY PERCENT OF OUTLET AN OUTLET SPOKESMAN SAID 
LOG (gmm-latgen-faster:DecodeUtteranceLatticeFaster():decoder-wrappers.cc:285) Log-like per frame for utterance c33c030v-head is -3.674 over 857 frames.
c33c030w-head THE GROUP LAST DECEMBER SIGNED AN AGREEMENT GIVING IT THE RIGHT TO PURCHASE THE COMPANIES STAKES IN OUTLET FOR TWENTY TWO DOLLARS AND FIFTY CENTS A SHARE 
LOG (gmm-latgen-faster:DecodeUtteranceLatticeFaster():decoder-wrappers.cc:285) Log-like per frame for utterance c33c030w-head is -3.78299 over 1126 frames.
c33c030x-head IT IS NOW MAKING AN OFFICIAL OFFER FOR THE SHARES 
LOG (gmm-latgen-faster:DecodeUtteranceLatticeFaster():decoder-wrappers.cc:285) Log-like per frame for utterance c33c030x-head is -3.13175 over 626 frames.
c33c030y-head ON THE SPENDING SIDE CONSUMPTION PROBABLY INCREASED AGAIN IN JULY HELPED ALONG ONCE MORE BY CAR AND LIGHT TRUCK SALES 
LOG (gmm-latgen-faster:DecodeUtteranceLatticeFaster():decoder-wrappers.cc:285) Log-like per frame for utterance c33c030y-head is -3.60374 over 1120 frames.
c33c030z-head THE ECONOMISTS EXPECT THE GOVERNMENT TO REPORT THAT JULY CONSUMER SPENDING ROSE ABOUT ZERO POINT SIX PERCENT 
LOG (gmm-latgen-faster:DecodeUtteranceLatticeFaster():decoder-wrappers.cc:285) Log-like per frame for utterance c33c030z-head is -3.58223 over 957 frames.
c33c0310-head IN JUNE PERSONAL CONSUMPTION ROSE ONE POINT OH PERCENT 
LOG (gmm-latgen-faster:DecodeUtteranceLatticeFaster():decoder-wrappers.cc:285) Log-like per frame for utterance c33c0310-head is -3.22084 over 714 frames.
c33c0311-head SOME ANALYSTS SAY THE SLOWDOWN COULD LEAD TO ANOTHER ROUND OF COST CUTTING AMONG A NUMBER OF MAKERS OF STANDARD CHIPS WHERE FACTORIES ARE RUNNING FAR BELOW CAPACITY 
LOG (gmm-latgen-faster:DecodeUtteranceLatticeFaster():decoder-wrappers.cc:285) Log-like per frame for utterance c33c0311-head is -3.71827 over 1220 frames.
c33c0312-head NATIONAL'S PLANTS WILL BE PRODUCING AT SIXTY FIVE PERCENT TO SEVENTY PERCENT OF CAPACITY EVEN AFTER SEVERAL FACTORIES ARE SHUTTERED THIS YEAR 
LOG (gmm-latgen-faster:DecodeUtteranceLatticeFaster():decoder-wrappers.cc:285) Log-like per frame for utterance c33c0312-head is -3.47978 over 1214 frames.
c33c0313-head THE AT L. S. I. LOGIC CORPORATION OVERCAPACITY IS THE ONLY THING BETWEEN US AND PROFITABILITY SAYS GEORGE D. WELLS PRESIDENT AND CHIEF OPERATING OFFICER 
LOG (gmm-latgen-faster:DecodeUtteranceLatticeFaster():decoder-wrappers.cc:285) Log-like per frame for utterance c33c0313-head is -3.69306 over 1495 frames.
c33c0314-head N. M. S. SURVEYED ECONOMISTS ON PRODUCER PRICES BOTH BEFORE NOW AFTER FRIDAY'S EMPLOYMENT REPORT WITH ONLY MARGINALLY DIFFERENT RESULTS 
LOG (gmm-latgen-faster:DecodeUtteranceLatticeFaster():decoder-wrappers.cc:285) Log-like per frame for utterance c33c0314-head is -3.4649 over 1157 frames.
c33c0315-head A THE RANGE OF ESTIMATES ON THE FIRST SURVEY RAN FROM A DECLINE OF ZERO POINT TWO PERCENT TO AN INCREASE OF ZERO POINT FOUR PERCENT 
LOG (gmm-latgen-faster:DecodeUtteranceLatticeFaster():decoder-wrappers.cc:285) Log-like per frame for utterance c33c0315-head is -3.35642 over 1120 frames.
c33c0316-head AFTER THE JOBS REPORT THE POLL RANGED FROM A DECLINE OF ZERO POINT THREE PERCENT TO AN INCREASE OF ZERO POINT THREE PERCENT 
LOG (gmm-latgen-faster:DecodeUtteranceLatticeFaster():decoder-wrappers.cc:285) Log-like per frame for utterance c33c0316-head is -3.4215 over 1076 frames.
c37a0101-head A 
LOG (gmm-latgen-faster:DecodeUtteranceLatticeFaster():decoder-wrappers.cc:285) Log-like per frame for utterance c37a0101-head is -2.5672 over 298 frames.
c37a0102-head THE SHE HAD YOUR DARK SUIT IN GREASY WASH WATER ALL YEAR !NOISE 
LOG (gmm-latgen-faster:DecodeUtteranceLatticeFaster():decoder-wrappers.cc:285) Log-like per frame for utterance c37a0102-head is -3.56592 over 714 frames.
c37a0103-head A DON'T ASK ME TO CARRY AN OILY RAG LIKE THAT 
LOG (gmm-latgen-faster:DecodeUtteranceLatticeFaster():decoder-wrappers.cc:285) Log-like per frame for utterance c37a0103-head is -3.31932 over 545 frames.
c37a0104-head OF THE FEMALE PRODUCES A LITTER OF TWO TO FOUR YOUNG IN NOVEMBER AND DECEMBER 
LOG (gmm-latgen-faster:DecodeUtteranceLatticeFaster():decoder-wrappers.cc:285) Log-like per frame for utterance c37a0104-head is -3.46433 over 732 frames.
c37a0105-head NUMEROUS WORKS OF ART ARE BASED ON THE STORY OF THE SACRIFICE OF ISAAC 
LOG (gmm-latgen-faster:DecodeUtteranceLatticeFaster():decoder-wrappers.cc:285) Log-like per frame for utterance c37a0105-head is -3.39038 over 795 frames.
c37a0106-head THEIR SOLUTION REQUIRES DEVELOPMENT OF THE HUMAN CAPACITY FOR SOCIAL INTEREST 
LOG (gmm-latgen-faster:DecodeUtteranceLatticeFaster():decoder-wrappers.cc:285) Log-like per frame for utterance c37a0106-head is -3.85091 over 682 frames.
c37a0107-head THAT HIS MOST SIGNIFICANT SCIENTIFIC PUBLICATIONS WERE STUDIES OF BIRDS AND ANIMALS 
LOG (gmm-latgen-faster:DecodeUtteranceLatticeFaster():decoder-wrappers.cc:285) Log-like per frame for utterance c37a0107-head is -3.8451 over 695 frames.
c37a0108-head IN RECENT YEARS SHE HAS PRIMARILY APPEARED IN TELEVISION FILMS SUCH AS LITTLE GLORIA 
LOG (gmm-latgen-faster:DecodeUtteranceLatticeFaster():decoder-wrappers.cc:285) Log-like per frame for utterance c37a0108-head is -3.84198 over 751 frames.
c37a0109-head OF THE PROCESS BY WHICH THE LENS FOCUSES ON EXTERNAL OBJECTS IS CALLED ACCOMMODATION 
LOG (gmm-latgen-faster:DecodeUtteranceLatticeFaster():decoder-wrappers.cc:285) Log-like per frame for utterance c37a0109-head is -3.75457 over 789 frames.
c37a010a-head THE TWO NARROW GAUGE RAILROADS FROM CHINA ENTER THE CITY FROM THE NORTHEAST AND NORTHWEST 
LOG (gmm-latgen-faster:DecodeUtteranceLatticeFaster():decoder-wrappers.cc:285) Log-like per frame for utterance c37a010a-head is -3.76362 over 864 frames.
c37a010b-head SOME MAPS USE BANDS OF COLOR TO INDICATE DIFFERENT INTERVALS OF VALUE 
LOG (gmm-latgen-faster:DecodeUtteranceLatticeFaster():decoder-wrappers.cc:285) Log-like per frame for utterance c37a010b-head is -3.81103 over 701 frames.
c37a010c-head ORIGINS OR CAUSES OF SPONTANEOUS MUTATION ARE NOT YET COMPLETELY CLEAR 
LOG (gmm-latgen-faster:DecodeUtteranceLatticeFaster():decoder-wrappers.cc:285) Log-like per frame for utterance c37a010c-head is -3.95771 over 714 frames.
c37a010d-head UNUSUALLY HIGH LEVELS OF RADIATION WERE DETECTED IN MANY EUROPEAN COUNTRIES 
LOG (gmm-latgen-faster:DecodeUtteranceLatticeFaster():decoder-wrappers.cc:285) Log-like per frame for utterance c37a010d-head is -3.63461 over 701 frames.
c37a010e-head BOTH PETROLEUM AND NATURAL GAS DEPOSITS ARE SCATTERED THROUGH EASTERN OHIO 
LOG (gmm-latgen-faster:DecodeUtteranceLatticeFaster():decoder-wrappers.cc:285) Log-like per frame for utterance c37a010e-head is -3.72021 over 701 frames.
c37a010f-head OF FOR THE FIRST TIME IN YEARS THE REPUBLICANS ALSO CAPTURED BOTH HOUSES OF CONGRESS 
LOG (gmm-latgen-faster:DecodeUtteranceLatticeFaster():decoder-wrappers.cc:285) Log-like per frame for utterance c37a010f-head is -3.70365 over 701 frames.
c37a010g-head THE SOUTH CAROLINA EDUCATIONAL RADIO NETWORK HAS WON NATIONAL BROADCASTING AWARDS 
LOG (gmm-latgen-faster:DecodeUtteranceLatticeFaster():decoder-wrappers.cc:285) Log-like per frame for utterance c37a010g-head is -3.76584 over 757 frames.
c37a010h-head FOR THE ATTACK KOREA IS A SHIP DESIGNED TO CARRY LARGE VOLUMES OF OIL OR OTHER LIQUID CARGO 
LOG (gmm-latgen-faster:DecodeUtteranceLatticeFaster():decoder-wrappers.cc:285) Log-like per frame for utterance c37a010h-head is -4.07154 over 682 frames.
c37a010i-head TO THE ENORMOUS AMOUNTS OF CARBON DIOXIDE IN THE ATMOSPHERE CAUSE THIS HIGH PRESSURE 
LOG (gmm-latgen-faster:DecodeUtteranceLatticeFaster():decoder-wrappers.cc:285) Log-like per frame for utterance c37a010i-head is -3.90589 over 589 frames.
c37c0201-head THE IF APPROVED BY THE CREDITED DEPARTMENT AND CONGRESS THE OPTION INITIALLY WOULD PROBABLY BE LIMITED INCOME TAXES PAID ANNUALLY 
LOG (gmm-latgen-faster:DecodeUtteranceLatticeFaster():decoder-wrappers.cc:285) Log-like per frame for utterance c37c0201-head is -4.11461 over 1001 frames.
c37c0202-head I. R. S. OFFICIALS HOWEVER A SAY THEY WOULD LIKE TO SEE IT AVAILABLE FOR QUARTERLY ESTIMATED TAX PAYMENTS TO THE 
LOG (gmm-latgen-faster:DecodeUtteranceLatticeFaster():decoder-wrappers.cc:285) Log-like per frame for utterance c37c0202-head is -3.68967 over 951 frames.
c37c0203-head IF AUTHORIZE THE I. R. S. COULD START PHASING IN SUCH PAYMENTS IN THE NEXT YEAR OR TWO 
LOG (gmm-latgen-faster:DecodeUtteranceLatticeFaster():decoder-wrappers.cc:285) Log-like per frame for utterance c37c0203-head is -3.70579 over 745 frames.
c37c0204-head THE TAXPAYERS THE CHIEF ADVANTAGE OF PAYING BY THEIR CREDIT CARDS WOULD BE EXTRA TIME TO PAY 
LOG (gmm-latgen-faster:DecodeUtteranceLatticeFaster():decoder-wrappers.cc:285) Log-like per frame for utterance c37c0204-head is -4.16522 over 807 frames.
c37c0205-head THE PATENTS CHARGED THE SLATE IS APRIL FIFTEENTH WOULD MEET THE I. R. S. DEADLINE 
LOG (gmm-latgen-faster:DecodeUtteranceLatticeFaster():decoder-wrappers.cc:285) Log-like per frame for utterance c37c0205-head is -3.82938 over 732 frames.
c37c0206-head THE CONCEAL IS GENERALLY WOULD HAVE ANOTHER MONTH UNTIL CREDIT CARD BILLS CAME DUE CONSIDERABLY BOARD TIME IF THEY WILLING TO PAY INTEREST 
LOG (gmm-latgen-faster:DecodeUtteranceLatticeFaster():decoder-wrappers.cc:285) Log-like per frame for utterance c37c0206-head is -4.22718 over 1089 frames.
c37c0207-head THE <UNK> S. LONG CAN'T FIND WORK OF THE PROGRAM WON'T HELP POWER 
LOG (gmm-latgen-faster:DecodeUtteranceLatticeFaster():decoder-wrappers.cc:285) Log-like per frame for utterance c37c0207-head is -3.642 over 695 frames.
c37c0208-head THE FOR BECAUSE THE GOVERNMENT HAS ALREADY TRAINED HER ONCE EIGHT YEARS AGO TO BE A TRUCK DRIVER THE LOCAL PROGRAM HAS REJECTED HER THE 
LOG (gmm-latgen-faster:DecodeUtteranceLatticeFaster():decoder-wrappers.cc:285) Log-like per frame for utterance c37c0208-head is -4.23384 over 951 frames.
c37c0209-head A LAST JOB ENDED IN SEPTEMBER AND FORTY ONE YEAR OLD SINGLE MOTHER HAS APPLIED FOR DOZENS OF JOBS SINCE 
LOG (gmm-latgen-faster:DecodeUtteranceLatticeFaster():decoder-wrappers.cc:285) Log-like per frame for utterance c37c0209-head is -4.09886 over 895 frames.
c37c020a-head SHE HAS SOUGHT TO DRIVE A TRUCK BECAUSE SHE HASN'T DRIVEN ONE IN FIVE YEARS AND FEELS SHE IS NO LONGER QUALIFIED 
LOG (gmm-latgen-faster:DecodeUtteranceLatticeFaster():decoder-wrappers.cc:285) Log-like per frame for utterance c37c020a-head is -4.51119 over 701 frames.
c37c020b-head JUST A FOR CHRISTMAS SHE FINALLY APPLIED FOR WELFARE 
LOG (gmm-latgen-faster:DecodeUtteranceLatticeFaster():decoder-wrappers.cc:285) Log-like per frame for utterance c37c020b-head is -3.69968 over 557 frames.
c37c020c-head FIGURES SHE INSISTS I DON'T NOT AGO ONE WELFARE 
LOG (gmm-latgen-faster:DecodeUtteranceLatticeFaster():decoder-wrappers.cc:285) Log-like per frame for utterance c37c020c-head is -3.48513 over 632 frames.
c37c020d-head AT THE GOOD WORKER 
LOG (gmm-latgen-faster:DecodeUtteranceLatticeFaster():decoder-wrappers.cc:285) Log-like per frame for utterance c37c020d-head is -3.19306 over 439 frames.
c37c020e-head I WANT A JOB 
LOG (gmm-latgen-faster:DecodeUtteranceLatticeFaster():decoder-wrappers.cc:285) Log-like per frame for utterance c37c020e-head is -2.8671 over 320 frames.
c37c020f-head THE CUT IF SAID SHAREHOLDERS ALSO APPROVED A PROPOSAL TO ISSUE ONE SHARE OF THE NEW CLASS B. COMMON STOCK FOR EACH SHARE OF COMMON OUTSTANDING A 
LOG (gmm-latgen-faster:DecodeUtteranceLatticeFaster():decoder-wrappers.cc:285) Log-like per frame for utterance c37c020f-head is -4.08222 over 1207 frames.
c37c020g-head OF THE CLASS B. SHARES WILL HAVE TEN VOTES EACH WHILE THE EXISTING COMMON SHARES WILL CONTINUE TO HAVE ONE VOTE EACH 
LOG (gmm-latgen-faster:DecodeUtteranceLatticeFaster():decoder-wrappers.cc:285) Log-like per frame for utterance c37c020g-head is -3.9148 over 845 frames.
c37c020h-head THE SPOKESMAN SAID THE COMPANY IS THAT THE OBJECT OF A TAKEOVER EFFORT 
LOG (gmm-latgen-faster:DecodeUtteranceLatticeFaster():decoder-wrappers.cc:285) Log-like per frame for utterance c37c020h-head is -3.84882 over 614 frames.
c37c020i-head THE SUCH A CHARGE HAD BEEN EXPECTED 
LOG (gmm-latgen-faster:DecodeUtteranceLatticeFaster():decoder-wrappers.cc:285) Log-like per frame for utterance c37c020i-head is -3.8118 over 376 frames.
c37c020j-head NEW YORK STATE ELECTRIC SAID THE EXPENSE WILL END ITS NINE YEAR STRING OF DIVIDEND INCREASES 
LOG (gmm-latgen-faster:DecodeUtteranceLatticeFaster():decoder-wrappers.cc:285) Log-like per frame for utterance c37c020j-head is -4.04763 over 720 frames.
c37c020k-head THE COMPANY SAID IT IS HOPEFUL BUT NOT CERTAIN THAT THE DIVIDEND WON'T BE LOWERED FROM THE CURRENT SIXTY SIX CENTS QUARTERLY 
LOG (gmm-latgen-faster:DecodeUtteranceLatticeFaster():decoder-wrappers.cc:285) Log-like per frame for utterance c37c020k-head is -4.08892 over 851 frames.
c37c020l-head THE EXPENSES FROM THE DELAYED NINE MILE POINT TWO NUCLEAR PLANT ACCOUNTED FOR TWO HUNDRED SIXTY NINE MILLION DOLLARS OF THE WRITE OFF 
LOG (gmm-latgen-faster:DecodeUtteranceLatticeFaster():decoder-wrappers.cc:285) Log-like per frame for utterance c37c020l-head is -3.96657 over 1139 frames.
c37c020m-head REGULATORS AREN'T ALLOWING THE UTILITY AN EIGHTEEN PERCENT OVER OF THE PROJECT TO PASS THAT ALONG CUSTOMERS 
LOG (gmm-latgen-faster:DecodeUtteranceLatticeFaster():decoder-wrappers.cc:285) Log-like per frame for utterance c37c020m-head is -4.12075 over 764 frames.
c37c020n-head TO THE FOR OTHER UTILITY COMPANY OWNERS WILL ALSO HAVE TO TAKE WRITE OFFS 
LOG (gmm-latgen-faster:DecodeUtteranceLatticeFaster():decoder-wrappers.cc:285) Log-like per frame for utterance c37c020n-head is -3.71584 over 601 frames.
c37c020o-head BUT THOSE CHARGES AREN'T REQUIRED TO BE MADE INTO THE NINETEEN EIGHTY EIGHT FIRST QUARTER OR UNDER CERTAIN CIRCUMSTANCES EVEN LATER THE 
LOG (gmm-latgen-faster:DecodeUtteranceLatticeFaster():decoder-wrappers.cc:285) Log-like per frame for utterance c37c020o-head is -3.86171 over 1026 frames.
c37c020p-head THE CANNOT HAS SAID THE NEW FARES ARE DESIGNED TO APPEAL TO BUSINESS TRAVELERS SINCE THEY DON'T REQUIRE THAT TRAVEL BE EXTENDED OVER A WEEKEND 
LOG (gmm-latgen-faster:DecodeUtteranceLatticeFaster():decoder-wrappers.cc:285) Log-like per frame for utterance c37c020p-head is -4.12714 over 964 frames.
c37c020q-head IT ADDED THAT THE FARES ARE LIMITED BUT THAT SOME SEATS A BE OFFERED AT THESE PRICES ON EVERY FLIGHT 
LOG (gmm-latgen-faster:DecodeUtteranceLatticeFaster():decoder-wrappers.cc:285) Log-like per frame for utterance c37c020q-head is -3.70352 over 901 frames.
c37c020r-head MORE LOWER PRICED SEATS WILL BE AVAILABLE ON FLIGHTS WITH LESS DOUBLE ARMED 
LOG (gmm-latgen-faster:DecodeUtteranceLatticeFaster():decoder-wrappers.cc:285) Log-like per frame for utterance c37c020r-head is -3.48237 over 657 frames.
c37c020s-head AMERICAN FARMERS ALSO STEPPED UP PRODUCTION AS SOON AS THE PROGRAM EXPIRED AND WORLD CROP PRICES SANK 
LOG (gmm-latgen-faster:DecodeUtteranceLatticeFaster():decoder-wrappers.cc:285) Log-like per frame for utterance c37c020s-head is -3.97077 over 857 frames.
c37c020t-head THE DECLINES HELPED DRIVE UP THE COST OF U. S. PRICE SUPPORT PROGRAMS RICHARD ASSIGNED BRIDGE A GAP BETWEEN MARKET PRICES AND TARGET PRICES 
LOG (gmm-latgen-faster:DecodeUtteranceLatticeFaster():decoder-wrappers.cc:285) Log-like per frame for utterance c37c020t-head is -4.04251 over 926 frames.
c37c020u-head IN FISCAL NINETEEN EIGHTY SIX FARM PROGRAMS COST WASHINGTON TWENTY FIVE POINT EIGHT BILLION DOLLARS UP NEARLY TENFOLD FROM NINETEEN EIGHTY 
LOG (gmm-latgen-faster:DecodeUtteranceLatticeFaster():decoder-wrappers.cc:285) Log-like per frame for utterance c37c020u-head is -3.9111 over 1351 frames.
c37c020v-head THE KEY REAFFIRMED THAT THERE ARE NO QUICK AND EASY ANSWERS TO THE ACID RAIN PROBLEM 
LOG (gmm-latgen-faster:DecodeUtteranceLatticeFaster():decoder-wrappers.cc:285) Log-like per frame for utterance c37c020v-head is -3.99338 over 726 frames.
c37c020w-head DID THE WORKING TOGETHER WE HAVE MADE AN IMPORTANT START HE SAID 
LOG (gmm-latgen-faster:DecodeUtteranceLatticeFaster():decoder-wrappers.cc:285) Log-like per frame for utterance c37c020w-head is -3.86567 over 551 frames.
c37c020x-head A LETTER ASSURE YOU THAT YOUR CONCERNS THE ON MY CONCERNS 
LOG (gmm-latgen-faster:DecodeUtteranceLatticeFaster():decoder-wrappers.cc:285) Log-like per frame for utterance c37c020x-head is -3.96855 over 539 frames.
c37c020y-head CAESARS PROPOSED TO PAY HOLDERS A ONE TIME TWENTY FIVE DOLLAR A SHARE CASH DIVIDEND AND INCUR ABOUT ONE BILLION DOLLARS OF NEW DEBT 
LOG (gmm-latgen-faster:DecodeUtteranceLatticeFaster():decoder-wrappers.cc:285) Log-like per frame for utterance c37c020y-head is -4.05727 over 989 frames.
c37c020z-head A HELD AT RETAIN EQUITY IN A MORE HIGHLY LEVERAGED CAESARS A LOS ANGELES BASED OWNER OF CASINO HOTELS THE 
LOG (gmm-latgen-faster:DecodeUtteranceLatticeFaster():decoder-wrappers.cc:285) Log-like per frame for utterance c37c020z-head is -3.82504 over 1089 frames.
c37c0210-head ANALYSTS AND INVESTMENT BANKERS PLACED THE VALUE OF THE EQUITY AT BETWEEN SIX DOLLARS AND SEVEN DOLLARS A SHARE THE 
LOG (gmm-latgen-faster:DecodeUtteranceLatticeFaster():decoder-wrappers.cc:285) Log-like per frame for utterance c37c0210-head is -4.05963 over 789 frames.
c37c0211-head THE SHARE <UNK> ALSO MEAN A LOT OF THE SON WHO NOW COMES THE BANK AMONG HIS CLIENTS 
LOG (gmm-latgen-faster:DecodeUtteranceLatticeFaster():decoder-wrappers.cc:285) Log-like per frame for utterance c37c0211-head is -4.07823 over 664 frames.
c37c0212-head ITS OF THE AREA SPECIAL FEELING HE SAYS 
LOG (gmm-latgen-faster:DecodeUtteranceLatticeFaster():decoder-wrappers.cc:285) Log-like per frame for utterance c37c0212-head is -3.74739 over 407 frames.
c37c0213-head <UNK> A NICE LINK WITH THE PAST 
LOG (gmm-latgen-faster:DecodeUtteranceLatticeFaster():decoder-wrappers.cc:285) Log-like per frame for utterance c37c0213-head is -3.87465 over 382 frames.
c37c0301-head THE <UNK> FASHION SEEMS TO BE TO PREDICT MAN MADE ECOLOGICAL DISASTERS WITH THE DESTRUCTION OF TROPICAL FORESTS AS FAR THE FRONT RUNNERS 
LOG (gmm-latgen-faster:DecodeUtteranceLatticeFaster():decoder-wrappers.cc:285) Log-like per frame for utterance c37c0301-head is -4.16201 over 964 frames.
c37c0302-head ALTHOUGH SURROUNDED BY CONSIDERABLE UNCERTAINTY SOME OF THESE POTENTIAL DISASTERS HAVE A SOUND PHYSICAL BASIS INDEED TO BE DISCUSSED SERIOUSLY 
LOG (gmm-latgen-faster:DecodeUtteranceLatticeFaster():decoder-wrappers.cc:285) Log-like per frame for utterance c37c0302-head is -4.13682 over 1026 frames.
c37c0303-head IN ADDITION TO DEFORESTATION EXAMPLES ARE 
LOG (gmm-latgen-faster:DecodeUtteranceLatticeFaster():decoder-wrappers.cc:285) Log-like per frame for utterance c37c0303-head is -4.03578 over 401 frames.
c37c0304-head <UNK> U. S. AIR HAS DEMANDED THAT P. S. A.'S UNIONS AGREE TO CHANGE CERTAIN PROVISIONS OF EXISTING CONTRACTS THAT RELATE TO MERGERS OR ACQUISITIONS 
LOG (gmm-latgen-faster:DecodeUtteranceLatticeFaster():decoder-wrappers.cc:285) Log-like per frame for utterance c37c0304-head is -3.99107 over 1207 frames.
c37c0305-head THE AT P. S. GROUP SPOKESMAN DECLINED TO SAY EXACTLY WHAT THE PROVISIONS ARE 
LOG (gmm-latgen-faster:DecodeUtteranceLatticeFaster():decoder-wrappers.cc:285) Log-like per frame for utterance c37c0305-head is -4.15034 over 714 frames.
c37c0306-head THE HE SAID HOWEVER THAT THEY CONCERN THE RIGHTS OF THE UNION ORGANIZATIONS AND DON'T AFFECT EMPLOYEE COMPENSATION OR BENEFITS 
LOG (gmm-latgen-faster:DecodeUtteranceLatticeFaster():decoder-wrappers.cc:285) Log-like per frame for utterance c37c0306-head is -4.02188 over 889 frames.
c37c0307-head THE WAR OVER A GREYHOUND AS TAKEN SOME TROUBLING STUMBLES IN THE DAY TO DAY MANAGEMENT OF ITS OPERATIONS 
LOG (gmm-latgen-faster:DecodeUtteranceLatticeFaster():decoder-wrappers.cc:285) Log-like per frame for utterance c37c0307-head is -3.93981 over 745 frames.
c37c0308-head LAST YEAR FOR INSTANCE PROFIT PLUMMETED AT THE PUREX UNIT THAT AS A RESULT OF MAJOR MARKETING MISCALCULATIONS 
LOG (gmm-latgen-faster:DecodeUtteranceLatticeFaster():decoder-wrappers.cc:285) Log-like per frame for utterance c37c0308-head is -4.02629 over 926 frames.
c37c0309-head THE TWO MAJOR ALLEGED FRAUDS HAVE CROPPED UP OF THE COMPANY'S LEASING OPERATIONS 
LOG (gmm-latgen-faster:DecodeUtteranceLatticeFaster():decoder-wrappers.cc:285) Log-like per frame for utterance c37c0309-head is -3.74216 over 626 frames.
c37c030a-head EVEN FORMED SERVICE OPERATORS WHICH MR. TEETS KNOWS WELL HAVE BEEN HURT BADLY BY A THE AN EVEN THE ECONOMIC RECOVERY 
LOG (gmm-latgen-faster:DecodeUtteranceLatticeFaster():decoder-wrappers.cc:285) Log-like per frame for utterance c37c030a-head is -4.01119 over 876 frames.
c37c030b-head IS IN OFFICE THE YEARS THAT AMERICANS SAVE FAR TOO LITTLE 
LOG (gmm-latgen-faster:DecodeUtteranceLatticeFaster():decoder-wrappers.cc:285) Log-like per frame for utterance c37c030b-head is -3.79919 over 489 frames.
c37c030c-head EVER SINCE THE NEW DEAL WE'VE BECOME MORE MORE NATION OF CONSUMERS 
LOG (gmm-latgen-faster:DecodeUtteranceLatticeFaster():decoder-wrappers.cc:285) Log-like per frame for utterance c37c030c-head is -3.60877 over 601 frames.
c37c030d-head BUT THUS NO SUCH THING AS A FREE LUNCH WHAT WE SPEND NOW IS BORROWED FOR THE NEXT GENERATION 
LOG (gmm-latgen-faster:DecodeUtteranceLatticeFaster():decoder-wrappers.cc:285) Log-like per frame for utterance c37c030d-head is -4.03173 over 757 frames.
c37c030e-head THE MISSED THE ABOVE SAID HE DIDN'T ACCEPT THE POSITIONED IT IS EFFECTIVE AUGUST THE FIRST MERELY TO BE A BIG BANK CHIEF EXECUTIVE 
LOG (gmm-latgen-faster:DecodeUtteranceLatticeFaster():decoder-wrappers.cc:285) Log-like per frame for utterance c37c030e-head is -3.89257 over 1076 frames.
c37c030f-head I'M NOT LOOKING FOR POWER 
LOG (gmm-latgen-faster:DecodeUtteranceLatticeFaster():decoder-wrappers.cc:285) Log-like per frame for utterance c37c030f-head is -3.00935 over 351 frames.
c37c030g-head I HAVE ALL THE AUTHORITY AN NEEDED CITY CORE HE SAID NOTICING THAT THE INVESTMENT BANKING OPERATION HE HEADED THERE IS ITSELF BIGGER THAN CONTINENTAL 
LOG (gmm-latgen-faster:DecodeUtteranceLatticeFaster():decoder-wrappers.cc:285) Log-like per frame for utterance c37c030g-head is -3.98171 over 1139 frames.
c37c030h-head DEATH IS THE KEY WORD SAID ONE INDIVIDUAL FAMILIAR WITH I. C. N. 
LOG (gmm-latgen-faster:DecodeUtteranceLatticeFaster():decoder-wrappers.cc:285) Log-like per frame for utterance c37c030h-head is -3.40214 over 670 frames.
c37c030i-head THE THE SOME KEY SHARES SINCE AND VERY AGED HANDS AND THE FATE OF THIS COMPANY HINGES ON THE SHARES 
LOG (gmm-latgen-faster:DecodeUtteranceLatticeFaster():decoder-wrappers.cc:285) Log-like per frame for utterance c37c030i-head is -3.87803 over 770 frames.
c37c030j-head I <UNK> ANYONE COULD BUY THEM TODAY BUT THINGS CHANGE WHEN PEOPLE DIE 
LOG (gmm-latgen-faster:DecodeUtteranceLatticeFaster():decoder-wrappers.cc:285) Log-like per frame for utterance c37c030j-head is -4.06754 over 695 frames.
c37c030k-head AND MASTER OFFICIALS SAID THE DESTRUCTION WEDNESDAY OF A ROCKET FUEL PLANT IN SOUTHERN NEVADA THREATENED U. S. PLANS TO REBUILD ITS SPACE SHUTTLE PROGRAM 
LOG (gmm-latgen-faster:DecodeUtteranceLatticeFaster():decoder-wrappers.cc:285) Log-like per frame for utterance c37c030k-head is -4.00648 over 1039 frames.
c37c030l-head AND THE AIR FORCE SAID THE EXPLOSIONS MAY LIMIT FUTURE PRODUCTION OF MODERN MISSILES 
LOG (gmm-latgen-faster:DecodeUtteranceLatticeFaster():decoder-wrappers.cc:285) Log-like per frame for utterance c37c030l-head is -3.96423 over 595 frames.
c37c030m-head THE AT LEAST ONE PERSON WAS KILLED AND MORE THAN TWO HUNDRED FIFTY PEOPLE THE INJURED IN THE BLASTS 
LOG (gmm-latgen-faster:DecodeUtteranceLatticeFaster():decoder-wrappers.cc:285) Log-like per frame for utterance c37c030m-head is -3.61462 over 801 frames.
c37c030n-head THE MIDLAND TEXAS BASED PARTNERSHIP'S LATEST PROPOSAL GIVES TWO OPTIONS BOTH OF WHICH REQUIRE A NEGOTIATED MERGER AGREEMENT 
LOG (gmm-latgen-faster:DecodeUtteranceLatticeFaster():decoder-wrappers.cc:285) Log-like per frame for utterance c37c030n-head is -3.93982 over 1164 frames.
c37c030o-head WHILE OPTION OFFERS MORE CASH PER SHARE BUT FOR FEWER SHARES 
LOG (gmm-latgen-faster:DecodeUtteranceLatticeFaster():decoder-wrappers.cc:285) Log-like per frame for utterance c37c030o-head is -3.74926 over 595 frames.
c37c030p-head THE <UNK> SEEKS THE ENTIRE NINETY PERCENT STAKE IN U. S. G. THAT DESERT PARTNERS DOESN'T ALREADY OWN BUT HEAVILY INCREASES THE DEBT PORTION OF THE BID 
LOG (gmm-latgen-faster:DecodeUtteranceLatticeFaster():decoder-wrappers.cc:285) Log-like per frame for utterance c37c030p-head is -4.10803 over 1107 frames.
c37c030q-head HOWEVER MOST FORECASTERS DON'T FORESEE A PERMANENT BREAK IN THE DROUGHT ANYTIME SOON 
LOG (gmm-latgen-faster:DecodeUtteranceLatticeFaster():decoder-wrappers.cc:285) Log-like per frame for utterance c37c030q-head is -3.80217 over 632 frames.
c37c030r-head THAT WON'T HAPPEN UNTIL THE HIGH PRESSURE SYSTEM MOVES EAST OUT OF THE MIDWEST AMONG OTHER THINGS 
LOG (gmm-latgen-faster:DecodeUtteranceLatticeFaster():decoder-wrappers.cc:285) Log-like per frame for utterance c37c030r-head is -4.18711 over 682 frames.
c37c030s-head THE EVEN <UNK> TURNED TUMBLE MORE THE SUMMER WEATHER PATTERN WOULD DO LITTLE TO PREVENT MORE DAMAGE TO CROPS 
LOG (gmm-latgen-faster:DecodeUtteranceLatticeFaster():decoder-wrappers.cc:285) Log-like per frame for utterance c37c030s-head is -4.22733 over 639 frames.
c37c030t-head A RESULT MANY FARM STATES DIDN'T GET THE SPRINGTIME MOISTURE THAT CROPS NEED TO SURVIVE THE NORMALLY HOT AND DRY JULY AND AUGUST WEATHER 
LOG (gmm-latgen-faster:DecodeUtteranceLatticeFaster():decoder-wrappers.cc:285) Log-like per frame for utterance c37c030t-head is -3.92359 over 1020 frames.
c37c030u-head THE IN MORE WAYS THAN NOT HOWEVER MR. JOBS IS HIS OLD SELF AN INTENSE OUTSPOKEN PERFECTIONIST DRIVING HIS EMPLOYEES AS HARD AS THEY WILL LET HIM 
LOG (gmm-latgen-faster:DecodeUtteranceLatticeFaster():decoder-wrappers.cc:285) Log-like per frame for utterance c37c030u-head is -3.67785 over 1351 frames.
c37c030v-head A IN NEXT'S THREE YEARS SOME TWENTY EMPLOYEES OUT OF ABOUT ONE HUNDRED SEVENTY OF QUICK 
LOG (gmm-latgen-faster:DecodeUtteranceLatticeFaster():decoder-wrappers.cc:285) Log-like per frame for utterance c37c030v-head is -4.071 over 657 frames.
LOG (apply-cmvn:main():apply-cmvn.cc:146) Applied cepstral mean normalization to 175 utterances, errors on 0
c37c030w-head THE THE PACE WAS TO RULING FOR SOME SAYS DENNIS BROTHERS WE LEFT NEXT DURING THE SUMMER 
LOG (gmm-latgen-faster:DecodeUtteranceLatticeFaster():decoder-wrappers.cc:285) Log-like per frame for utterance c37c030w-head is -3.94035 over 726 frames.
c37c030x-head DESPITE LEAVING HE TERMS WORKING THERE ONE OF THE MORE INTERESTING EXPERIENCES OF MY LIFE 
LOG (gmm-latgen-faster:DecodeUtteranceLatticeFaster():decoder-wrappers.cc:285) Log-like per frame for utterance c37c030x-head is -4.14186 over 764 frames.
c37c030y-head TO PONT WHICH IS MANAGE THE SAVANNAH RIVER FACILITY SINCE NINETEEN FIFTY WHEN IT SPRANG FROM THE MANHATTAN PROJECT DEFENDED THE PLANT YESTERDAY 
LOG (gmm-latgen-faster:DecodeUtteranceLatticeFaster():decoder-wrappers.cc:285) Log-like per frame for utterance c37c030y-head is -4.09912 over 1039 frames.
c37c030z-head REACHED HECKERT CHIEF EXECUTIVE OFFICER BUT TO PLANT SAID BEGIN FED UP ABOUT FIGHT DISTORTIONS AND LIES 
LOG (gmm-latgen-faster:DecodeUtteranceLatticeFaster():decoder-wrappers.cc:285) Log-like per frame for utterance c37c030z-head is -4.12235 over 989 frames.
LOG (transform-feats:main():transform-feats.cc:158) Overall average [pseudo-]logdet is -94.5186 over 145334 frames.
LOG (transform-feats:main():transform-feats.cc:161) Applied transform to 175 utterances; 0 had errors.
c37c0310-head MINOR ACCIDENTS OCCURRED HE SAID 
LOG (gmm-latgen-faster:DecodeUtteranceLatticeFaster():decoder-wrappers.cc:285) Log-like per frame for utterance c37c0310-head is -3.19964 over 626 frames.
LOG (transform-feats:main():transform-feats.cc:158) Overall average logdet is 0.306865 over 145334 frames.
LOG (transform-feats:main():transform-feats.cc:161) Applied transform to 175 utterances; 0 had errors.
c37c0311-head BUT MORE OFTEN THE NOT WE RENEWED TERRITORY AND WE CHANGED THINGS AND A NEVER HAPPENED AGAIN !NOISE 
LOG (gmm-latgen-faster:DecodeUtteranceLatticeFaster():decoder-wrappers.cc:285) Log-like per frame for utterance c37c0311-head is -4.11386 over 732 frames.
LOG (gmm-latgen-faster:main():gmm-latgen-faster.cc:176) Time taken 278.626s: real-time factor assuming 100 frames/sec is 0.191714
LOG (gmm-latgen-faster:main():gmm-latgen-faster.cc:179) Done 175 utterances, failed for 0
LOG (gmm-latgen-faster:main():gmm-latgen-faster.cc:181) Overall log-likelihood per frame is -3.77164 over 145334 frames.
# Accounting: time=279 threads=1
# Ended (code 0) at Thu Jul 27 15:47:46 BST 2017, elapsed time 279 seconds
