# gmm-latgen-faster --max-active=7000 --beam=13.0 --lattice-beam=6.0 --acoustic-scale=0.083333 --determinize-lattice=false --allow-partial=true --word-symbol-table=exp-kaldi-lang/tri4b/graph/words.txt exp-kaldi-lang/tri4b/final.mdl exp-kaldi-lang/tri4b/graph/HCLG.fst "ark,s,cs:apply-cmvn  --utt2spk=ark:data/head_eval_test/split12/5/utt2spk scp:data/head_eval_test/split12/5/cmvn.scp scp:data/head_eval_test/split12/5/feats.scp ark:- | splice-feats --left-context=3 --right-context=3 ark:- ark:- | transform-feats exp-kaldi-lang/tri4b/final.mat ark:- ark:- | transform-feats --utt2spk=ark:data/head_eval_test/split12/5/utt2spk ark:exp-kaldi-lang/tri4b/decode/pre_trans.5 ark:- ark:- |" "ark:|gzip -c > exp-kaldi-lang/tri4b/decode/lat.tmp.5.gz" 
# Started at Thu Jul 27 15:43:07 BST 2017
#
gmm-latgen-faster --max-active=7000 --beam=13.0 --lattice-beam=6.0 --acoustic-scale=0.083333 --determinize-lattice=false --allow-partial=true --word-symbol-table=exp-kaldi-lang/tri4b/graph/words.txt exp-kaldi-lang/tri4b/final.mdl exp-kaldi-lang/tri4b/graph/HCLG.fst 'ark,s,cs:apply-cmvn  --utt2spk=ark:data/head_eval_test/split12/5/utt2spk scp:data/head_eval_test/split12/5/cmvn.scp scp:data/head_eval_test/split12/5/feats.scp ark:- | splice-feats --left-context=3 --right-context=3 ark:- ark:- | transform-feats exp-kaldi-lang/tri4b/final.mat ark:- ark:- | transform-feats --utt2spk=ark:data/head_eval_test/split12/5/utt2spk ark:exp-kaldi-lang/tri4b/decode/pre_trans.5 ark:- ark:- |' 'ark:|gzip -c > exp-kaldi-lang/tri4b/decode/lat.tmp.5.gz' 
transform-feats --utt2spk=ark:data/head_eval_test/split12/5/utt2spk ark:exp-kaldi-lang/tri4b/decode/pre_trans.5 ark:- ark:- 
transform-feats exp-kaldi-lang/tri4b/final.mat ark:- ark:- 
apply-cmvn --utt2spk=ark:data/head_eval_test/split12/5/utt2spk scp:data/head_eval_test/split12/5/cmvn.scp scp:data/head_eval_test/split12/5/feats.scp ark:- 
splice-feats --left-context=3 --right-context=3 ark:- ark:- 
c3ba0101-head 
LOG (gmm-latgen-faster:DecodeUtteranceLatticeFaster():decoder-wrappers.cc:285) Log-like per frame for utterance c3ba0101-head is -2.31083 over 298 frames.
c3ba0102-head SHE HAD YOUR DARK SUIT IN GREASY WASH WATER ALL YEAR 
LOG (gmm-latgen-faster:DecodeUtteranceLatticeFaster():decoder-wrappers.cc:285) Log-like per frame for utterance c3ba0102-head is -3.75328 over 501 frames.
c3ba0103-head DON'T ASK ME TO CARRY AN OILY RAG LIKE THAT 
LOG (gmm-latgen-faster:DecodeUtteranceLatticeFaster():decoder-wrappers.cc:285) Log-like per frame for utterance c3ba0103-head is -3.66738 over 451 frames.
c3ba0104-head THE FEMALE PRODUCES A LITTER OF TWO TO FOUR YOUNG IN NOVEMBER AND DECEMBER 
LOG (gmm-latgen-faster:DecodeUtteranceLatticeFaster():decoder-wrappers.cc:285) Log-like per frame for utterance c3ba0104-head is -3.56143 over 620 frames.
c3ba0105-head NUMEROUS WORKS OF ART ARE BASED ON THE STORY OF THE SACRIFICE OF ISAAC 
LOG (gmm-latgen-faster:DecodeUtteranceLatticeFaster():decoder-wrappers.cc:285) Log-like per frame for utterance c3ba0105-head is -3.53009 over 595 frames.
c3ba0106-head THEIR SOLUTION REQUIRES DEVELOPMENT OF THE HUMAN CAPACITY FOR SOCIAL INTEREST 
LOG (gmm-latgen-faster:DecodeUtteranceLatticeFaster():decoder-wrappers.cc:285) Log-like per frame for utterance c3ba0106-head is -3.52218 over 645 frames.
c3ba0107-head HIS MOST SIGNIFICANT SCIENTIFIC PUBLICATIONS WERE STUDIES OF BIRDS AND ANIMALS 
LOG (gmm-latgen-faster:DecodeUtteranceLatticeFaster():decoder-wrappers.cc:285) Log-like per frame for utterance c3ba0107-head is -3.77699 over 651 frames.
c3ba0108-head IN RECENT YEARS SHE HAS PRIMARILY APPEARED IN TELEVISION FILMS SUCH AS LITTLE GLORIA 
LOG (gmm-latgen-faster:DecodeUtteranceLatticeFaster():decoder-wrappers.cc:285) Log-like per frame for utterance c3ba0108-head is -3.59267 over 676 frames.
c3ba0109-head THE PROCESS BY WHICH THE LENS FOCUSES ON EXTERNAL OBJECTS IS CALLED ACCOMMODATION 
LOG (gmm-latgen-faster:DecodeUtteranceLatticeFaster():decoder-wrappers.cc:285) Log-like per frame for utterance c3ba0109-head is -3.74046 over 651 frames.
c3ba010a-head TWO NARROW GAUGE RAILROADS FROM CHINA ENTER THE CITY FROM THE NORTHEAST AND NORTHWEST 
LOG (gmm-latgen-faster:DecodeUtteranceLatticeFaster():decoder-wrappers.cc:285) Log-like per frame for utterance c3ba010a-head is -3.50099 over 726 frames.
c3ba010b-head SOME MAPS USE BANDS OF COLOR TO INDICATE DIFFERENT INTERVALS OF VALUE 
LOG (gmm-latgen-faster:DecodeUtteranceLatticeFaster():decoder-wrappers.cc:285) Log-like per frame for utterance c3ba010b-head is -3.60841 over 557 frames.
c3ba010c-head ORIGINS OR CAUSES OF SPONTANEOUS MUTATION ARE NOT YET COMPLETELY CLEAR 
LOG (gmm-latgen-faster:DecodeUtteranceLatticeFaster():decoder-wrappers.cc:285) Log-like per frame for utterance c3ba010c-head is -3.78398 over 645 frames.
c3ba010d-head UNUSUALLY HIGH LEVELS OF RADIATION WERE DETECTED IN MANY EUROPEAN COUNTRIES 
LOG (gmm-latgen-faster:DecodeUtteranceLatticeFaster():decoder-wrappers.cc:285) Log-like per frame for utterance c3ba010d-head is -3.67336 over 570 frames.
c3ba010e-head BOTH PETROLEUM AND NATURAL GAS DEPOSITS ARE SCATTERED THROUGH EASTERN OHIO 
LOG (gmm-latgen-faster:DecodeUtteranceLatticeFaster():decoder-wrappers.cc:285) Log-like per frame for utterance c3ba010e-head is -3.78595 over 539 frames.
c3ba010f-head FOR THE FIRST TIME IN YEARS THE REPUBLICANS ALSO CAPTURED BOTH HOUSES OF CONGRESS 
LOG (gmm-latgen-faster:DecodeUtteranceLatticeFaster():decoder-wrappers.cc:285) Log-like per frame for utterance c3ba010f-head is -3.69678 over 620 frames.
c3ba010g-head THE SOUTH CAROLINA EDUCATIONAL RADIO NETWORK HAS WON NATIONAL BROADCASTING AWARDS 
LOG (gmm-latgen-faster:DecodeUtteranceLatticeFaster():decoder-wrappers.cc:285) Log-like per frame for utterance c3ba010g-head is -3.75011 over 639 frames.
c3ba010h-head A TANKER IS A SHIP DESIGNED TO CARRY LARGE VOLUMES OF OIL OR OTHER LIQUID CARGO 
LOG (gmm-latgen-faster:DecodeUtteranceLatticeFaster():decoder-wrappers.cc:285) Log-like per frame for utterance c3ba010h-head is -3.71935 over 614 frames.
c3ba010i-head THE ENORMOUS AMOUNTS OF CARBON DIOXIDE IN THE ATMOSPHERE CAUSE THIS HIGH PRESSURE 
LOG (gmm-latgen-faster:DecodeUtteranceLatticeFaster():decoder-wrappers.cc:285) Log-like per frame for utterance c3ba010i-head is -3.74746 over 532 frames.
c3bc0201-head HOSPITAL CORPORATION OF AMERICA A ROSE ONE AND ONE QUARTER TO FORTY EIGHT IN ACTIVE TRADING 
LOG (gmm-latgen-faster:DecodeUtteranceLatticeFaster():decoder-wrappers.cc:285) Log-like per frame for utterance c3bc0201-head is -3.9445 over 695 frames.
c3bc0202-head THE COMPANY'S BOARD APPROVED A PLAN TO SHED ONE HUNDRED FOUR GENERAL HOSPITALS TO AN EMPLOYEE OWNED COMPANY 
LOG (gmm-latgen-faster:DecodeUtteranceLatticeFaster():decoder-wrappers.cc:285) Log-like per frame for utterance c3bc0202-head is -3.96751 over 751 frames.
c3bc0203-head HOSPITAL CORPORATION WILL RECEIVED ABOUT ONE POINT EIGHT BILLION DOLLARS IN CASH PLUS PREFERRED STOCK AND WARRANTS IN THE NEW COMPANY 
LOG (gmm-latgen-faster:DecodeUtteranceLatticeFaster():decoder-wrappers.cc:285) Log-like per frame for utterance c3bc0203-head is -3.91671 over 870 frames.
c3bc0204-head IT PLANS TO USE THE CASH TO REDUCE DEBT AND BUY BACK STOCK 
LOG (gmm-latgen-faster:DecodeUtteranceLatticeFaster():decoder-wrappers.cc:285) Log-like per frame for utterance c3bc0204-head is -4.01413 over 451 frames.
c3bc0205-head CATERPILLAR INCORPORATED SAY SICK GENERALLY GIVES A YEAR OR MORE NOTICE OF CLOSINGS 
LOG (gmm-latgen-faster:DecodeUtteranceLatticeFaster():decoder-wrappers.cc:285) Log-like per frame for utterance c3bc0205-head is -3.80697 over 601 frames.
c3bc0206-head LAYOFFS FILL ARE ANOTHER MATTER 
LOG (gmm-latgen-faster:DecodeUtteranceLatticeFaster():decoder-wrappers.cc:285) Log-like per frame for utterance c3bc0206-head is -3.74422 over 332 frames.
c3bc0207-head WE WOULD HAVE TO DELAY ANY CHANGE IN PRODUCTION SCHEDULES OR AS HAVE PEOPLE SITTING AROUND DOING NOTHING A SPOKESMAN SAYS 
LOG (gmm-latgen-faster:DecodeUtteranceLatticeFaster():decoder-wrappers.cc:285) Log-like per frame for utterance c3bc0207-head is -4.01414 over 776 frames.
c3bc0208-head THAT A UNITED AUTO WORKERS OFFICIAL SAYS THAT ADVANCE NOTICE IS POSSIBLE FOR MAJOR LAYOFFS 
LOG (gmm-latgen-faster:DecodeUtteranceLatticeFaster():decoder-wrappers.cc:285) Log-like per frame for utterance c3bc0208-head is -3.90215 over 639 frames.
c3bc0209-head THE ONLY REASON COMPANIES DON'T WANT TO ANNOUNCE IT IS THE IT MAY HIT THEIR STOCK PRICE HE CONTENDS 
LOG (gmm-latgen-faster:DecodeUtteranceLatticeFaster():decoder-wrappers.cc:285) Log-like per frame for utterance c3bc0209-head is -4.07541 over 632 frames.
c3bc020a-head THE THRIFT CITED A RECENT DECISION BY THE FEDERAL HOME LOAN BANK BOARD THAT ELIMINATED SECONDARY RESERVES 
LOG (gmm-latgen-faster:DecodeUtteranceLatticeFaster():decoder-wrappers.cc:285) Log-like per frame for utterance c3bc020a-head is -3.83183 over 745 frames.
c3bc020b-head THE COMPANY HAS ACCOUNTED FOR THE RESERVES AS AN ASSET 
LOG (gmm-latgen-faster:DecodeUtteranceLatticeFaster():decoder-wrappers.cc:285) Log-like per frame for utterance c3bc020b-head is -3.90311 over 395 frames.
c3bc020c-head IN THE YEAH EARLIER QUARTER LAND OF LINCOLN EARNED ONE POINT SIX MILLION DOLLARS OR FIFTY THREE CENTS A SHARE 
LOG (gmm-latgen-faster:DecodeUtteranceLatticeFaster():decoder-wrappers.cc:285) Log-like per frame for utterance c3bc020c-head is -3.88509 over 776 frames.
c3bc020d-head PRODUCTION AND NEW ORDERS ROSE THOUGH NOT AS MUCH AS IN APRIL 
LOG (gmm-latgen-faster:DecodeUtteranceLatticeFaster():decoder-wrappers.cc:285) Log-like per frame for utterance c3bc020d-head is -3.73417 over 470 frames.
c3bc020e-head ABOUT THIRTY FOUR PERCENT OF THE AGENTS SAID NEW ORDERS ROSE AND THIRTY THREE PERCENT SAID PRODUCTION GREW IN MAY 
LOG (gmm-latgen-faster:DecodeUtteranceLatticeFaster():decoder-wrappers.cc:285) Log-like per frame for utterance c3bc020e-head is -3.82505 over 801 frames.
c3bc020f-head ABOUT ELEVEN PERCENT SAID NEW ORDERS AND PRODUCTION DECLINED 
LOG (gmm-latgen-faster:DecodeUtteranceLatticeFaster():decoder-wrappers.cc:285) Log-like per frame for utterance c3bc020f-head is -3.9272 over 457 frames.
c3bc020g-head A GOLDMAN SPOKESMAN DECLINED TO COMMENT BEYOND THE INVESTMENT BANKING FIRM'S STATEMENT ANNOUNCING THE AGREEMENT 
LOG (gmm-latgen-faster:DecodeUtteranceLatticeFaster():decoder-wrappers.cc:285) Log-like per frame for utterance c3bc020g-head is -4.04427 over 720 frames.
c3bc020h-head A KIDDER SPOKESMAN DECLINED TO COMMENT 
LOG (gmm-latgen-faster:DecodeUtteranceLatticeFaster():decoder-wrappers.cc:285) Log-like per frame for utterance c3bc020h-head is -3.82769 over 357 frames.
c3bc020i-head LAWYERS FOR THE FOUR INDIVIDUALS HAVE CONSISTENTLY DECLINED TO COMMENT ON THE UNOCAL SUIT 
LOG (gmm-latgen-faster:DecodeUtteranceLatticeFaster():decoder-wrappers.cc:285) Log-like per frame for utterance c3bc020i-head is -3.94546 over 645 frames.
c3bc020j-head THEY DRAW FORMER ACTIVISTS WHO DON'T WANT TO FORGET SOLIDARITY AND A NEW GENERATION TOO YOUNG TO REMEMBER IT 
LOG (gmm-latgen-faster:DecodeUtteranceLatticeFaster():decoder-wrappers.cc:285) Log-like per frame for utterance c3bc020j-head is -3.78123 over 732 frames.
c3bc020k-head THE STATE TRIES TO WIN BACK THE YOUNG WITH SCOUTING AND HOLIDAY CAMPS 
LOG (gmm-latgen-faster:DecodeUtteranceLatticeFaster():decoder-wrappers.cc:285) Log-like per frame for utterance c3bc020k-head is -4.01934 over 432 frames.
c3bc020l-head IT CAN'T COMPETE 
LOG (gmm-latgen-faster:DecodeUtteranceLatticeFaster():decoder-wrappers.cc:285) Log-like per frame for utterance c3bc020l-head is -3.96609 over 220 frames.
c3bc020m-head MR. JOHNSON SAYS LOCAL OFFICIALS WILL NOW BUILD LOW RISE UNITS 
LOG (gmm-latgen-faster:DecodeUtteranceLatticeFaster():decoder-wrappers.cc:285) Log-like per frame for utterance c3bc020m-head is -3.53284 over 576 frames.
c3bc020n-head THE NUMBER OF STORIES IN THE BUILDING HOWEVER IS NOT THE MAJOR FACTOR IN THE FAILURE OF PUBLIC HOUSING 
LOG (gmm-latgen-faster:DecodeUtteranceLatticeFaster():decoder-wrappers.cc:285) Log-like per frame for utterance c3bc020n-head is -3.82746 over 651 frames.
c3bc020o-head GOVERNMENT CONTROL IS AND THERE IS GROWING EVIDENCE TO SUPPORT THAT ASSERTION 
LOG (gmm-latgen-faster:DecodeUtteranceLatticeFaster():decoder-wrappers.cc:285) Log-like per frame for utterance c3bc020o-head is -3.87118 over 601 frames.
c3bc020p-head SMALL INVESTORS WILL ALSO BE AFFECTED TRADERS SAID 
LOG (gmm-latgen-faster:DecodeUtteranceLatticeFaster():decoder-wrappers.cc:285) Log-like per frame for utterance c3bc020p-head is -3.5237 over 470 frames.
c3bc020q-head DAILY PRICE LIMITS WERE IN PART INTENDED TO ALLOW SUCH INVESTORS TO PARTICIPATE IN THE MARKET BY LIMITING THEIR LOSSES ON ANY GIVEN DAY 
LOG (gmm-latgen-faster:DecodeUtteranceLatticeFaster():decoder-wrappers.cc:285) Log-like per frame for utterance c3bc020q-head is -3.82608 over 876 frames.
c3bc020r-head BUT BIGGER PLAYERS FELT THESE RULES LIMITED THEIR POTENTIAL GAINS AND ABILITY TO GET IN AND OUT OF THE MARKET 
LOG (gmm-latgen-faster:DecodeUtteranceLatticeFaster():decoder-wrappers.cc:285) Log-like per frame for utterance c3bc020r-head is -3.94369 over 720 frames.
c3bc020s-head FOR INVESTORS WILLING TO TAKE MORE RISK THE NEARBY CONTRACT MONTH WHICH TRADED WITHOUT PRICE LIMITS WAS ONE ALTERNATIVE 
LOG (gmm-latgen-faster:DecodeUtteranceLatticeFaster():decoder-wrappers.cc:285) Log-like per frame for utterance c3bc020s-head is -4.06406 over 820 frames.
c3bc020t-head THE MAJOR BOOST IN OPERATING EARNINGS CAME FROM A NINETEEN PERCENT INCREASE IN PREMIUMS TO FORTY FOUR POINT EIGHT ONE BILLION DOLLARS 
LOG (gmm-latgen-faster:DecodeUtteranceLatticeFaster():decoder-wrappers.cc:285) Log-like per frame for utterance c3bc020t-head is -3.85034 over 957 frames.
c3bc020u-head PREMIUM GROWTH RESULTED PRIMARILY FROM RATE INCREASES ON COMMERCIAL LIABILITY LINES 
LOG (gmm-latgen-faster:DecodeUtteranceLatticeFaster():decoder-wrappers.cc:285) Log-like per frame for utterance c3bc020u-head is -3.91948 over 626 frames.
c3bc020v-head CLAIM LOSSES INCREASED ELEVEN PERCENT TO THIRTY FIVE POINT ONE ONE BILLION DOLLARS 
LOG (gmm-latgen-faster:DecodeUtteranceLatticeFaster():decoder-wrappers.cc:285) Log-like per frame for utterance c3bc020v-head is -3.74773 over 607 frames.
c3bc020w-head FIRST NATIONAL WHICH WAS CLOSED BY REGULATORS FRIDAY HAD ASSETS OF FOURTEEN POINT NINE MILLION DOLLARS 
LOG (gmm-latgen-faster:DecodeUtteranceLatticeFaster():decoder-wrappers.cc:285) Log-like per frame for utterance c3bc020w-head is -3.87755 over 720 frames.
c3bc020x-head ITS SELL OFFICE IS TO REOPEN TODAY AS A BRANCH OF FARMERS STATE 
LOG (gmm-latgen-faster:DecodeUtteranceLatticeFaster():decoder-wrappers.cc:285) Log-like per frame for utterance c3bc020x-head is -3.65072 over 526 frames.
c3bc020y-head THE F. D. I. C. ARRANGED THE DEPOSIT TRANSFER BECAUSE OF DIFFICULTIES IN SORTING OUT THE FAILED BANK'S CONTINGENT LIABILITIES 
LOG (gmm-latgen-faster:DecodeUtteranceLatticeFaster():decoder-wrappers.cc:285) Log-like per frame for utterance c3bc020y-head is -3.9256 over 895 frames.
c3bc020z-head LEADERS OF JAPAN'S BIGGEST ECONOMIC IN BUSINESS ORGANIZATIONS PRAISED THE PACKAGE 
LOG (gmm-latgen-faster:DecodeUtteranceLatticeFaster():decoder-wrappers.cc:285) Log-like per frame for utterance c3bc020z-head is -4.06899 over 570 frames.
c3bc0210-head BUT PRIVATE ECONOMISTS WERE RESTRAINED 
LOG (gmm-latgen-faster:DecodeUtteranceLatticeFaster():decoder-wrappers.cc:285) Log-like per frame for utterance c3bc0210-head is -3.864 over 364 frames.
c3bc0211-head THIS ISN'T THE KIND OF THING THAT WILL PROVE EFFECTIVE IMMEDIATELY ONE SENIOR BANK ECONOMIST SAID 
LOG (gmm-latgen-faster:DecodeUtteranceLatticeFaster():decoder-wrappers.cc:285) Log-like per frame for utterance c3bc0211-head is -4.04906 over 632 frames.
c3bc0212-head IT THE PENCE AND HOW MUCH OF THOSE MEASURES THEY WILL BE ABLE TO CARRY OUT WITHIN THIS FISCAL THE AIR AND HOW FAST 
LOG (gmm-latgen-faster:DecodeUtteranceLatticeFaster():decoder-wrappers.cc:285) Log-like per frame for utterance c3bc0212-head is -4.19773 over 676 frames.
c3bc0301-head THE FIFTY ONE YEAR OLD MR. CITY ARE AIR MAKES NO SECRET OF HIS ADMIRATION FOR TONY PROVINCE ANNA 
LOG (gmm-latgen-faster:DecodeUtteranceLatticeFaster():decoder-wrappers.cc:285) Log-like per frame for utterance c3bc0301-head is -3.93994 over 701 frames.
c3bc0302-head I DON'T KNOW ANYTHING BAD ABOUT THE GUY HE SAYS 
LOG (gmm-latgen-faster:DecodeUtteranceLatticeFaster():decoder-wrappers.cc:285) Log-like per frame for utterance c3bc0302-head is -3.79385 over 395 frames.
c3bc0303-head HE WAS GREAT FOR LABOR 
LOG (gmm-latgen-faster:DecodeUtteranceLatticeFaster():decoder-wrappers.cc:285) Log-like per frame for utterance c3bc0303-head is -3.54755 over 232 frames.
c3bc0304-head HE MIGHT BE A TOUGH GUY BUT THAT'S WHAT THIS UNION IS 
LOG (gmm-latgen-faster:DecodeUtteranceLatticeFaster():decoder-wrappers.cc:285) Log-like per frame for utterance c3bc0304-head is -3.83345 over 401 frames.
c3bc0305-head MARTIN REGARDED CHIEF ECONOMIST OF THE NATIONAL COUNCIL OF SAVINGS INSTITUTIONS SAID CURRENT TRENDS IN MORTGAGE RATES MIRROR CIRCUMSTANCES LAST SPRING 
LOG (gmm-latgen-faster:DecodeUtteranceLatticeFaster():decoder-wrappers.cc:285) Log-like per frame for utterance c3bc0305-head is -4.04931 over 995 frames.
c3bc0306-head FALLING INTEREST RATES HAD SET A FOR NATIONWIDE SPREE OF HOME BUYING ENTRY FINANCING 
LOG (gmm-latgen-faster:DecodeUtteranceLatticeFaster():decoder-wrappers.cc:285) Log-like per frame for utterance c3bc0306-head is -3.98302 over 576 frames.
c3bc0307-head IN MID APRIL A WEAKNESS IN THE DOLLAR PRECIPITATED A SHORT TERM RISE IN MORTGAGE RATES 
LOG (gmm-latgen-faster:DecodeUtteranceLatticeFaster():decoder-wrappers.cc:285) Log-like per frame for utterance c3bc0307-head is -3.95109 over 614 frames.
c3bc0308-head BUT THE DOLLAR STABILIZED AND RATES RESUMED THEIR DECLINE 
LOG (gmm-latgen-faster:DecodeUtteranceLatticeFaster():decoder-wrappers.cc:285) Log-like per frame for utterance c3bc0308-head is -3.71596 over 389 frames.
c3bc0309-head THE REPORT HAS BEEN SUBMITTED TO THE BIG BOARD AND TO THE BRADY COMMISSION THE GROUP APPOINTED BY PRESIDENT REAGAN TO STUDY THE OCTOBER NINETEENTH STOCK MARKET CRASH 
LOG (gmm-latgen-faster:DecodeUtteranceLatticeFaster():decoder-wrappers.cc:285) Log-like per frame for utterance c3bc0309-head is -4.03052 over 1045 frames.
c3bc030a-head MR. KATZENBACH ACKNOWLEDGED THAT HIS PANEL'S RECOMMENDATIONS ARE LESS IMPORTANT TO THE FUTURE OF THE FINANCIAL MARKETS THAN THE BRADY COMMISSION'S REPORT WILL BE 
LOG (gmm-latgen-faster:DecodeUtteranceLatticeFaster():decoder-wrappers.cc:285) Log-like per frame for utterance c3bc030a-head is -4.0308 over 1020 frames.
c3bc030b-head THE BRADY COMMISSION REPORT IS EXPECTED TO BE RELEASED JANUARY EIGHTH 
LOG (gmm-latgen-faster:DecodeUtteranceLatticeFaster():decoder-wrappers.cc:285) Log-like per frame for utterance c3bc030b-head is -3.82433 over 495 frames.
c3bc030c-head MR. LIRE WHOSE BASED T. SHIRT HANGS IN TATTERS IS READY TO GO BACK HOME 
LOG (gmm-latgen-faster:DecodeUtteranceLatticeFaster():decoder-wrappers.cc:285) Log-like per frame for utterance c3bc030c-head is -3.99666 over 582 frames.
c3bc030d-head BUT HE HASN'T THE MONEY FOR A TRAIN TICKET AND HE CAN'T FIND ANOTHER JOB 
LOG (gmm-latgen-faster:DecodeUtteranceLatticeFaster():decoder-wrappers.cc:285) Log-like per frame for utterance c3bc030d-head is -4.13824 over 457 frames.
c3bc030e-head IT PROBABLY WOULD HAVE BEEN USE IT IS TO GET WORK BACK HOME HE SAYS 
LOG (gmm-latgen-faster:DecodeUtteranceLatticeFaster():decoder-wrappers.cc:285) Log-like per frame for utterance c3bc030e-head is -4.0793 over 457 frames.
c3bc030f-head MARKETS WERE MOVING SELF AS THAT EVEN SEASONED MANAGERS FOUND THEIR EXPERIENCE OF LIMITED VALUE 
LOG (gmm-latgen-faster:DecodeUtteranceLatticeFaster():decoder-wrappers.cc:285) Log-like per frame for utterance c3bc030f-head is -3.97742 over 620 frames.
c3bc030g-head IT ISN'T A GLOWING TIME FOR A PORTFOLIO MANAGER SAYS ANTHONY REGAN HEAD OF INTERNATIONAL INVESTMENTS FOR PUTNAM COMPANIES IN BOSTON 
LOG (gmm-latgen-faster:DecodeUtteranceLatticeFaster():decoder-wrappers.cc:285) Log-like per frame for utterance c3bc030g-head is -4.1441 over 882 frames.
c3bc030h-head HE THOUGHT THAT HAVING LIVED THROUGH THE STOCK MARKET PLUNGE OF NINETEEN SEVENTY FOUR WOULD GIVE HIM AN EDGE 
LOG (gmm-latgen-faster:DecodeUtteranceLatticeFaster():decoder-wrappers.cc:285) Log-like per frame for utterance c3bc030h-head is -4.04814 over 639 frames.
c3bc030i-head BUT FRANKLY IT HAPPENED SO ABRUPTLY SO FAST I DIDN'T STAND A CHANCE TO BRING ANY EXPERIENCE TO BEAR HE CONCEDES 
LOG (gmm-latgen-faster:DecodeUtteranceLatticeFaster():decoder-wrappers.cc:285) Log-like per frame for utterance c3bc030i-head is -4.17368 over 720 frames.
c3bc030j-head WHAT N. B. C.'S BOWING OUT MEANS FOR THE PROPOSED TURNER NETWORK TELEVISION ISN'T CERTAIN 
LOG (gmm-latgen-faster:DecodeUtteranceLatticeFaster():decoder-wrappers.cc:285) Log-like per frame for utterance c3bc030j-head is -3.94985 over 645 frames.
c3bc030k-head THE COMPANY WANTS TO TAP N. B. C.'S PROGRAMMING EXPERTISE FOR THE NEW VENTURE WHICH WOULD FEATURE HIGH PROFILE ENTERTAINMENT AND SPORTS EVENTS 
LOG (gmm-latgen-faster:DecodeUtteranceLatticeFaster():decoder-wrappers.cc:285) Log-like per frame for utterance c3bc030k-head is -4.05973 over 876 frames.
c3bc030l-head BUT THE CABLE OPERATORS ON THE BOARD AS WELL AS OTHERS IN THE INDUSTRY HAVE LAST FOR FURTHER PLANS 
LOG (gmm-latgen-faster:DecodeUtteranceLatticeFaster():decoder-wrappers.cc:285) Log-like per frame for utterance c3bc030l-head is -4.04018 over 620 frames.
c3bc030m-head THE COMPANY SAID FRIDAY IT WILL PROVIDE ITS BOARD WITH MORE INFORMATION IN FORTY FIVE DAYS 
LOG (gmm-latgen-faster:DecodeUtteranceLatticeFaster():decoder-wrappers.cc:285) Log-like per frame for utterance c3bc030m-head is -3.67349 over 632 frames.
c3bc030n-head THE NIKKEI INDEX OF TWO HUNDRED TWENTY FIVE SELECTED ISSUES EDGED UP TWELVE POINT FOUR THREE POINTS TO CLOSE AT TWENTY FIVE THOUSAND SIX HUNDRED SEVENTEEN POINT EIGHT TWO 
LOG (gmm-latgen-faster:DecodeUtteranceLatticeFaster():decoder-wrappers.cc:285) Log-like per frame for utterance c3bc030n-head is -3.99959 over 1139 frames.
c3bc030o-head THE TOKYO STOCK EXCHANGE'S FIRST SECTION INDEX FELL ONE POINT SEVEN EIGHT POINTS TO CLOSE AT TWO THOUSAND ONE HUNDRED TWO POINT FIVE FIVE 
LOG (gmm-latgen-faster:DecodeUtteranceLatticeFaster():decoder-wrappers.cc:285) Log-like per frame for utterance c3bc030o-head is -3.90123 over 982 frames.
c3bc030p-head FIRST SECTION VOLUME WAS ESTIMATED AT A HEAVY ONE POINT SIX BILLION SHARES UP FROM ONE POINT THREE BILLION SHARES WEAPONS DAY 
LOG (gmm-latgen-faster:DecodeUtteranceLatticeFaster():decoder-wrappers.cc:285) Log-like per frame for utterance c3bc030p-head is -3.94614 over 839 frames.
c3bc030q-head THE ACCORD WITH CALMER I ALLOWS A. M. TO SELL WEB PRESS TO A HIGHER BIDDER IF ONE CAN BE FOUND BEFORE THE SALE IS COMPLETED 
LOG (gmm-latgen-faster:DecodeUtteranceLatticeFaster():decoder-wrappers.cc:285) Log-like per frame for utterance c3bc030q-head is -3.98089 over 857 frames.
c3bc030r-head ERROR NUMBER OF PEOPLE WHO EXPRESSED INTEREST IN WEB PRESS EXPLAINS MERLE H. BANTA A. M.'S CHAIRMAN AND CHIEF EXECUTIVE OFFICER 
LOG (gmm-latgen-faster:DecodeUtteranceLatticeFaster():decoder-wrappers.cc:285) Log-like per frame for utterance c3bc030r-head is -4.03845 over 895 frames.
c3bc030s-head WE DON'T WANT TO FORECLOSE THOSE PEOPLE 
LOG (gmm-latgen-faster:DecodeUtteranceLatticeFaster():decoder-wrappers.cc:285) Log-like per frame for utterance c3bc030s-head is -3.93123 over 332 frames.
c3bc030t-head SOVIET STATISTICS SHOW THAT OUTPUT OF CONSUMER GOODS LAST YEAR TOTALED ABOUT FIVE HUNDRED TEN BILLION DOLLARS 
LOG (gmm-latgen-faster:DecodeUtteranceLatticeFaster():decoder-wrappers.cc:285) Log-like per frame for utterance c3bc030t-head is -3.90219 over 782 frames.
c3bc030u-head THE SPECIAL FORTY BILLION DOLLAR INCREASE IS SUPPOSED TO BE IN TWO PHASES WITH ONE THIRD COMING IN NINETEEN EIGHTY NINE AND THE REST IN NINETEEN NINETY 
LOG (gmm-latgen-faster:DecodeUtteranceLatticeFaster():decoder-wrappers.cc:285) Log-like per frame for utterance c3bc030u-head is -3.86847 over 939 frames.
c3bc030v-head PRODUCTION OF CONSUMER GOODS IS MEANT TO RISE EIGHTEEN PERCENT IN THE NEXT FIVE YEAR PLAN THAT STARTS IN NINETEEN NINETY ONE THE GOVERNMENT SAID !NOISE 
LOG (gmm-latgen-faster:DecodeUtteranceLatticeFaster():decoder-wrappers.cc:285) Log-like per frame for utterance c3bc030v-head is -4.02106 over 895 frames.
c3bc030w-head THE OKLAHOMA DIVISION OF SAFEWAY STORES NOW HOMELAND STORES ALSO IMPROVED THROUGH A MANAGEMENT LED CHANGE IN OWNERSHIP STRUCTURE 
LOG (gmm-latgen-faster:DecodeUtteranceLatticeFaster():decoder-wrappers.cc:285) Log-like per frame for utterance c3bc030w-head is -4.06208 over 857 frames.
LOG (apply-cmvn:main():apply-cmvn.cc:146) Applied cepstral mean normalization to 94 utterances, errors on 0
c3bc030x-head THE COMPANY OPERATES ONE HUNDRED SIX SUPERMARKETS IN OKLAHOMA THE PANHANDLE REGION OF TAXES AND SEVEN KANSAS 
LOG (gmm-latgen-faster:DecodeUtteranceLatticeFaster():decoder-wrappers.cc:285) Log-like per frame for utterance c3bc030x-head is -4.22278 over 789 frames.
c3bc030y-head ABOUT TWO YEARS AGO WE ACQUIRED HOMELAND ALONG WITH ITS MANAGERS FROM SAFEWAY 
LOG (gmm-latgen-faster:DecodeUtteranceLatticeFaster():decoder-wrappers.cc:285) Log-like per frame for utterance c3bc030y-head is -4.03108 over 526 frames.
c3bc030z-head WE ALSO GAVE UP HOURLY EMPLOYEES AN EQUITY INTEREST SO THEY WOULD BE A PART OF OWNERSHIP 
LOG (gmm-latgen-faster:DecodeUtteranceLatticeFaster():decoder-wrappers.cc:285) Log-like per frame for utterance c3bc030z-head is -4.07883 over 632 frames.
LOG (transform-feats:main():transform-feats.cc:158) Overall average [pseudo-]logdet is -94.5186 over 60181 frames.
LOG (transform-feats:main():transform-feats.cc:161) Applied transform to 94 utterances; 0 had errors.
c3bc0310-head JACK KEMP AND THE PRESIDENT SHOULD SAY WE DON'T WANT PEOPLE LIKE THAT DOING BUSINESS WITH THE GOVERNMENT'S MR. COHEN ADDS 
LOG (gmm-latgen-faster:DecodeUtteranceLatticeFaster():decoder-wrappers.cc:285) Log-like per frame for utterance c3bc0310-head is -4.08647 over 714 frames.
LOG (transform-feats:main():transform-feats.cc:158) Overall average logdet is 0.549942 over 60181 frames.
LOG (transform-feats:main():transform-feats.cc:161) Applied transform to 94 utterances; 0 had errors.
c3bc0311-head BLACK MANNER FORT SHOULD BE RUN OUT OF TOWN 
LOG (gmm-latgen-faster:DecodeUtteranceLatticeFaster():decoder-wrappers.cc:285) Log-like per frame for utterance c3bc0311-head is -3.97552 over 326 frames.
c3bc0312-head WHEN THERE ARE NO EXAMPLES THERE ARE NO DETERRENTS 
LOG (gmm-latgen-faster:DecodeUtteranceLatticeFaster():decoder-wrappers.cc:285) Log-like per frame for utterance c3bc0312-head is -3.60939 over 370 frames.
LOG (gmm-latgen-faster:main():gmm-latgen-faster.cc:176) Time taken 103.441s: real-time factor assuming 100 frames/sec is 0.171883
LOG (gmm-latgen-faster:main():gmm-latgen-faster.cc:179) Done 94 utterances, failed for 0
LOG (gmm-latgen-faster:main():gmm-latgen-faster.cc:181) Overall log-likelihood per frame is -3.8886 over 60181 frames.
# Accounting: time=104 threads=1
# Ended (code 0) at Thu Jul 27 15:44:51 BST 2017, elapsed time 104 seconds
