# gunzip -c exp-kaldi-lang/tri4b/decode.si/lat.1.gz | lattice-to-post --acoustic-scale=0.083333 ark:- ark:- | weight-silence-post 0.01 1:2:3:4:5:6:7:8:9:10:11:12:13:14:15 exp-kaldi-lang/tri4b/final.alimdl ark:- ark:- | gmm-post-to-gpost exp-kaldi-lang/tri4b/final.alimdl "ark,s,cs:apply-cmvn  --utt2spk=ark:data/head_eval_test/split12/1/utt2spk scp:data/head_eval_test/split12/1/cmvn.scp scp:data/head_eval_test/split12/1/feats.scp ark:- | splice-feats --left-context=3 --right-context=3 ark:- ark:- | transform-feats exp-kaldi-lang/tri4b/final.mat ark:- ark:- |" ark:- ark:- | gmm-est-fmllr-gpost --fmllr-update-type=full --spk2utt=ark:data/head_eval_test/split12/1/spk2utt exp-kaldi-lang/tri4b/final.mdl "ark,s,cs:apply-cmvn  --utt2spk=ark:data/head_eval_test/split12/1/utt2spk scp:data/head_eval_test/split12/1/cmvn.scp scp:data/head_eval_test/split12/1/feats.scp ark:- | splice-feats --left-context=3 --right-context=3 ark:- ark:- | transform-feats exp-kaldi-lang/tri4b/final.mat ark:- ark:- |" ark,s,cs:- ark:exp-kaldi-lang/tri4b/decode/pre_trans.1 
# Started at Thu Jul 27 15:43:00 BST 2017
#
lattice-to-post --acoustic-scale=0.083333 ark:- ark:- 
gmm-est-fmllr-gpost --fmllr-update-type=full --spk2utt=ark:data/head_eval_test/split12/1/spk2utt exp-kaldi-lang/tri4b/final.mdl 'ark,s,cs:apply-cmvn  --utt2spk=ark:data/head_eval_test/split12/1/utt2spk scp:data/head_eval_test/split12/1/cmvn.scp scp:data/head_eval_test/split12/1/feats.scp ark:- | splice-feats --left-context=3 --right-context=3 ark:- ark:- | transform-feats exp-kaldi-lang/tri4b/final.mat ark:- ark:- |' ark,s,cs:- ark:exp-kaldi-lang/tri4b/decode/pre_trans.1 
gmm-post-to-gpost exp-kaldi-lang/tri4b/final.alimdl 'ark,s,cs:apply-cmvn  --utt2spk=ark:data/head_eval_test/split12/1/utt2spk scp:data/head_eval_test/split12/1/cmvn.scp scp:data/head_eval_test/split12/1/feats.scp ark:- | splice-feats --left-context=3 --right-context=3 ark:- ark:- | transform-feats exp-kaldi-lang/tri4b/final.mat ark:- ark:- |' ark:- ark:- 
weight-silence-post 0.01 1:2:3:4:5:6:7:8:9:10:11:12:13:14:15 exp-kaldi-lang/tri4b/final.alimdl ark:- ark:- 
transform-feats exp-kaldi-lang/tri4b/final.mat ark:- ark:- 
splice-feats --left-context=3 --right-context=3 ark:- ark:- 
apply-cmvn --utt2spk=ark:data/head_eval_test/split12/1/utt2spk scp:data/head_eval_test/split12/1/cmvn.scp scp:data/head_eval_test/split12/1/feats.scp ark:- 
transform-feats exp-kaldi-lang/tri4b/final.mat ark:- ark:- 
splice-feats --left-context=3 --right-context=3 ark:- ark:- 
apply-cmvn --utt2spk=ark:data/head_eval_test/split12/1/utt2spk scp:data/head_eval_test/split12/1/cmvn.scp scp:data/head_eval_test/split12/1/feats.scp ark:- 
LOG (lattice-to-post:main():lattice-to-post.cc:106) Overall average log-like/frame is -4.06497 over 65715 frames.  Average acoustic like/frame is -3.88962
LOG (lattice-to-post:main():lattice-to-post.cc:110) Done 98 lattices.
LOG (apply-cmvn:main():apply-cmvn.cc:146) Applied cepstral mean normalization to 98 utterances, errors on 0
LOG (apply-cmvn:main():apply-cmvn.cc:146) Applied cepstral mean normalization to 98 utterances, errors on 0
LOG (weight-silence-post:main():weight-silence-post.cc:95) Done 98 posteriors.
LOG (transform-feats:main():transform-feats.cc:158) Overall average [pseudo-]logdet is -94.5186 over 65715 frames.
LOG (transform-feats:main():transform-feats.cc:161) Applied transform to 98 utterances; 0 had errors.
LOG (transform-feats:main():transform-feats.cc:158) Overall average [pseudo-]logdet is -94.5186 over 65715 frames.
LOG (transform-feats:main():transform-feats.cc:161) Applied transform to 98 utterances; 0 had errors.
LOG (gmm-post-to-gpost:main():gmm-post-to-gpost.cc:124) Done 98 files, 0 with no posteriors, 0 with other errors.
LOG (gmm-post-to-gpost:main():gmm-post-to-gpost.cc:128) Overall avg like per frame (Gaussian only) = -51.2114 over 49661.7 frames.
LOG (gmm-post-to-gpost:main():gmm-post-to-gpost.cc:131) Done converting post to gpost
LOG (gmm-est-fmllr-gpost:ComputeFmllrMatrixDiagGmmFull():fmllr-diag-gmm.cc:262) fMLLR objf improvement is 7.70115 per frame over 49661.6 frames.
LOG (gmm-est-fmllr-gpost:main():gmm-est-fmllr-gpost.cc:141) For speaker c30, auxf-impr from fMLLR is 7.70115, over 49661.6 frames.
LOG (gmm-est-fmllr-gpost:main():gmm-est-fmllr-gpost.cc:186) Done 98 files, 0 with no gposts, 0 with other errors.
LOG (gmm-est-fmllr-gpost:main():gmm-est-fmllr-gpost.cc:188) Overall fMLLR auxf impr per frame is 7.70115 over 49661.6 frames.
# Accounting: time=4 threads=1
# Ended (code 0) at Thu Jul 27 15:43:04 BST 2017, elapsed time 4 seconds
