# gunzip -c exp-kaldi-lang/tri4b/decode.si/lat.12.gz | lattice-to-post --acoustic-scale=0.083333 ark:- ark:- | weight-silence-post 0.01 1:2:3:4:5:6:7:8:9:10:11:12:13:14:15 exp-kaldi-lang/tri4b/final.alimdl ark:- ark:- | gmm-post-to-gpost exp-kaldi-lang/tri4b/final.alimdl "ark,s,cs:apply-cmvn  --utt2spk=ark:data/head_eval_test/split12/12/utt2spk scp:data/head_eval_test/split12/12/cmvn.scp scp:data/head_eval_test/split12/12/feats.scp ark:- | splice-feats --left-context=3 --right-context=3 ark:- ark:- | transform-feats exp-kaldi-lang/tri4b/final.mat ark:- ark:- |" ark:- ark:- | gmm-est-fmllr-gpost --fmllr-update-type=full --spk2utt=ark:data/head_eval_test/split12/12/spk2utt exp-kaldi-lang/tri4b/final.mdl "ark,s,cs:apply-cmvn  --utt2spk=ark:data/head_eval_test/split12/12/utt2spk scp:data/head_eval_test/split12/12/cmvn.scp scp:data/head_eval_test/split12/12/feats.scp ark:- | splice-feats --left-context=3 --right-context=3 ark:- ark:- | transform-feats exp-kaldi-lang/tri4b/final.mat ark:- ark:- |" ark,s,cs:- ark:exp-kaldi-lang/tri4b/decode/pre_trans.12 
# Started at Thu Jul 27 15:43:00 BST 2017
#
gmm-est-fmllr-gpost --fmllr-update-type=full --spk2utt=ark:data/head_eval_test/split12/12/spk2utt exp-kaldi-lang/tri4b/final.mdl 'ark,s,cs:apply-cmvn  --utt2spk=ark:data/head_eval_test/split12/12/utt2spk scp:data/head_eval_test/split12/12/cmvn.scp scp:data/head_eval_test/split12/12/feats.scp ark:- | splice-feats --left-context=3 --right-context=3 ark:- ark:- | transform-feats exp-kaldi-lang/tri4b/final.mat ark:- ark:- |' ark,s,cs:- ark:exp-kaldi-lang/tri4b/decode/pre_trans.12 
lattice-to-post --acoustic-scale=0.083333 ark:- ark:- 
gmm-post-to-gpost exp-kaldi-lang/tri4b/final.alimdl 'ark,s,cs:apply-cmvn  --utt2spk=ark:data/head_eval_test/split12/12/utt2spk scp:data/head_eval_test/split12/12/cmvn.scp scp:data/head_eval_test/split12/12/feats.scp ark:- | splice-feats --left-context=3 --right-context=3 ark:- ark:- | transform-feats exp-kaldi-lang/tri4b/final.mat ark:- ark:- |' ark:- ark:- 
weight-silence-post 0.01 1:2:3:4:5:6:7:8:9:10:11:12:13:14:15 exp-kaldi-lang/tri4b/final.alimdl ark:- ark:- 
transform-feats exp-kaldi-lang/tri4b/final.mat ark:- ark:- 
splice-feats --left-context=3 --right-context=3 ark:- ark:- 
apply-cmvn --utt2spk=ark:data/head_eval_test/split12/12/utt2spk scp:data/head_eval_test/split12/12/cmvn.scp scp:data/head_eval_test/split12/12/feats.scp ark:- 
transform-feats exp-kaldi-lang/tri4b/final.mat ark:- ark:- 
splice-feats --left-context=3 --right-context=3 ark:- ark:- 
apply-cmvn --utt2spk=ark:data/head_eval_test/split12/12/utt2spk scp:data/head_eval_test/split12/12/cmvn.scp scp:data/head_eval_test/split12/12/feats.scp ark:- 
LOG (lattice-to-post:main():lattice-to-post.cc:106) Overall average log-like/frame is -4.17729 over 56325 frames.  Average acoustic like/frame is -3.98905
LOG (lattice-to-post:main():lattice-to-post.cc:110) Done 96 lattices.
LOG (apply-cmvn:main():apply-cmvn.cc:146) Applied cepstral mean normalization to 96 utterances, errors on 0
LOG (weight-silence-post:main():weight-silence-post.cc:95) Done 96 posteriors.
LOG (apply-cmvn:main():apply-cmvn.cc:146) Applied cepstral mean normalization to 96 utterances, errors on 0
LOG (transform-feats:main():transform-feats.cc:158) Overall average [pseudo-]logdet is -94.5186 over 56325 frames.
LOG (transform-feats:main():transform-feats.cc:161) Applied transform to 96 utterances; 0 had errors.
LOG (transform-feats:main():transform-feats.cc:158) Overall average [pseudo-]logdet is -94.5186 over 56325 frames.
LOG (transform-feats:main():transform-feats.cc:161) Applied transform to 96 utterances; 0 had errors.
LOG (gmm-post-to-gpost:main():gmm-post-to-gpost.cc:124) Done 96 files, 0 with no posteriors, 0 with other errors.
LOG (gmm-post-to-gpost:main():gmm-post-to-gpost.cc:128) Overall avg like per frame (Gaussian only) = -49.2152 over 47826.5 frames.
LOG (gmm-post-to-gpost:main():gmm-post-to-gpost.cc:131) Done converting post to gpost
LOG (gmm-est-fmllr-gpost:ComputeFmllrMatrixDiagGmmFull():fmllr-diag-gmm.cc:262) fMLLR objf improvement is 4.60238 per frame over 47826.5 frames.
LOG (gmm-est-fmllr-gpost:main():gmm-est-fmllr-gpost.cc:141) For speaker c48, auxf-impr from fMLLR is 4.60238, over 47826.5 frames.
LOG (gmm-est-fmllr-gpost:main():gmm-est-fmllr-gpost.cc:186) Done 96 files, 0 with no gposts, 0 with other errors.
LOG (gmm-est-fmllr-gpost:main():gmm-est-fmllr-gpost.cc:188) Overall fMLLR auxf impr per frame is 4.60238 over 47826.5 frames.
# Accounting: time=3 threads=1
# Ended (code 0) at Thu Jul 27 15:43:03 BST 2017, elapsed time 3 seconds
