# gunzip -c exp-kaldi-lang/tri4b/decode.si/lat.11.gz | lattice-to-post --acoustic-scale=0.083333 ark:- ark:- | weight-silence-post 0.01 1:2:3:4:5:6:7:8:9:10:11:12:13:14:15 exp-kaldi-lang/tri4b/final.alimdl ark:- ark:- | gmm-post-to-gpost exp-kaldi-lang/tri4b/final.alimdl "ark,s,cs:apply-cmvn  --utt2spk=ark:data/head_eval_test/split12/11/utt2spk scp:data/head_eval_test/split12/11/cmvn.scp scp:data/head_eval_test/split12/11/feats.scp ark:- | splice-feats --left-context=3 --right-context=3 ark:- ark:- | transform-feats exp-kaldi-lang/tri4b/final.mat ark:- ark:- |" ark:- ark:- | gmm-est-fmllr-gpost --fmllr-update-type=full --spk2utt=ark:data/head_eval_test/split12/11/spk2utt exp-kaldi-lang/tri4b/final.mdl "ark,s,cs:apply-cmvn  --utt2spk=ark:data/head_eval_test/split12/11/utt2spk scp:data/head_eval_test/split12/11/cmvn.scp scp:data/head_eval_test/split12/11/feats.scp ark:- | splice-feats --left-context=3 --right-context=3 ark:- ark:- | transform-feats exp-kaldi-lang/tri4b/final.mat ark:- ark:- |" ark,s,cs:- ark:exp-kaldi-lang/tri4b/decode/pre_trans.11 
# Started at Thu Jul 27 15:43:00 BST 2017
#
gmm-est-fmllr-gpost --fmllr-update-type=full --spk2utt=ark:data/head_eval_test/split12/11/spk2utt exp-kaldi-lang/tri4b/final.mdl 'ark,s,cs:apply-cmvn  --utt2spk=ark:data/head_eval_test/split12/11/utt2spk scp:data/head_eval_test/split12/11/cmvn.scp scp:data/head_eval_test/split12/11/feats.scp ark:- | splice-feats --left-context=3 --right-context=3 ark:- ark:- | transform-feats exp-kaldi-lang/tri4b/final.mat ark:- ark:- |' ark,s,cs:- ark:exp-kaldi-lang/tri4b/decode/pre_trans.11 
weight-silence-post 0.01 1:2:3:4:5:6:7:8:9:10:11:12:13:14:15 exp-kaldi-lang/tri4b/final.alimdl ark:- ark:- 
lattice-to-post --acoustic-scale=0.083333 ark:- ark:- 
gmm-post-to-gpost exp-kaldi-lang/tri4b/final.alimdl 'ark,s,cs:apply-cmvn  --utt2spk=ark:data/head_eval_test/split12/11/utt2spk scp:data/head_eval_test/split12/11/cmvn.scp scp:data/head_eval_test/split12/11/feats.scp ark:- | splice-feats --left-context=3 --right-context=3 ark:- ark:- | transform-feats exp-kaldi-lang/tri4b/final.mat ark:- ark:- |' ark:- ark:- 
transform-feats exp-kaldi-lang/tri4b/final.mat ark:- ark:- 
splice-feats --left-context=3 --right-context=3 ark:- ark:- 
apply-cmvn --utt2spk=ark:data/head_eval_test/split12/11/utt2spk scp:data/head_eval_test/split12/11/cmvn.scp scp:data/head_eval_test/split12/11/feats.scp ark:- 
transform-feats exp-kaldi-lang/tri4b/final.mat ark:- ark:- 
splice-feats --left-context=3 --right-context=3 ark:- ark:- 
apply-cmvn --utt2spk=ark:data/head_eval_test/split12/11/utt2spk scp:data/head_eval_test/split12/11/cmvn.scp scp:data/head_eval_test/split12/11/feats.scp ark:- 
LOG (lattice-to-post:main():lattice-to-post.cc:106) Overall average log-like/frame is -4.1672 over 55662 frames.  Average acoustic like/frame is -3.96698
LOG (lattice-to-post:main():lattice-to-post.cc:110) Done 99 lattices.
LOG (weight-silence-post:main():weight-silence-post.cc:95) Done 99 posteriors.
LOG (apply-cmvn:main():apply-cmvn.cc:146) Applied cepstral mean normalization to 99 utterances, errors on 0
LOG (apply-cmvn:main():apply-cmvn.cc:146) Applied cepstral mean normalization to 99 utterances, errors on 0
LOG (transform-feats:main():transform-feats.cc:158) Overall average [pseudo-]logdet is -94.5186 over 55662 frames.
LOG (transform-feats:main():transform-feats.cc:161) Applied transform to 99 utterances; 0 had errors.
LOG (transform-feats:main():transform-feats.cc:158) Overall average [pseudo-]logdet is -94.5186 over 55662 frames.
LOG (transform-feats:main():transform-feats.cc:161) Applied transform to 99 utterances; 0 had errors.
LOG (gmm-post-to-gpost:main():gmm-post-to-gpost.cc:124) Done 99 files, 0 with no posteriors, 0 with other errors.
LOG (gmm-post-to-gpost:main():gmm-post-to-gpost.cc:128) Overall avg like per frame (Gaussian only) = -48.9174 over 48039 frames.
LOG (gmm-post-to-gpost:main():gmm-post-to-gpost.cc:131) Done converting post to gpost
LOG (gmm-est-fmllr-gpost:ComputeFmllrMatrixDiagGmmFull():fmllr-diag-gmm.cc:262) fMLLR objf improvement is 3.22309 per frame over 48039 frames.
LOG (gmm-est-fmllr-gpost:main():gmm-est-fmllr-gpost.cc:141) For speaker c46, auxf-impr from fMLLR is 3.22309, over 48039 frames.
LOG (gmm-est-fmllr-gpost:main():gmm-est-fmllr-gpost.cc:186) Done 99 files, 0 with no gposts, 0 with other errors.
LOG (gmm-est-fmllr-gpost:main():gmm-est-fmllr-gpost.cc:188) Overall fMLLR auxf impr per frame is 3.22309 over 48039 frames.
# Accounting: time=3 threads=1
# Ended (code 0) at Thu Jul 27 15:43:03 BST 2017, elapsed time 3 seconds
