# lattice-determinize-pruned --acoustic-scale=0.083333 --beam=4.0 "ark:gunzip -c exp-kaldi-lang/tri4b/decode/lat.tmp.8.gz|" ark:- | lattice-to-post --acoustic-scale=0.083333 ark:- ark:- | weight-silence-post 0.01 1:2:3:4:5:6:7:8:9:10:11:12:13:14:15 exp-kaldi-lang/tri4b/final.mdl ark:- ark:- | gmm-est-fmllr --fmllr-update-type=full --spk2utt=ark:data/head_eval_test/split12/8/spk2utt exp-kaldi-lang/tri4b/final.mdl "ark,s,cs:apply-cmvn  --utt2spk=ark:data/head_eval_test/split12/8/utt2spk scp:data/head_eval_test/split12/8/cmvn.scp scp:data/head_eval_test/split12/8/feats.scp ark:- | splice-feats --left-context=3 --right-context=3 ark:- ark:- | transform-feats exp-kaldi-lang/tri4b/final.mat ark:- ark:- | transform-feats --utt2spk=ark:data/head_eval_test/split12/8/utt2spk ark:exp-kaldi-lang/tri4b/decode/pre_trans.8 ark:- ark:- |" ark,s,cs:- ark:exp-kaldi-lang/tri4b/decode/trans_tmp.8 && compose-transforms --b-is-affine=true ark:exp-kaldi-lang/tri4b/decode/trans_tmp.8 ark:exp-kaldi-lang/tri4b/decode/pre_trans.8 ark:exp-kaldi-lang/tri4b/decode/trans.8 
# Started at Thu Jul 27 15:47:46 BST 2017
#
gmm-est-fmllr --fmllr-update-type=full --spk2utt=ark:data/head_eval_test/split12/8/spk2utt exp-kaldi-lang/tri4b/final.mdl 'ark,s,cs:apply-cmvn  --utt2spk=ark:data/head_eval_test/split12/8/utt2spk scp:data/head_eval_test/split12/8/cmvn.scp scp:data/head_eval_test/split12/8/feats.scp ark:- | splice-feats --left-context=3 --right-context=3 ark:- ark:- | transform-feats exp-kaldi-lang/tri4b/final.mat ark:- ark:- | transform-feats --utt2spk=ark:data/head_eval_test/split12/8/utt2spk ark:exp-kaldi-lang/tri4b/decode/pre_trans.8 ark:- ark:- |' ark,s,cs:- ark:exp-kaldi-lang/tri4b/decode/trans_tmp.8 
lattice-determinize-pruned --acoustic-scale=0.083333 --beam=4.0 'ark:gunzip -c exp-kaldi-lang/tri4b/decode/lat.tmp.8.gz|' ark:- 
lattice-to-post --acoustic-scale=0.083333 ark:- ark:- 
weight-silence-post 0.01 1:2:3:4:5:6:7:8:9:10:11:12:13:14:15 exp-kaldi-lang/tri4b/final.mdl ark:- ark:- 
splice-feats --left-context=3 --right-context=3 ark:- ark:- 
apply-cmvn --utt2spk=ark:data/head_eval_test/split12/8/utt2spk scp:data/head_eval_test/split12/8/cmvn.scp scp:data/head_eval_test/split12/8/feats.scp ark:- 
transform-feats --utt2spk=ark:data/head_eval_test/split12/8/utt2spk ark:exp-kaldi-lang/tri4b/decode/pre_trans.8 ark:- ark:- 
transform-feats exp-kaldi-lang/tri4b/final.mat ark:- ark:- 
LOG (apply-cmvn:main():apply-cmvn.cc:146) Applied cepstral mean normalization to 95 utterances, errors on 0
LOG (transform-feats:main():transform-feats.cc:158) Overall average [pseudo-]logdet is -94.5186 over 67269 frames.
LOG (transform-feats:main():transform-feats.cc:161) Applied transform to 95 utterances; 0 had errors.
LOG (transform-feats:main():transform-feats.cc:158) Overall average logdet is 0.877845 over 67269 frames.
LOG (transform-feats:main():transform-feats.cc:161) Applied transform to 95 utterances; 0 had errors.
LOG (lattice-determinize-pruned:main():lattice-determinize-pruned.cc:117) Done 95 lattices, determinization finished earlier than specified by the beam (or output was empty) on 0 of these.
LOG (lattice-to-post:main():lattice-to-post.cc:106) Overall average log-like/frame is -3.86323 over 67269 frames.  Average acoustic like/frame is -3.68472
LOG (lattice-to-post:main():lattice-to-post.cc:110) Done 95 lattices.
LOG (weight-silence-post:main():weight-silence-post.cc:95) Done 95 posteriors.
LOG (gmm-est-fmllr:ComputeFmllrMatrixDiagGmmFull():fmllr-diag-gmm.cc:262) fMLLR objf improvement is 0.070447 per frame over 49389.9 frames.
LOG (gmm-est-fmllr:main():gmm-est-fmllr.cc:143) For speaker c3q, auxf-impr from fMLLR is 0.070447, over 49389.9 frames.
LOG (gmm-est-fmllr:main():gmm-est-fmllr.cc:188) Done 95 files, 0 with no posts, 0 with other errors.
LOG (gmm-est-fmllr:main():gmm-est-fmllr.cc:190) Overall fMLLR auxf impr per frame is 0.070447 over 49389.9 frames.
compose-transforms --b-is-affine=true ark:exp-kaldi-lang/tri4b/decode/trans_tmp.8 ark:exp-kaldi-lang/tri4b/decode/pre_trans.8 ark:exp-kaldi-lang/tri4b/decode/trans.8 
# Accounting: time=8 threads=1
# Ended (code 0) at Thu Jul 27 15:47:54 BST 2017, elapsed time 8 seconds
