# gmm-latgen-faster --max-active=2000 --beam=10.0 --lattice-beam=6.0 --acoustic-scale=0.083333 --allow-partial=true --word-symbol-table=exp-kaldi-lang/tri4b/graph/words.txt exp-kaldi-lang/tri4b/final.alimdl exp-kaldi-lang/tri4b/graph/HCLG.fst "ark,s,cs:apply-cmvn  --utt2spk=ark:data/head_eval_test/split12/2/utt2spk scp:data/head_eval_test/split12/2/cmvn.scp scp:data/head_eval_test/split12/2/feats.scp ark:- | splice-feats --left-context=3 --right-context=3 ark:- ark:- | transform-feats exp-kaldi-lang/tri4b/final.mat ark:- ark:- |" "ark:|gzip -c > exp-kaldi-lang/tri4b/decode.si/lat.2.gz" 
# Started at Thu Jul 27 15:39:35 BST 2017
#
gmm-latgen-faster --max-active=2000 --beam=10.0 --lattice-beam=6.0 --acoustic-scale=0.083333 --allow-partial=true --word-symbol-table=exp-kaldi-lang/tri4b/graph/words.txt exp-kaldi-lang/tri4b/final.alimdl exp-kaldi-lang/tri4b/graph/HCLG.fst 'ark,s,cs:apply-cmvn  --utt2spk=ark:data/head_eval_test/split12/2/utt2spk scp:data/head_eval_test/split12/2/cmvn.scp scp:data/head_eval_test/split12/2/feats.scp ark:- | splice-feats --left-context=3 --right-context=3 ark:- ark:- | transform-feats exp-kaldi-lang/tri4b/final.mat ark:- ark:- |' 'ark:|gzip -c > exp-kaldi-lang/tri4b/decode.si/lat.2.gz' 
transform-feats exp-kaldi-lang/tri4b/final.mat ark:- ark:- 
apply-cmvn --utt2spk=ark:data/head_eval_test/split12/2/utt2spk scp:data/head_eval_test/split12/2/cmvn.scp scp:data/head_eval_test/split12/2/feats.scp ark:- 
splice-feats --left-context=3 --right-context=3 ark:- ark:- 
c32a0101-head 
LOG (gmm-latgen-faster:DecodeUtteranceLatticeFaster():decoder-wrappers.cc:285) Log-like per frame for utterance c32a0101-head is -1.92704 over 298 frames.
c32a0102-head SHE HAD YOUR DARK SUIT IN GREASY WASH WATER ALL YEAR 
LOG (gmm-latgen-faster:DecodeUtteranceLatticeFaster():decoder-wrappers.cc:285) Log-like per frame for utterance c32a0102-head is -3.44813 over 520 frames.
c32a0103-head DON'T ASK ME TO CARRY AN OILY RAG LIKE THAT 
LOG (gmm-latgen-faster:DecodeUtteranceLatticeFaster():decoder-wrappers.cc:285) Log-like per frame for utterance c32a0103-head is -3.5712 over 451 frames.
c32a0104-head THE FEMALE PRODUCES A LITTER OF TWO TO FOUR YOUNG IN NOVEMBER AND DECEMBER 
LOG (gmm-latgen-faster:DecodeUtteranceLatticeFaster():decoder-wrappers.cc:285) Log-like per frame for utterance c32a0104-head is -3.54842 over 482 frames.
c32a0105-head NUMEROUS WORKS OF ART ARE BASED ON THE STORY OF THE SACRIFICE OF ISAAC 
LOG (gmm-latgen-faster:DecodeUtteranceLatticeFaster():decoder-wrappers.cc:285) Log-like per frame for utterance c32a0105-head is -3.53154 over 576 frames.
c32a0106-head THEIR SOLUTION REQUIRES DEVELOPMENT OF THE HUMAN CAPACITY FOR SOCIAL INTEREST 
LOG (gmm-latgen-faster:DecodeUtteranceLatticeFaster():decoder-wrappers.cc:285) Log-like per frame for utterance c32a0106-head is -3.66228 over 551 frames.
c32a0107-head HIS MOST SIGNIFICANT SCIENTIFIC PUBLICATIONS WERE STUDIES OF BIRDS AND ANIMALS 
LOG (gmm-latgen-faster:DecodeUtteranceLatticeFaster():decoder-wrappers.cc:285) Log-like per frame for utterance c32a0107-head is -3.28883 over 770 frames.
c32a0108-head IN RECENT YEARS SHE HAS PRIMARILY APPEARED IN TELEVISION FILMS SUCH AS LITTLE GLORIA 
LOG (gmm-latgen-faster:DecodeUtteranceLatticeFaster():decoder-wrappers.cc:285) Log-like per frame for utterance c32a0108-head is -3.61052 over 620 frames.
c32a0109-head THE PROCESS BY WHICH THE LENS FOCUSES ON EXTERNAL OBJECTS IS CALLED ACCOMMODATION 
LOG (gmm-latgen-faster:DecodeUtteranceLatticeFaster():decoder-wrappers.cc:285) Log-like per frame for utterance c32a0109-head is -3.62483 over 620 frames.
c32a010a-head TWO NARROW GAUGE RAILROADS FROM CHINA ENTER THE CITY FROM THE NORTHEAST AND NORTHWEST 
LOG (gmm-latgen-faster:DecodeUtteranceLatticeFaster():decoder-wrappers.cc:285) Log-like per frame for utterance c32a010a-head is -3.67456 over 639 frames.
c32a010b-head SOME MAPS USE BANDS OF COLOR TO INDICATE DIFFERENT INTERVALS OF VALUE 
LOG (gmm-latgen-faster:DecodeUtteranceLatticeFaster():decoder-wrappers.cc:285) Log-like per frame for utterance c32a010b-head is -3.59653 over 470 frames.
c32a010c-head ORIGINS OR CAUSES OF SPONTANEOUS MUTATION ARE NOT YET COMPLETELY CLEAR 
LOG (gmm-latgen-faster:DecodeUtteranceLatticeFaster():decoder-wrappers.cc:285) Log-like per frame for utterance c32a010c-head is -3.66734 over 607 frames.
c32a010d-head UNUSUALLY HIGH LEVELS OF RADIATION WERE DETECTED IN MANY EUROPEAN COUNTRIES 
LOG (gmm-latgen-faster:DecodeUtteranceLatticeFaster():decoder-wrappers.cc:285) Log-like per frame for utterance c32a010d-head is -3.62593 over 545 frames.
c32a010e-head BOTH PETROLEUM AND NATURAL GAS DEPOSITS ARE SCATTERED THROUGH EASTERN OHIO 
LOG (gmm-latgen-faster:DecodeUtteranceLatticeFaster():decoder-wrappers.cc:285) Log-like per frame for utterance c32a010e-head is -3.73818 over 632 frames.
c32a010f-head FOR THE FIRST TIME IN YEARS THE REPUBLICANS ALSO CAPTURED BOTH HOUSES OF CONGRESS 
LOG (gmm-latgen-faster:DecodeUtteranceLatticeFaster():decoder-wrappers.cc:285) Log-like per frame for utterance c32a010f-head is -3.66813 over 539 frames.
c32a010g-head THE SOUTH CAROLINA EDUCATIONAL RADIO NETWORK HAS WON NATIONAL BROADCASTING AWARDS 
LOG (gmm-latgen-faster:DecodeUtteranceLatticeFaster():decoder-wrappers.cc:285) Log-like per frame for utterance c32a010g-head is -3.70623 over 695 frames.
c32a010h-head A TANKER IS A SHIP DESIGNED TO CARRY LARGE VOLUMES OF OIL OR OTHER LIQUID CARGO 
LOG (gmm-latgen-faster:DecodeUtteranceLatticeFaster():decoder-wrappers.cc:285) Log-like per frame for utterance c32a010h-head is -3.67729 over 526 frames.
c32c0201-head NOT MUCH WORKERS GOING DOME IN THE NATION'S CAPITAL 
LOG (gmm-latgen-faster:DecodeUtteranceLatticeFaster():decoder-wrappers.cc:285) Log-like per frame for utterance c32c0201-head is -3.73418 over 414 frames.
c32c0202-head EVERYONE MERIT WATCHING TELEVISION 
LOG (gmm-latgen-faster:DecodeUtteranceLatticeFaster():decoder-wrappers.cc:285) Log-like per frame for utterance c32c0202-head is -3.77631 over 301 frames.
c32c0203-head ALL THREE NETWORKS YESTERDAY BROADCAST LIVE COVERAGE OF A CONGRESSIONAL COMMITTEE'S HEARINGS INTO THE IRANIAN ARMS DEAL 
LOG (gmm-latgen-faster:DecodeUtteranceLatticeFaster():decoder-wrappers.cc:285) Log-like per frame for utterance c32c0203-head is -3.83701 over 751 frames.
c32c0204-head IN NEW YORK STOCK EXCHANGE COMPOSITE TRADING YESTERDAY ALLIED SIGNAL CLOSED AT FORTY TWO POINT EIGHT SEVEN FIVE DOLLARS UP SEVENTY FIVE CENTS 
LOG (gmm-latgen-faster:DecodeUtteranceLatticeFaster():decoder-wrappers.cc:285) Log-like per frame for utterance c32c0204-head is -3.71129 over 1245 frames.
c32c0205-head TYPICALLY INVESTORS BID AT THE COMPANY'S STOCK PRICE ON NEWS THAT IT WILL BE REDUCING THE AMOUNT OF SHARES OF OWNER BURNHAM THE MARKET 
LOG (gmm-latgen-faster:DecodeUtteranceLatticeFaster():decoder-wrappers.cc:285) Log-like per frame for utterance c32c0205-head is -3.76082 over 776 frames.
c32c0206-head REDUCING THE NUMBER OF SHARES USUALLY BOOSTS PER SHARE EARNINGS 
LOG (gmm-latgen-faster:DecodeUtteranceLatticeFaster():decoder-wrappers.cc:285) Log-like per frame for utterance c32c0206-head is -3.78061 over 426 frames.
c32c0207-head THE SEVEN UNITS TO BE OFFERED FOR SALE HAVE A WORK FORCE OF ABOUT TWENTY THOUSAND 
LOG (gmm-latgen-faster:DecodeUtteranceLatticeFaster():decoder-wrappers.cc:285) Log-like per frame for utterance c32c0207-head is -3.79733 over 557 frames.
c32c0208-head ALLIED SIGNAL EMPLOYS A TOTAL OF ABOUT ONE HUNDRED FORTY THOUSAND WORKERS 
LOG (gmm-latgen-faster:DecodeUtteranceLatticeFaster():decoder-wrappers.cc:285) Log-like per frame for utterance c32c0208-head is -3.81109 over 664 frames.
c32c0209-head A BUSINESSES FOR SALE WILL ACCOUNT FOR ABOUT FOURTEEN PERCENT OF ALLIED SIGNAL'S ESTIMATED NINETEEN EIGHTY SIX SALES OF LEVAN BILLION DOLLARS 
LOG (gmm-latgen-faster:DecodeUtteranceLatticeFaster():decoder-wrappers.cc:285) Log-like per frame for utterance c32c0209-head is -3.76547 over 939 frames.
c32c020a-head OPERATING PROFIT OF THE UNITS ARE FOR SALE WEREN'T DISCLOSED 
LOG (gmm-latgen-faster:DecodeUtteranceLatticeFaster():decoder-wrappers.cc:285) Log-like per frame for utterance c32c020a-head is -3.78518 over 476 frames.
c32c020b-head IT WASN'T A TREMENDOUS GROWTH ORIENTED BUSINESS THE SPOKESMAN SAID 
LOG (gmm-latgen-faster:DecodeUtteranceLatticeFaster():decoder-wrappers.cc:285) Log-like per frame for utterance c32c020b-head is -4.02514 over 407 frames.
c32c020c-head HE ADDED THAT POLITICAL TENDER ASIANS DIDN'T PLAY A SIGNIFICANT ROLE 
LOG (gmm-latgen-faster:DecodeUtteranceLatticeFaster():decoder-wrappers.cc:285) Log-like per frame for utterance c32c020c-head is -4.09615 over 526 frames.
c32c020d-head A NUMBER OF MAJOR U. S. COMPANIES INCLUDING GENERAL MOTORS CORPORATION AND INTERNATIONAL BUSINESS MACHINES CORPORATION HAVE PULLED OUT OF SOUTH AFRICA IN RECENT MONTHS 
LOG (gmm-latgen-faster:DecodeUtteranceLatticeFaster():decoder-wrappers.cc:285) Log-like per frame for utterance c32c020d-head is -4.0657 over 1120 frames.
c32c020e-head FEW OBSERVERS ARE OPTIMISTIC ABOUT THE COURT'S OTHER PROBLEMS 
LOG (gmm-latgen-faster:DecodeUtteranceLatticeFaster():decoder-wrappers.cc:285) Log-like per frame for utterance c32c020e-head is -4.19523 over 364 frames.
c32c020f-head ACCORDING TO THE ADMINISTRATIVE OFFICES OF THE U. S. COURTS ONLY HALF OF THE FIFTY BANKRUPTCY JUDGES WHOSE TERMS EXPIRE BY NINETEEN EIGHTY EIGHT WILL RETURN 
LOG (gmm-latgen-faster:DecodeUtteranceLatticeFaster():decoder-wrappers.cc:285) Log-like per frame for utterance c32c020f-head is -3.81939 over 1095 frames.
c32c020g-head THE AGENCY ALSO PREDICTS THAT NUMBER BANKRUPTCY FILINGS WILL RISE SEVENTEEN PERCENT IN THE YEAR ENDING SEPTEMBER THIRTIETH NINETEEN EIGHTY SEVEN 
LOG (gmm-latgen-faster:DecodeUtteranceLatticeFaster():decoder-wrappers.cc:285) Log-like per frame for utterance c32c020g-head is -3.86089 over 989 frames.
c32c020h-head THE NEED FOR ECONOMY HAS ALSO HELD TO A HANDFUL THAT EXPENSIVE BUT ALL IMPORTANT LONGITUDINAL SURVEYS THAT FOLLOW A GROUP OF PEOPLE OVER MANY YEARS 
LOG (gmm-latgen-faster:DecodeUtteranceLatticeFaster():decoder-wrappers.cc:285) Log-like per frame for utterance c32c020h-head is -3.92279 over 1007 frames.
c32c020i-head FOR EXAMPLE THE GOVERNMENT WOULD LIKE TO KNOW MORE ABOUT THE WAY ELDERLY PEOPLE MOVE FROM INDEPENDENT LIVING TO COMMUNITY CARE TO PERHAPS A NURSING HOME OR HOSPITAL 
LOG (gmm-latgen-faster:DecodeUtteranceLatticeFaster():decoder-wrappers.cc:285) Log-like per frame for utterance c32c020i-head is -3.94198 over 970 frames.
c32c020j-head WAS SUCH KNOWLEDGE PLANNERS COULD BETTER DETERMINE WHETHER MORE COMMUNITY CARE FACILITIES COULD REDUCE THE NEED FOR NURSING HOMES OR HOSPITALS 
LOG (gmm-latgen-faster:DecodeUtteranceLatticeFaster():decoder-wrappers.cc:285) Log-like per frame for utterance c32c020j-head is -3.808 over 895 frames.
c32c020k-head OF THE CORPORATE FRONT A ONE HUNDRED MILLION DOLLAR ISSUE AMERITRUST CORPORATION SENIOR NOTES WAS OFFERED TO INVESTORS THROUGH UNDERWRITERS LED BY SHEARSON LEHMAN BROTHERS INCORPORATED 
LOG (gmm-latgen-faster:DecodeUtteranceLatticeFaster():decoder-wrappers.cc:285) Log-like per frame for utterance c32c020k-head is -3.94095 over 1270 frames.
c32c020l-head THE SEVEN AND SEVEN EIGHTHS PERCENT NOTES WERE PRICED AT NINETY NINE POINT SIX FIVE TO YIELD SEVEN POINT NINE FOUR PERCENT TO MATURITY IN NINETEEN NINETY THREE 
LOG (gmm-latgen-faster:DecodeUtteranceLatticeFaster():decoder-wrappers.cc:285) Log-like per frame for utterance c32c020l-head is -3.9041 over 1182 frames.
c32c020m-head THEY ARE RATED DOUBLE A THREE BY MOODY'S AND DOUBLE A MINUS BY S. AND P. 
LOG (gmm-latgen-faster:DecodeUtteranceLatticeFaster():decoder-wrappers.cc:285) Log-like per frame for utterance c32c020m-head is -3.72277 over 601 frames.
c32c020n-head NO ONE SEEMS TO KNOW EXACTLY HOW MANY TECHNICAL SPECIALISTS MAY BE AFFECTED 
LOG (gmm-latgen-faster:DecodeUtteranceLatticeFaster():decoder-wrappers.cc:285) Log-like per frame for utterance c32c020n-head is -3.92511 over 495 frames.
c32c020o-head BUT CALIFORNIA ALONE A STATE TAX OFFICIAL ESTIMATES HAS AS MANY AS TWO HUNDRED FIFTY THOUSAND WHO MAYBE 
LOG (gmm-latgen-faster:DecodeUtteranceLatticeFaster():decoder-wrappers.cc:285) Log-like per frame for utterance c32c020o-head is -3.80718 over 914 frames.
c32c020p-head CONGRESS IS ESTIMATED THAT THE CHANGE IN THE LAW WILL RAISE SIXTY MILLION DOLLARS IN ADDITIONAL TAXES IN THE NEXT FIVE YEARS 
LOG (gmm-latgen-faster:DecodeUtteranceLatticeFaster():decoder-wrappers.cc:285) Log-like per frame for utterance c32c020p-head is -3.92248 over 857 frames.
c32c020q-head STOCK INDEX FUTURES RALLIED IN TURN OPENING UP PREMIUMS OVER THE VALUE OF THE UNDERLYING CASH INDEXES 
LOG (gmm-latgen-faster:DecodeUtteranceLatticeFaster():decoder-wrappers.cc:285) Log-like per frame for utterance c32c020q-head is -3.89174 over 651 frames.
c32c020r-head THAT TRIGGERED MASSIVE ARBITRAGE SALES OF FUTURES AND PURCHASES OF THE UNDERLYING STOCKS 
LOG (gmm-latgen-faster:DecodeUtteranceLatticeFaster():decoder-wrappers.cc:285) Log-like per frame for utterance c32c020r-head is -4.03617 over 564 frames.
c32c020s-head THE HEAVY SELLING OF FUTURES DEPRESSED THEIR PRICES SOMEWHAT BUT LATER BUYING AS THE STOCK MARKET ROSE DROVE THE FUTURE PRICES HIGHER AGAIN 
LOG (gmm-latgen-faster:DecodeUtteranceLatticeFaster():decoder-wrappers.cc:285) Log-like per frame for utterance c32c020s-head is -3.8423 over 989 frames.
c32c020t-head P. S. A GROUP MOVED UP THREE AND SEVEN EIGHTHS TO THIRTY SIX AND ONE QUARTER 
LOG (gmm-latgen-faster:DecodeUtteranceLatticeFaster():decoder-wrappers.cc:285) Log-like per frame for utterance c32c020t-head is -4.10391 over 551 frames.
c32c020u-head U. S. AIR AGREED TO ACQUIRE P. S. A. GROUP'S UNIT PACIFIC SOUTHWEST AIRLINES FOR SEVENTEEN DOLLARS A SHARE 
LOG (gmm-latgen-faster:DecodeUtteranceLatticeFaster():decoder-wrappers.cc:285) Log-like per frame for utterance c32c020u-head is -3.75521 over 820 frames.
c32c020v-head PACIFIC SOUTHWEST AIRLINES TRADED IN THE O. T. C. MARKET ROSE OF FOUR AND THREE QUARTERS TO SIXTEEN 
LOG (gmm-latgen-faster:DecodeUtteranceLatticeFaster():decoder-wrappers.cc:285) Log-like per frame for utterance c32c020v-head is -4.07235 over 664 frames.
c32c020w-head FOR CARTER HAWLEY'S SPECIALTY STORES NINETEEN EIGHTY SIX SALES ARE EXPECTED OF A ONE POINT ONE BILLION DOLLARS 
LOG (gmm-latgen-faster:DecodeUtteranceLatticeFaster():decoder-wrappers.cc:285) Log-like per frame for utterance c32c020w-head is -4.05241 over 732 frames.
c32c020x-head PRETAX EARNINGS BEFORE INTEREST WOULD BE ONE HUNDRED SIXTEEN MILLION DOLLARS UP FROM LAST YEAR'S NINETY ONE MILLION DOLLARS ACCORDING TO THE FILING 
LOG (gmm-latgen-faster:DecodeUtteranceLatticeFaster():decoder-wrappers.cc:285) Log-like per frame for utterance c32c020x-head is -3.83433 over 932 frames.
c32c020y-head THOSE STORES HAVE A TOTAL DEBT OF SIXTY NINE MILLION DOLLARS 
LOG (gmm-latgen-faster:DecodeUtteranceLatticeFaster():decoder-wrappers.cc:285) Log-like per frame for utterance c32c020y-head is -3.57954 over 464 frames.
c32c020z-head IN ADDITION U. S. AIR HAS DEMANDED THAT P. S. A.'S UNIONS AGREE TO CHANGE CERTAIN PROVISIONS OF EXISTING CONTRACTS THAT RELATE TO MERGERS OR ACQUISITIONS 
LOG (gmm-latgen-faster:DecodeUtteranceLatticeFaster():decoder-wrappers.cc:285) Log-like per frame for utterance c32c020z-head is -3.70549 over 970 frames.
c32c0210-head A P. S. GROUP SPOKESMAN DECLINED TO SAY EXACTLY WHAT THE PROVISIONS ARE 
LOG (gmm-latgen-faster:DecodeUtteranceLatticeFaster():decoder-wrappers.cc:285) Log-like per frame for utterance c32c0210-head is -3.71866 over 557 frames.
c32c0211-head HE SAID HOWEVER THAT THEY CONCERN THE RIGHTS OF THE UNION ORGANIZATIONS AND DON'T AFFECT EMPLOYEE COMPENSATION OR BENEFITS 
LOG (gmm-latgen-faster:DecodeUtteranceLatticeFaster():decoder-wrappers.cc:285) Log-like per frame for utterance c32c0211-head is -3.79223 over 895 frames.
c32c0212-head CENTER AREA ENERGY CORPORATION CLEVELAND SAID IT BEGAN A PUBLIC OFFERING OF FOUR MILLION COMMON SHARES AT TWENTY THREE POINT ONE TWO FIVE DOLLARS A SHARE 
LOG (gmm-latgen-faster:DecodeUtteranceLatticeFaster():decoder-wrappers.cc:285) Log-like per frame for utterance c32c0212-head is -3.90051 over 1151 frames.
c32c0213-head MORGAN STANLEY AND COMPANY IS LEAD UNDERWRITER 
LOG (gmm-latgen-faster:DecodeUtteranceLatticeFaster():decoder-wrappers.cc:285) Log-like per frame for utterance c32c0213-head is -3.56949 over 476 frames.
c32c0214-head PROCEEDS WILL BE USED TO FINANCE ELECTRIC UTILITY'S CONSTRUCTION PROGRAM AND FOR GENERAL PURPOSES 
LOG (gmm-latgen-faster:DecodeUtteranceLatticeFaster():decoder-wrappers.cc:285) Log-like per frame for utterance c32c0214-head is -3.89202 over 726 frames.
c32c0215-head A NEW YORK STOCK EXCHANGE COMPOSITE TRADING FRIDAY THE COMPANY'S STOCK CLOSED AT TWENTY THREE POINT ONE TWO FIVE DOLLARS UNCHANGED 
LOG (gmm-latgen-faster:DecodeUtteranceLatticeFaster():decoder-wrappers.cc:285) Log-like per frame for utterance c32c0215-head is -3.87527 over 1014 frames.
c32c0301-head ARE CORE BRACE JOVANOVICH ROSE ONE AND ONE QUARTER TO SIXTY THREE AND ONE QUARTER IN HEAVY TRADING 
LOG (gmm-latgen-faster:DecodeUtteranceLatticeFaster():decoder-wrappers.cc:285) Log-like per frame for utterance c32c0301-head is -3.83651 over 701 frames.
c32c0302-head THE PUBLISHER PAID A SPECIAL DIVIDEND OF FORTY DOLLARS AND ONE SHARE OF THE FOUR PERCENT PREFERRED STOCK AS PART OF ITS PREVIOUSLY ANNOUNCED RESTRUCTURING PLAN 
LOG (gmm-latgen-faster:DecodeUtteranceLatticeFaster():decoder-wrappers.cc:285) Log-like per frame for utterance c32c0302-head is -3.88926 over 1089 frames.
c32c0303-head BRITISH PRINTING AND COMMUNICATION WHICH HAD BEEN TRYING TO ACQUIRE HARCOURT DROPPED ALL ITS LITIGATION AGAINST THE COMPANY 
LOG (gmm-latgen-faster:DecodeUtteranceLatticeFaster():decoder-wrappers.cc:285) Log-like per frame for utterance c32c0303-head is -4.28099 over 701 frames.
c32c0304-head COULD ALL SOME CHAIRMAN OF SCANDINAVIAN FUND WILL REMAIN IN HIS POST 
LOG (gmm-latgen-faster:DecodeUtteranceLatticeFaster():decoder-wrappers.cc:285) Log-like per frame for utterance c32c0304-head is -3.7433 over 564 frames.
c32c0305-head THE OR NICHOLS ON PRESIDENT REMAINS IN HIS POSITION THE LOSSES BOARD SEAT TO MAKE RUN FOR REPRESENTATIVES OF THE GROUP 
LOG (gmm-latgen-faster:DecodeUtteranceLatticeFaster():decoder-wrappers.cc:285) Log-like per frame for utterance c32c0305-head is -4.01282 over 851 frames.
c32c0306-head MR. ALL SOME ALSO AS CHAIRMAN OF SKANDINAVISKA ENSKILDA BANKEN ONE OF THE LARGEST BANKS IN SWEDEN 
LOG (gmm-latgen-faster:DecodeUtteranceLatticeFaster():decoder-wrappers.cc:285) Log-like per frame for utterance c32c0306-head is -3.96474 over 801 frames.
c32c0307-head COAL AND BROTHERS WON'T TALK ABOUT THE STANDOFF 
LOG (gmm-latgen-faster:DecodeUtteranceLatticeFaster():decoder-wrappers.cc:285) Log-like per frame for utterance c32c0307-head is -3.91005 over 339 frames.
c32c0308-head THE DURING THE LAST TWO YEARS THE DEVELOPER TRIED TO GET MS. HERMAN OUT TO THE BUILDING BY OFFERING HER THE CHOICE OF OTHER APARTMENTS 
LOG (gmm-latgen-faster:DecodeUtteranceLatticeFaster():decoder-wrappers.cc:285) Log-like per frame for utterance c32c0308-head is -3.93655 over 820 frames.
c32c0309-head A LAWYER SUGGESTED SHE TAKE ONE THREE BLOCKS AWAY 
LOG (gmm-latgen-faster:DecodeUtteranceLatticeFaster():decoder-wrappers.cc:285) Log-like per frame for utterance c32c0309-head is -3.62964 over 495 frames.
c32c030a-head SHE BALKED 
LOG (gmm-latgen-faster:DecodeUtteranceLatticeFaster():decoder-wrappers.cc:285) Log-like per frame for utterance c32c030a-head is -3.64888 over 182 frames.
c32c030b-head SHE ALSO REFUSED CASH OFFERS TO RELOCATE INCLUDING ONE FOR SIX HUNDRED FIFTY THOUSAND DOLLARS 
LOG (gmm-latgen-faster:DecodeUtteranceLatticeFaster():decoder-wrappers.cc:285) Log-like per frame for utterance c32c030b-head is -3.99463 over 651 frames.
c32c030c-head FOR THE FIRST NINE MONTHS OF LAST YEAR SALOMON'S EARNINGS FELL FIFTY PERCENT TO TWO HUNDRED SIXTEEN MILLION DOLLARS OR ONE DOLLAR AND FORTY TWO CENTS A SHARE 
LOG (gmm-latgen-faster:DecodeUtteranceLatticeFaster():decoder-wrappers.cc:285) Log-like per frame for utterance c32c030c-head is -3.86661 over 1120 frames.
c32c030d-head MR. GOODS FOR AND SAID YESTERDAY THAT HE DOESN'T BELIEVE OF HIS JOB WAS IN JEOPARDY 
LOG (gmm-latgen-faster:DecodeUtteranceLatticeFaster():decoder-wrappers.cc:285) Log-like per frame for utterance c32c030d-head is -3.80857 over 545 frames.
c32c030e-head I DON'T FEEL THAT PRESSURE HE SAID 
LOG (gmm-latgen-faster:DecodeUtteranceLatticeFaster():decoder-wrappers.cc:285) Log-like per frame for utterance c32c030e-head is -3.58373 over 326 frames.
c32c030f-head A THING WERE JUST DOING A BUSINESS WHICH IS WHAT WE'RE SUPPOSED TO BE DOING 
LOG (gmm-latgen-faster:DecodeUtteranceLatticeFaster():decoder-wrappers.cc:285) Log-like per frame for utterance c32c030f-head is -3.79579 over 520 frames.
c32c030g-head MR. JACOB'S EFFORTS HAVE SPARKED AN UPROAR IN SUN CITY 
LOG (gmm-latgen-faster:DecodeUtteranceLatticeFaster():decoder-wrappers.cc:285) Log-like per frame for utterance c32c030g-head is -3.60476 over 476 frames.
c32c030h-head LETTERS OF POURED INTO THE DAILY NEWS SUN THE LOCAL NEWSPAPER 
LOG (gmm-latgen-faster:DecodeUtteranceLatticeFaster():decoder-wrappers.cc:285) Log-like per frame for utterance c32c030h-head is -3.84214 over 457 frames.
c32c030i-head IF IT AGO VOTE RIGHT NOW IT WOULD GO DOWN IN DEFEAT SAYS EVELYN BARBER AN EDITOR 
LOG (gmm-latgen-faster:DecodeUtteranceLatticeFaster():decoder-wrappers.cc:285) Log-like per frame for utterance c32c030i-head is -3.93602 over 607 frames.
c32c030j-head THERE'S A COMMUNITY THE BELIEVES THAT ANYONE UNDER FIFTY WOULD ROLE IN THE LIFE STYLE 
LOG (gmm-latgen-faster:DecodeUtteranceLatticeFaster():decoder-wrappers.cc:285) Log-like per frame for utterance c32c030j-head is -4.01431 over 495 frames.
c32c030k-head THAT MAY BE THE KEY CORE 
LOG (gmm-latgen-faster:DecodeUtteranceLatticeFaster():decoder-wrappers.cc:285) Log-like per frame for utterance c32c030k-head is -3.50827 over 301 frames.
c32c030l-head HE WANTS TO BE INSIDE NOT OUTSIDE THE WAY WAS FOUR YEARS AGO 
LOG (gmm-latgen-faster:DecodeUtteranceLatticeFaster():decoder-wrappers.cc:285) Log-like per frame for utterance c32c030l-head is -3.87134 over 545 frames.
c32c030m-head ANY MY OF ONE A STRUGGLE ALREADY 
LOG (gmm-latgen-faster:DecodeUtteranceLatticeFaster():decoder-wrappers.cc:285) Log-like per frame for utterance c32c030m-head is -3.66892 over 320 frames.
c32c030n-head CITY BANK THE BANKING ARM OF NEW YORK BASED CITY CORPS HAS BEEN AN AGGRESSIVE ASSURE OF COMMERCIAL LOANS AND RESIDENTIAL MORTGAGES IN TEXAS 
LOG (gmm-latgen-faster:DecodeUtteranceLatticeFaster():decoder-wrappers.cc:285) Log-like per frame for utterance c32c030n-head is -3.84663 over 1007 frames.
c32c030o-head BILLION HASN'T ANY MAJOR DEPOSIT GATHERING ABILITIES IN THE STATE 
LOG (gmm-latgen-faster:DecodeUtteranceLatticeFaster():decoder-wrappers.cc:285) Log-like per frame for utterance c32c030o-head is -3.53031 over 495 frames.
c32c030p-head SAID HE BANKERS EXAMINED SEVERAL TEXAS BANKS OF THUS FAR HAS A SIGN OF THAT IT DIDN'T HAVE ENOUGH CONFIDENCE IN THE SHORT TERM TEXAS OUTLOOK TO TAKE THE PLUNGE 
LOG (gmm-latgen-faster:DecodeUtteranceLatticeFaster():decoder-wrappers.cc:285) Log-like per frame for utterance c32c030p-head is -3.9487 over 1045 frames.
c32c030q-head PETER WHITMAN PRESIDENT OF THE RISK WERE INVESTORS IN BOSTON AGREES THAT INTEREST RATES WILL RISE FURTHER 
LOG (gmm-latgen-faster:DecodeUtteranceLatticeFaster():decoder-wrappers.cc:285) Log-like per frame for utterance c32c030q-head is -3.88448 over 795 frames.
c32c030r-head THE NEAR TERM TREND IS UP HE SAID 
LOG (gmm-latgen-faster:DecodeUtteranceLatticeFaster():decoder-wrappers.cc:285) Log-like per frame for utterance c32c030r-head is -3.7484 over 282 frames.
c32c030s-head WE ARC NEAR TERM QUITE DEFENSIVE BUT LONGER TERM MUCH MORE OPTIMISTIC 
LOG (gmm-latgen-faster:DecodeUtteranceLatticeFaster():decoder-wrappers.cc:285) Log-like per frame for utterance c32c030s-head is -3.58952 over 657 frames.
c32c030t-head WHAT IS WORRIED ABOUT NOW IS A SURGING ECONOMY 
LOG (gmm-latgen-faster:DecodeUtteranceLatticeFaster():decoder-wrappers.cc:285) Log-like per frame for utterance c32c030t-head is -3.6952 over 389 frames.
c32c030u-head HE SEES A RECENT INTEREST RATE RISE CONTINUING WHICH WOULD BE NEGATIVE FROM A STOCKS 
LOG (gmm-latgen-faster:DecodeUtteranceLatticeFaster():decoder-wrappers.cc:285) Log-like per frame for utterance c32c030u-head is -4.10394 over 582 frames.
c32c030v-head BUT IS NOT AN ECONOMIC INDICATORS THE MOVE HIM HE GOES BY OTHER MORE TANGIBLE SIGNS THAT HE SEES IN HIS NATIVE MIDWEST 
LOG (gmm-latgen-faster:DecodeUtteranceLatticeFaster():decoder-wrappers.cc:285) Log-like per frame for utterance c32c030v-head is -3.95124 over 857 frames.
c32c030w-head A JOINT COMMISSION REPORT ON ITS JUNE NINETEEN EIGHTY SIX INSPECTION OF PARSONS WAS OBTAINED FROM NEW YORK STATE OFFICIALS 
LOG (gmm-latgen-faster:DecodeUtteranceLatticeFaster():decoder-wrappers.cc:285) Log-like per frame for utterance c32c030w-head is -3.91642 over 814 frames.
c32c030x-head THE REPORT CITED FAILURES TO COMPLETE MEDICAL PROCEDURES AND TO ADMINISTER DRUGS PROPERLY 
LOG (gmm-latgen-faster:DecodeUtteranceLatticeFaster():decoder-wrappers.cc:285) Log-like per frame for utterance c32c030x-head is -4.03923 over 570 frames.
LOG (apply-cmvn:main():apply-cmvn.cc:146) Applied cepstral mean normalization to 97 utterances, errors on 0
c32c030y-head SUMMER MERGERS THE DRUG'S RUN AVAILABLE AND OTHER DRUGS WERE OUTDATED 
LOG (gmm-latgen-faster:DecodeUtteranceLatticeFaster():decoder-wrappers.cc:285) Log-like per frame for utterance c32c030y-head is -3.94192 over 470 frames.
c32c030z-head FOR NURSING COMPROMISED PATIENT CARE 
LOG (gmm-latgen-faster:DecodeUtteranceLatticeFaster():decoder-wrappers.cc:285) Log-like per frame for utterance c32c030z-head is -3.22284 over 426 frames.
c32c0310-head TACTICIANS AND WRITERS ON EACH SIDE HAVE PICKED THE ARENAS AND CRAFTED THE WERE TO THE PRECISION THAT WOULD MAKE COMPUTERS BLUSH 
LOG (gmm-latgen-faster:DecodeUtteranceLatticeFaster():decoder-wrappers.cc:285) Log-like per frame for utterance c32c0310-head is -3.98589 over 745 frames.
c32c0311-head YEAR THE RHETORIC FALLS FLAT 
LOG (gmm-latgen-faster:DecodeUtteranceLatticeFaster():decoder-wrappers.cc:285) Log-like per frame for utterance c32c0311-head is -4.02229 over 207 frames.
c32c0312-head TOMORROW'S DEBATE WILL BE THE CANDIDATES LAST CHANCE TO STIR THEIR GIGANTIC AUDIENCE 
LOG (gmm-latgen-faster:DecodeUtteranceLatticeFaster():decoder-wrappers.cc:285) Log-like per frame for utterance c32c0312-head is -4.0175 over 526 frames.
LOG (transform-feats:main():transform-feats.cc:158) Overall average [pseudo-]logdet is -94.5186 over 64200 frames.
LOG (transform-feats:main():transform-feats.cc:161) Applied transform to 97 utterances; 0 had errors.
c32c0313-head VOTERS A STILL WAITING FOR THEM TO BREATHE FIRE INTO THE FADED CAMPAIGN 
LOG (gmm-latgen-faster:DecodeUtteranceLatticeFaster():decoder-wrappers.cc:285) Log-like per frame for utterance c32c0313-head is -3.89966 over 489 frames.
LOG (gmm-latgen-faster:main():gmm-latgen-faster.cc:176) Time taken 81.5906s: real-time factor assuming 100 frames/sec is 0.127088
LOG (gmm-latgen-faster:main():gmm-latgen-faster.cc:179) Done 97 utterances, failed for 0
LOG (gmm-latgen-faster:main():gmm-latgen-faster.cc:181) Overall log-likelihood per frame is -3.81748 over 64200 frames.
# Accounting: time=82 threads=1
# Ended (code 0) at Thu Jul 27 15:40:57 BST 2017, elapsed time 82 seconds
