# gmm-latgen-faster --max-active=2000 --beam=10.0 --lattice-beam=6.0 --acoustic-scale=0.083333 --allow-partial=true --word-symbol-table=exp-kaldi-lang/tri4b/graph/words.txt exp-kaldi-lang/tri4b/final.alimdl exp-kaldi-lang/tri4b/graph/HCLG.fst "ark,s,cs:apply-cmvn  --utt2spk=ark:data/head_eval_test/split12/10/utt2spk scp:data/head_eval_test/split12/10/cmvn.scp scp:data/head_eval_test/split12/10/feats.scp ark:- | splice-feats --left-context=3 --right-context=3 ark:- ark:- | transform-feats exp-kaldi-lang/tri4b/final.mat ark:- ark:- |" "ark:|gzip -c > exp-kaldi-lang/tri4b/decode.si/lat.10.gz" 
# Started at Thu Jul 27 15:39:35 BST 2017
#
gmm-latgen-faster --max-active=2000 --beam=10.0 --lattice-beam=6.0 --acoustic-scale=0.083333 --allow-partial=true --word-symbol-table=exp-kaldi-lang/tri4b/graph/words.txt exp-kaldi-lang/tri4b/final.alimdl exp-kaldi-lang/tri4b/graph/HCLG.fst 'ark,s,cs:apply-cmvn  --utt2spk=ark:data/head_eval_test/split12/10/utt2spk scp:data/head_eval_test/split12/10/cmvn.scp scp:data/head_eval_test/split12/10/feats.scp ark:- | splice-feats --left-context=3 --right-context=3 ark:- ark:- | transform-feats exp-kaldi-lang/tri4b/final.mat ark:- ark:- |' 'ark:|gzip -c > exp-kaldi-lang/tri4b/decode.si/lat.10.gz' 
transform-feats exp-kaldi-lang/tri4b/final.mat ark:- ark:- 
apply-cmvn --utt2spk=ark:data/head_eval_test/split12/10/utt2spk scp:data/head_eval_test/split12/10/cmvn.scp scp:data/head_eval_test/split12/10/feats.scp ark:- 
splice-feats --left-context=3 --right-context=3 ark:- ark:- 
c3ya0101-head 
LOG (gmm-latgen-faster:DecodeUtteranceLatticeFaster():decoder-wrappers.cc:285) Log-like per frame for utterance c3ya0101-head is -2.08134 over 298 frames.
c3ya0102-head SHE HAD YOUR DARK SUIT IN GREASY WASH WATER ALL YEAR 
LOG (gmm-latgen-faster:DecodeUtteranceLatticeFaster():decoder-wrappers.cc:285) Log-like per frame for utterance c3ya0102-head is -3.62466 over 595 frames.
c3ya0103-head DON'T ASK ME TO CARRY AN OILY RAG LIKE THAT 
LOG (gmm-latgen-faster:DecodeUtteranceLatticeFaster():decoder-wrappers.cc:285) Log-like per frame for utterance c3ya0103-head is -3.66609 over 589 frames.
c3ya0104-head THE FEMALE PRODUCES A LITTER OF TWO TO FOUR YOUNG IN NOVEMBER AND DECEMBER 
LOG (gmm-latgen-faster:DecodeUtteranceLatticeFaster():decoder-wrappers.cc:285) Log-like per frame for utterance c3ya0104-head is -3.63251 over 689 frames.
c3ya0105-head NUMEROUS WORKS OF ART ARE BASED ON THE STORY OF THE SACRIFICE OF ISAAC 
LOG (gmm-latgen-faster:DecodeUtteranceLatticeFaster():decoder-wrappers.cc:285) Log-like per frame for utterance c3ya0105-head is -3.84043 over 726 frames.
c3ya0106-head THEIR SOLUTION REQUIRES DEVELOPMENT OF THE HUMAN CAPACITY FOR SOCIAL INTEREST 
LOG (gmm-latgen-faster:DecodeUtteranceLatticeFaster():decoder-wrappers.cc:285) Log-like per frame for utterance c3ya0106-head is -3.91352 over 607 frames.
c3ya0107-head HIS MOST SIGNIFICANT SCIENTIFIC PUBLICATIONS WERE STUDIES OF BIRDS AND ANIMALS 
LOG (gmm-latgen-faster:DecodeUtteranceLatticeFaster():decoder-wrappers.cc:285) Log-like per frame for utterance c3ya0107-head is -3.74258 over 745 frames.
c3ya0108-head IN RECENT YEARS SHE HAS PRIMARILY APPEARED IN TELEVISION FILMS SUCH AS LITTLE GLORIA 
LOG (gmm-latgen-faster:DecodeUtteranceLatticeFaster():decoder-wrappers.cc:285) Log-like per frame for utterance c3ya0108-head is -3.80984 over 870 frames.
c3ya0109-head THE PROCESS BY WHICH THE LENS FOCUSES ON EXTERNAL OBJECTS IS CALLED ACCOMMODATION 
LOG (gmm-latgen-faster:DecodeUtteranceLatticeFaster():decoder-wrappers.cc:285) Log-like per frame for utterance c3ya0109-head is -3.73899 over 801 frames.
c3ya010a-head TO IN NARROW GAUGE RAILROADS FROM CHINA ENTER THE CITY FROM THE NORTHEAST AND NORTHWEST 
LOG (gmm-latgen-faster:DecodeUtteranceLatticeFaster():decoder-wrappers.cc:285) Log-like per frame for utterance c3ya010a-head is -3.87508 over 757 frames.
c3ya010b-head SOME MAPS USE BANDS OF COLOR TO INDICATE DIFFERENT INTERVALS OF VALUE 
LOG (gmm-latgen-faster:DecodeUtteranceLatticeFaster():decoder-wrappers.cc:285) Log-like per frame for utterance c3ya010b-head is -3.71845 over 695 frames.
c3ya010c-head ORIGINS OR CAUSES OF SPONTANEOUS MUTATION ARE NOT YET COMPLETELY CLEAR 
LOG (gmm-latgen-faster:DecodeUtteranceLatticeFaster():decoder-wrappers.cc:285) Log-like per frame for utterance c3ya010c-head is -3.92977 over 701 frames.
c3ya010d-head UNUSUALLY HIGH LEVELS OF RADIATION WERE DETECTED IN MANY EUROPEAN COUNTRIES 
LOG (gmm-latgen-faster:DecodeUtteranceLatticeFaster():decoder-wrappers.cc:285) Log-like per frame for utterance c3ya010d-head is -3.81572 over 745 frames.
c3ya010e-head BOTH PETROLEUM AND NATURAL GAS DEPOSITS ARE SCATTERED THROUGH EASTERN OHIO 
LOG (gmm-latgen-faster:DecodeUtteranceLatticeFaster():decoder-wrappers.cc:285) Log-like per frame for utterance c3ya010e-head is -3.74379 over 707 frames.
c3ya010f-head FOR THE FIRST TIME IN YEARS THE REPUBLICANS ALSO CAPTURED BOTH HOUSES OF CONGRESS 
LOG (gmm-latgen-faster:DecodeUtteranceLatticeFaster():decoder-wrappers.cc:285) Log-like per frame for utterance c3ya010f-head is -3.91594 over 732 frames.
c3ya010g-head THE SOUTH CAROLINA EDUCATIONAL RADIO NETWORK HAS WON NATIONAL BROADCASTING AWARDS 
LOG (gmm-latgen-faster:DecodeUtteranceLatticeFaster():decoder-wrappers.cc:285) Log-like per frame for utterance c3ya010g-head is -3.77947 over 801 frames.
c3ya010h-head A TANKER IS A SHIP DESIGNED TO CARRY LARGE VOLUMES OF OIL OR OTHER LIQUID CARGO 
LOG (gmm-latgen-faster:DecodeUtteranceLatticeFaster():decoder-wrappers.cc:285) Log-like per frame for utterance c3ya010h-head is -3.83168 over 789 frames.
c3ya010i-head THE ENORMOUS AMOUNTS OF CARBON DIOXIDE IN THE ATMOSPHERE CAUSE THIS HIGH PRESSURE 
LOG (gmm-latgen-faster:DecodeUtteranceLatticeFaster():decoder-wrappers.cc:285) Log-like per frame for utterance c3ya010i-head is -3.68013 over 714 frames.
c3yc0201-head IN A ELECTRICAL SECTOR SIEMENS RECOVERED SOME OF THE LOSS IT HAD TUESDAY WHEN IT REPORTED A NINE PERCENT DECLINE IN FIRST HALF GROUP PROFIT 
LOG (gmm-latgen-faster:DecodeUtteranceLatticeFaster():decoder-wrappers.cc:285) Log-like per frame for utterance c3yc0201-head is -4.16373 over 1101 frames.
c3yc0202-head THE STOCK FIRMED FOUR POINT SEVEN ERROR TO THREE HUNDRED THIRTY SEVEN POINT FIVE OH 
LOG (gmm-latgen-faster:DecodeUtteranceLatticeFaster():decoder-wrappers.cc:285) Log-like per frame for utterance c3yc0202-head is -3.91345 over 751 frames.
c3yc0203-head A. E. G. CLIMBED TWO POINT FOUR OH TO TWO HUNDRED TEN POINT FOUR OH 
LOG (gmm-latgen-faster:DecodeUtteranceLatticeFaster():decoder-wrappers.cc:285) Log-like per frame for utterance c3yc0203-head is -3.9658 over 726 frames.
c3yc0204-head THE ALL ORDINARIES INDEX WHICH FELL ELEVEN POINT THREE TUESDAY SLIPPED ONE POINT FIVE TO ONE THOUSAND FOUR HUNDRED FORTY THREE POINT TWO 
LOG (gmm-latgen-faster:DecodeUtteranceLatticeFaster():decoder-wrappers.cc:285) Log-like per frame for utterance c3yc0204-head is -4.0959 over 1182 frames.
c3yc0205-head BROKERS SAID SOME FOREIGN INVESTORS SOLD STOCKS TO REALIZE CURRENCY GAINS ON THE RECENT RISE OF THE AUSTRALIAN DOLLAR 
LOG (gmm-latgen-faster:DecodeUtteranceLatticeFaster():decoder-wrappers.cc:285) Log-like per frame for utterance c3yc0205-head is -4.19247 over 920 frames.
c3yc0206-head THE CURRENCY WAS QUOTED LATE IN THE DAY IN SYDNEY AT SEVENTY SEVEN POINT OH NINE U. S. CENTS 
LOG (gmm-latgen-faster:DecodeUtteranceLatticeFaster():decoder-wrappers.cc:285) Log-like per frame for utterance c3yc0206-head is -4.18278 over 857 frames.
c3yc0207-head HE SAID HE WILL RECOMMEND THAT THE BOARD INCREASE DIVIDENDS OVER A PERIOD OF TIME TO ARRANGE OF TWENTY FIVE PERCENT TO THIRTY THREE PERCENT OF PROFIT 
LOG (gmm-latgen-faster:DecodeUtteranceLatticeFaster():decoder-wrappers.cc:285) Log-like per frame for utterance c3yc0207-head is -4.15035 over 1126 frames.
c3yc0208-head PAY OUT MAY REMAIN BELOW THAT RANGE WHILE PROFIT REFLECTS TAX CREDITS FROM TAX LOSS CARRY FORWARDS HE SAID 
LOG (gmm-latgen-faster:DecodeUtteranceLatticeFaster():decoder-wrappers.cc:285) Log-like per frame for utterance c3yc0208-head is -4.0496 over 939 frames.
c3yc0209-head HE DIDN'T MAKE A FORECAST FOR NINETEEN EIGHTY EIGHT DIVIDENDS BUT SAID HE WOULD RECOMMEND AN INCREASE FROM THE CURRENT TEN CENTS QUARTERLY 
LOG (gmm-latgen-faster:DecodeUtteranceLatticeFaster():decoder-wrappers.cc:285) Log-like per frame for utterance c3yc0209-head is -4.11645 over 995 frames.
c3yc020a-head THE MARINE CORPS HAS CONCEDED PRIVATE 
LOG (gmm-latgen-faster:DecodeUtteranceLatticeFaster():decoder-wrappers.cc:285) Log-like per frame for utterance c3yc020a-head is -3.67893 over 545 frames.
c3yc020b-head HARRY FISHER WILL NOW BE KNOWN AS PRIVATE 
LOG (gmm-latgen-faster:DecodeUtteranceLatticeFaster():decoder-wrappers.cc:285) Log-like per frame for utterance c3yc020b-head is -3.63355 over 507 frames.
c3yc020c-head FRANKLIN NET J. PHILLIPS 
LOG (gmm-latgen-faster:DecodeUtteranceLatticeFaster():decoder-wrappers.cc:285) Log-like per frame for utterance c3yc020c-head is -3.67941 over 451 frames.
c3yc020d-head LAST YEAR THE WILL WILLIAMS TELECOMMUNICATIONS UNIT ACCOUNTED FOR ONLY A SMALL PORTION OF THE COMPANY'S ONE POINT SEVEN EIGHT BILLION DOLLARS IN REVENUE 
LOG (gmm-latgen-faster:DecodeUtteranceLatticeFaster():decoder-wrappers.cc:285) Log-like per frame for utterance c3yc020d-head is -4.18312 over 1145 frames.
c3yc020e-head BUT AFTER BARELY A YEAR OF FALL OPERATIONS WILLIAMS TELECOMMUNICATIONS GROUP NOW IS HAULING IN REVENUE AT AN ANNUAL RATE OF ABOUT ONE HUNDRED TWENTY FIVE MILLION DOLLARS 
LOG (gmm-latgen-faster:DecodeUtteranceLatticeFaster():decoder-wrappers.cc:285) Log-like per frame for utterance c3yc020e-head is -4.22288 over 1420 frames.
c3yc020f-head WHAT'S MORE THE WHOLE OPERATION BECAME PROFITABLE IN FEBRUARY 
LOG (gmm-latgen-faster:DecodeUtteranceLatticeFaster():decoder-wrappers.cc:285) Log-like per frame for utterance c3yc020f-head is -3.869 over 614 frames.
c3yc020g-head HE BEGAN FEARING A POSSIBLE DIVIDEND CUT 
LOG (gmm-latgen-faster:DecodeUtteranceLatticeFaster():decoder-wrappers.cc:285) Log-like per frame for utterance c3yc020g-head is -3.84146 over 501 frames.
c3yc020h-head THE STOCK PRICE SANK 
LOG (gmm-latgen-faster:DecodeUtteranceLatticeFaster():decoder-wrappers.cc:285) Log-like per frame for utterance c3yc020h-head is -3.80401 over 276 frames.
c3yc020i-head WORST OF ALL HE SAID 'S SOMEDAY MIGHT HAVE BOUGHT THE COMPANY WITH THE INTENTION OF BREAKING IT UP 
LOG (gmm-latgen-faster:DecodeUtteranceLatticeFaster():decoder-wrappers.cc:285) Log-like per frame for utterance c3yc020i-head is -4.16725 over 707 frames.
c3yc020j-head THIS WEEK THE HOUSE FOREIGN AFFAIRS COMMITTEE APPROVED A BAN ON VIRTUALLY ALL U. S. INVESTMENT AND TRADE WITH SOUTH AFRICA 
LOG (gmm-latgen-faster:DecodeUtteranceLatticeFaster():decoder-wrappers.cc:285) Log-like per frame for utterance c3yc020j-head is -4.12995 over 970 frames.
c3yc020k-head IT IS GENERALLY ACKNOWLEDGED THAT THE SANCTIONS ALREADY IN PLACE HAVE CAUSED THOUSANDS OF BLACK SOUTH AFRICANS TO LOSE THEIR JOBS 
LOG (gmm-latgen-faster:DecodeUtteranceLatticeFaster():decoder-wrappers.cc:285) Log-like per frame for utterance c3yc020k-head is -4.23266 over 907 frames.
c3yc020l-head WHAT ISN'T KNOWN IS THAT SANCTIONS HAVE COST JUST TWO SMALL PARTS OF THE U. S. ECONOMY MORE THAN SIX HUNDRED MILLION DOLLARS SINCE NINETEEN EIGHTY FIVE 
LOG (gmm-latgen-faster:DecodeUtteranceLatticeFaster():decoder-wrappers.cc:285) Log-like per frame for utterance c3yc020l-head is -4.35295 over 1151 frames.
c3yc020m-head F. C. A. CONFIRMED THAT IT HAS REACHED A TENTATIVE SETTLEMENT OF CLASS ACTION SHAREHOLDER LITIGATION STEMMING FROM THE COMPANY'S FINANCIAL PROBLEMS SINCE NINETEEN EIGHTY THREE 
LOG (gmm-latgen-faster:DecodeUtteranceLatticeFaster():decoder-wrappers.cc:285) Log-like per frame for utterance c3yc020m-head is -4.22733 over 1276 frames.
c3yc020n-head THE COMPANY SAID IT REDUCED A RESERVE FOR SUCH A SETTLEMENT TO EIGHTEEN MILLION DOLLARS FROM THIRTY FIVE MILLION DOLLARS 
LOG (gmm-latgen-faster:DecodeUtteranceLatticeFaster():decoder-wrappers.cc:285) Log-like per frame for utterance c3yc020n-head is -4.20634 over 939 frames.
c3yc020o-head THE REDUCTION IN THE RESERVE AN MOUNT ALSO REDUCE THE FIRST QUARTER NET LOSS BY SEVENTEEN MILLION DOLLARS 
LOG (gmm-latgen-faster:DecodeUtteranceLatticeFaster():decoder-wrappers.cc:285) Log-like per frame for utterance c3yc020o-head is -4.04752 over 914 frames.
c3yc020p-head THERE ARE TWO ISSUES TO CONSIDER 
LOG (gmm-latgen-faster:DecodeUtteranceLatticeFaster():decoder-wrappers.cc:285) Log-like per frame for utterance c3yc020p-head is -4.36792 over 332 frames.
c3yc020q-head FIRST WHAT WAS ADMIRAL POINDEXTER'S BELIEF ABOUT THE PRESIDENT'S POLICY OF HELPING THE NICARAGUAN DEMOCRATIC RESISTANCE 
LOG (gmm-latgen-faster:DecodeUtteranceLatticeFaster():decoder-wrappers.cc:285) Log-like per frame for utterance c3yc020q-head is -4.54098 over 864 frames.
c3yc020r-head SECOND DON'T ADMIRAL POINDEXTER BELIEVE WHAT HE AND COLONEL NORTH WOULD DOING WAS LEGAL 
LOG (gmm-latgen-faster:DecodeUtteranceLatticeFaster():decoder-wrappers.cc:285) Log-like per frame for utterance c3yc020r-head is -4.23514 over 695 frames.
c3yc020s-head BUT THE FED IS ALSO UNDER INTENSE POLITICAL PRESSURE TO AVOID RAISING INTEREST RATES BEFORE THE NOVEMBER PRESIDENTIAL ELECTION 
LOG (gmm-latgen-faster:DecodeUtteranceLatticeFaster():decoder-wrappers.cc:285) Log-like per frame for utterance c3yc020s-head is -4.33736 over 964 frames.
c3yc020t-head ALSO X FED GOVERNORS WERE APPOINTED BY PRESIDENT REAGAN AND FED <UNK> AN MEN ALAN GREENSPAN HAS A LONG HISTORY OF INVOLVEMENT WITH THE REPUBLICAN PARTY 
LOG (gmm-latgen-faster:DecodeUtteranceLatticeFaster():decoder-wrappers.cc:285) Log-like per frame for utterance c3yc020t-head is -4.30342 over 1132 frames.
c3yc020u-head FED OFFICIALS ALSO WORRY THAT SHARPLY HIGHER INTEREST RATES COULD DAMAGE STILL WEAK SEGMENTS OF THE ECONOMY AND EXACERBATE PROBLEMS AMONG TROUBLED BANKS AND THRIFT INSTITUTIONS 
LOG (gmm-latgen-faster:DecodeUtteranceLatticeFaster():decoder-wrappers.cc:285) Log-like per frame for utterance c3yc020u-head is -4.22036 over 1364 frames.
c3yc020v-head CERTAIN PRICES HAVE RISEN AT A BRISK PACE THROUGHOUT THIS DECADE 
LOG (gmm-latgen-faster:DecodeUtteranceLatticeFaster():decoder-wrappers.cc:285) Log-like per frame for utterance c3yc020v-head is -3.9313 over 595 frames.
c3yc020w-head HEALTH CARE INFLATION FOR INSTANCE HASN'T DROPPED BELOW SIX PERCENT ANNUALLY AND THE COST OF EDUCATION HAS RISEN EVEN FASTER 
LOG (gmm-latgen-faster:DecodeUtteranceLatticeFaster():decoder-wrappers.cc:285) Log-like per frame for utterance c3yc020w-head is -4.00494 over 1045 frames.
c3yc020x-head BUT UNTIL RECENTLY INFLATION IN HEALTH EDUCATION AND OTHER SERVICES WAS OFFSET BY FLAT OR FALLING PRICES FOR MANY MANUFACTURED GOODS AND FARM COMMODITIES 
LOG (gmm-latgen-faster:DecodeUtteranceLatticeFaster():decoder-wrappers.cc:285) Log-like per frame for utterance c3yc020x-head is -4.17534 over 1264 frames.
c3yc020y-head THE DECLINE IN THE DOLLAR AND THE CONTINUED STRENGTH IN THE ECONOMY HOWEVER ARE NOW ADDING DEMAND AND CAUSING THOSE PRICES TO RISE TO 
LOG (gmm-latgen-faster:DecodeUtteranceLatticeFaster():decoder-wrappers.cc:285) Log-like per frame for utterance c3yc020y-head is -3.97805 over 1020 frames.
c3yc020z-head A DROP IN OIL PRICES COULD ALSO PROVIDE SOME PRICE RELIEF AS IT DATE IN NINETEEN EIGHTY SIX 
LOG (gmm-latgen-faster:DecodeUtteranceLatticeFaster():decoder-wrappers.cc:285) Log-like per frame for utterance c3yc020z-head is -4.2328 over 814 frames.
c3yc0210-head THE RECENT FAILURE OF THE ORGANIZATION OF PETROLEUM EXPORTING COUNTRIES TO REACH AN AGREEMENT LIMITING PRODUCTION SUGGESTS PRICES MIGHT FALL SOME 
LOG (gmm-latgen-faster:DecodeUtteranceLatticeFaster():decoder-wrappers.cc:285) Log-like per frame for utterance c3yc0210-head is -4.07178 over 1245 frames.
c3yc0211-head BUT ANY DIP IN INFLATION ASSOCIATED WITH OIL PRICES IS LIKELY TO BE TEMPORARY 
LOG (gmm-latgen-faster:DecodeUtteranceLatticeFaster():decoder-wrappers.cc:285) Log-like per frame for utterance c3yc0211-head is -4.15705 over 664 frames.
c3yc0212-head L. T. V. WILL PRESENT THE PLAN TO ALL THE MEMBERS OF ITS BANK AND CREDITOR COMMITTEES NEXT WEEK 
LOG (gmm-latgen-faster:DecodeUtteranceLatticeFaster():decoder-wrappers.cc:285) Log-like per frame for utterance c3yc0212-head is -3.96046 over 851 frames.
c3yc0213-head BUT THE PLAN WON'T BE FILED WITH THE BANKRUPTCY COURT UNTIL THE CREDITORS AND L. T. V. AGREE ON HOW THE DEBT WILL BE PAID 
LOG (gmm-latgen-faster:DecodeUtteranceLatticeFaster():decoder-wrappers.cc:285) Log-like per frame for utterance c3yc0213-head is -4.29914 over 926 frames.
c3yc0214-head THAT COULD TAKE YEARS 
LOG (gmm-latgen-faster:DecodeUtteranceLatticeFaster():decoder-wrappers.cc:285) Log-like per frame for utterance c3yc0214-head is -3.74799 over 257 frames.
c3yc0301-head INVESTMENT BANKERS SAID IT IS DIFFICULT TO GET MANY DIFFERENT ISSUERS INVESTORS DEALERS AND CUSTODIANS TO AGREE ON A SINGLE BOOK ENTRY METHOD 
LOG (gmm-latgen-faster:DecodeUtteranceLatticeFaster():decoder-wrappers.cc:285) Log-like per frame for utterance c3yc0301-head is -4.20424 over 1057 frames.
c3yc0302-head IN ADDITION ONE BANKER SAID THAT A BOOK ENTRY SYSTEM RAISED LEGAL QUESTIONS ABOUT LIABILITY IN THE EVENT OF AN ISSUER'S DEFAULT 
LOG (gmm-latgen-faster:DecodeUtteranceLatticeFaster():decoder-wrappers.cc:285) Log-like per frame for utterance c3yc0302-head is -4.31864 over 1026 frames.
c3yc0303-head OTHERS SAID THAT COMMERCIAL BANKS THAT ACT AS CUSTODIANS DIDN'T WANT TO SURRENDER AT THE LUCRATIVE FEES ASSOCIATED WITH HANDLING PHYSICAL SECURITIES 
LOG (gmm-latgen-faster:DecodeUtteranceLatticeFaster():decoder-wrappers.cc:285) Log-like per frame for utterance c3yc0303-head is -4.27739 over 1076 frames.
c3yc0304-head BUT SO CAREFULLY HIDDEN IS MR. MACH IS WEALTH THAT INVESTIGATORS STILL CAN ONLY GUESS AT ITS SIZE 
LOG (gmm-latgen-faster:DecodeUtteranceLatticeFaster():decoder-wrappers.cc:285) Log-like per frame for utterance c3yc0304-head is -4.2885 over 707 frames.
c3yc0305-head SOME OF HIS INVESTMENTS MAY NEVER BE FOUND BECAUSE THEY ARE ADROITLY DISGUISED AND BURIED IN LAYERS OF OWNERSHIP 
LOG (gmm-latgen-faster:DecodeUtteranceLatticeFaster():decoder-wrappers.cc:285) Log-like per frame for utterance c3yc0305-head is -4.24342 over 751 frames.
c3yc0306-head SOME OF THE CASES BEING PREPARED AGAINST HIM MAY NEVER COME TO TRIAL BECAUSE THEY ARE POLITICALLY TROUBLESOME 
LOG (gmm-latgen-faster:DecodeUtteranceLatticeFaster():decoder-wrappers.cc:285) Log-like per frame for utterance c3yc0306-head is -4.38502 over 695 frames.
c3yc0307-head MARK OWES LOYALISTS REMAIN ENTRENCHED IN THE GOVERNMENT BUREAUCRACY AND CAN STYMIE THE INVESTIGATION AND THEY ARE SO POWERFUL IN BUSINESS THAT THEY STILL LARGELY CONTROL THE ECONOMY 
LOG (gmm-latgen-faster:DecodeUtteranceLatticeFaster():decoder-wrappers.cc:285) Log-like per frame for utterance c3yc0307-head is -4.14771 over 1170 frames.
c3yc0308-head IN A TELEVISION INTERVIEW MR. MAXWELL SAID HE WANTS TO ACQUIRE GUINNESS PEAT LOCK STOCK AND BARREL ACCORDING TO MR. JAY 
LOG (gmm-latgen-faster:DecodeUtteranceLatticeFaster():decoder-wrappers.cc:285) Log-like per frame for utterance c3yc0308-head is -4.21065 over 989 frames.
c3yc0309-head HE ADDED THAT MR. MAXWELL WOULD LIKE TO DO IT WITH THE AGREEMENT OVER GUINNESS PEAT'S BOARD 
LOG (gmm-latgen-faster:DecodeUtteranceLatticeFaster():decoder-wrappers.cc:285) Log-like per frame for utterance c3yc0309-head is -4.21292 over 701 frames.
c3yc030a-head MR. JAY DECLINED TO SAY WHEN AN OFFER WOULD BE MADE OR WHETHER MR. MAXWELL WOULD LAUNCH A HOSTILE BID 
LOG (gmm-latgen-faster:DecodeUtteranceLatticeFaster():decoder-wrappers.cc:285) Log-like per frame for utterance c3yc030a-head is -4.03602 over 845 frames.
c3yc030b-head MR. JAY SAID THE PUBLISHER WAS TRAVELING AND UNAVAILABLE FOR COMMENT 
LOG (gmm-latgen-faster:DecodeUtteranceLatticeFaster():decoder-wrappers.cc:285) Log-like per frame for utterance c3yc030b-head is -4.13393 over 576 frames.
c3yc030c-head IN SINGAPORE SHARE PRICES CLIMBED IN LIGHT TRADING IN LINE WITH OTHER REGIONAL BOURSES PARTLY ON HOPE OF AND IN GREENMAN TO CUT THE U. S. BUDGET DEFICIT 
LOG (gmm-latgen-faster:DecodeUtteranceLatticeFaster():decoder-wrappers.cc:285) Log-like per frame for utterance c3yc030c-head is -4.1494 over 1182 frames.
c3yc030d-head THE RECOVERY AND SINGAPORE REMAINS UNCERTAIN BROKERS SAID 
LOG (gmm-latgen-faster:DecodeUtteranceLatticeFaster():decoder-wrappers.cc:285) Log-like per frame for utterance c3yc030d-head is -4.09638 over 501 frames.
c3yc030e-head LOCAL INSTITUTIONS DID MOST OF THE BUYING IN BLUE CHIP ISSUES AND FOREIGN PLAYERS WERE STILL CONSPICUOUSLY ABSENT 
LOG (gmm-latgen-faster:DecodeUtteranceLatticeFaster():decoder-wrappers.cc:285) Log-like per frame for utterance c3yc030e-head is -4.34796 over 857 frames.
c3yc030f-head BANKS AND STOCK EXCHANGE OFFICIALS ESTIMATED THAT IT WOULD TAKE FIVE MILLION DOLLARS TO SAVE THE FIRM 
LOG (gmm-latgen-faster:DecodeUtteranceLatticeFaster():decoder-wrappers.cc:285) Log-like per frame for utterance c3yc030f-head is -4.22398 over 745 frames.
c3yc030g-head BUT WHEN I GOT INTO IT IT WAS THE WORST OF ALL POSSIBLE WORLDS MR. PEROT SAYS 
LOG (gmm-latgen-faster:DecodeUtteranceLatticeFaster():decoder-wrappers.cc:285) Log-like per frame for utterance c3yc030g-head is -4.25993 over 670 frames.
c3yc030h-head AFTER THREE YEARS HE SAYS I DROPPED HARD OF FEEDING IT 
LOG (gmm-latgen-faster:DecodeUtteranceLatticeFaster():decoder-wrappers.cc:285) Log-like per frame for utterance c3yc030h-head is -4.41522 over 526 frames.
c3yc030i-head I'M TELLING YOU THERE IS NO WORK FOR WHITES IN THE BUILDING INDUSTRY 
LOG (gmm-latgen-faster:DecodeUtteranceLatticeFaster():decoder-wrappers.cc:285) Log-like per frame for utterance c3yc030i-head is -3.94511 over 520 frames.
c3yc030j-head WHAT WORKED THEIR RAISE IS DONE BY BLACKS HE SAYS 
LOG (gmm-latgen-faster:DecodeUtteranceLatticeFaster():decoder-wrappers.cc:285) Log-like per frame for utterance c3yc030j-head is -4.14903 over 426 frames.
c3yc030k-head WHEN I STARTED PAINTING WAS A SKILLED TRADE WITH OF FIVE YEAR APPRENTICESHIP 
LOG (gmm-latgen-faster:DecodeUtteranceLatticeFaster():decoder-wrappers.cc:285) Log-like per frame for utterance c3yc030k-head is -4.1191 over 595 frames.
c3yc030l-head NOW THREE WEEKS AND EUROPE PAINTER 
LOG (gmm-latgen-faster:DecodeUtteranceLatticeFaster():decoder-wrappers.cc:285) Log-like per frame for utterance c3yc030l-head is -4.02817 over 345 frames.
c3yc030m-head NOW I KNOW THAT SOUNDS BAD BUT IT REALLY ISN'T SAYS A THRIFTY SPOKESWOMAN 
LOG (gmm-latgen-faster:DecodeUtteranceLatticeFaster():decoder-wrappers.cc:285) Log-like per frame for utterance c3yc030m-head is -3.95901 over 632 frames.
c3yc030n-head THE DEPOSIT SHE CONCEDES EFFECTIVELY BANS DRIVERS WHO DON'T HAVE CREDIT CARDS BUT TOO MANY CASH RENTERS STEAL RENTAL CARS 
LOG (gmm-latgen-faster:DecodeUtteranceLatticeFaster():decoder-wrappers.cc:285) Log-like per frame for utterance c3yc030n-head is -4.19279 over 976 frames.
c3yc030o-head THE CREDIT CARD GIVES US SOME IDEA OF HIS A PERSON IS SHE SAYS 
LOG (gmm-latgen-faster:DecodeUtteranceLatticeFaster():decoder-wrappers.cc:285) Log-like per frame for utterance c3yc030o-head is -4.27974 over 514 frames.
c3yc030p-head WE NEED TO PROTECT OURSELVES 
LOG (gmm-latgen-faster:DecodeUtteranceLatticeFaster():decoder-wrappers.cc:285) Log-like per frame for utterance c3yc030p-head is -4.26345 over 257 frames.
c3yc030q-head THEY SEEM LIKE THE ULTIMATE CONVENIENCE FOOD 
LOG (gmm-latgen-faster:DecodeUtteranceLatticeFaster():decoder-wrappers.cc:285) Log-like per frame for utterance c3yc030q-head is -3.96741 over 407 frames.
c3yc030r-head AS EASY TO PREPARE AS FROZEN OR CANNED PRODUCTS BUT BOASTING THE FRESHNESS AND I. P. ALL OF HOME COOKING 
LOG (gmm-latgen-faster:DecodeUtteranceLatticeFaster():decoder-wrappers.cc:285) Log-like per frame for utterance c3yc030r-head is -4.4451 over 764 frames.
c3yc030s-head IN A FOOD BUSINESS THEY ARE KNOWN AS FRESH REFRIGERATED PRODUCTS AND THEY ARE THE BIGGEST THING TO HIT THE INDUSTRY SINCE THE MICROWAVE 
LOG (gmm-latgen-faster:DecodeUtteranceLatticeFaster():decoder-wrappers.cc:285) Log-like per frame for utterance c3yc030s-head is -4.2431 over 920 frames.
c3yc030t-head THAT SUITS MR. MAC JUST FINE 
LOG (gmm-latgen-faster:DecodeUtteranceLatticeFaster():decoder-wrappers.cc:285) Log-like per frame for utterance c3yc030t-head is -3.95676 over 370 frames.
c3yc030u-head I HATE TO MAKE THINGS TO SELL HE SAYS 
LOG (gmm-latgen-faster:DecodeUtteranceLatticeFaster():decoder-wrappers.cc:285) Log-like per frame for utterance c3yc030u-head is -4.03917 over 339 frames.
c3yc030v-head EVERYTHING DOESN'T HAVE TO BE A COMMODITY 
LOG (gmm-latgen-faster:DecodeUtteranceLatticeFaster():decoder-wrappers.cc:285) Log-like per frame for utterance c3yc030v-head is -4.20589 over 357 frames.
c3yc030w-head TO MEEK THESE WORKS ARE A PERFORMANCE 
LOG (gmm-latgen-faster:DecodeUtteranceLatticeFaster():decoder-wrappers.cc:285) Log-like per frame for utterance c3yc030w-head is -3.91736 over 345 frames.
c3yc030x-head IT'S LIKE A CIRCUS COMING TO TOWN 
LOG (gmm-latgen-faster:DecodeUtteranceLatticeFaster():decoder-wrappers.cc:285) Log-like per frame for utterance c3yc030x-head is -4.26649 over 307 frames.
c3yc030y-head THE OFFENDING EDITORIAL WAS PUBLISHED MAY SEVENTEENTH 
LOG (gmm-latgen-faster:DecodeUtteranceLatticeFaster():decoder-wrappers.cc:285) Log-like per frame for utterance c3yc030y-head is -4.2654 over 420 frames.
c3yc030z-head BOTH MR. GORDON AND MR. MIGHT DEAL STANDING FOR RE ELECTION WON DEMOCRATIC PRIMARY RACES JUNE FOURTEENTH 
LOG (gmm-latgen-faster:DecodeUtteranceLatticeFaster():decoder-wrappers.cc:285) Log-like per frame for utterance c3yc030z-head is -4.03279 over 926 frames.
c3yc0310-head A GRAND JURY HERE INDICTED MR. FOR ITS ON MONDAY AND A TRIAL DATE HAS YET TO BE SET 
LOG (gmm-latgen-faster:DecodeUtteranceLatticeFaster():decoder-wrappers.cc:285) Log-like per frame for utterance c3yc0310-head is -4.26292 over 670 frames.
c3yc0311-head NO SOONER DID THE SECURITIES AND EXCHANGE COMMISSION IMPOSE NEW RULES TO CLARIFY FUND ADVERTISING THAN FUND YIELDS SIMPLY DISAPPEARED FROM MANY ADS 
LOG (gmm-latgen-faster:DecodeUtteranceLatticeFaster():decoder-wrappers.cc:285) Log-like per frame for utterance c3yc0311-head is -4.18106 over 1114 frames.
c3yc0312-head THE S. E. C. IS MANEUVERING TO CURB WHAT FUNDS CAN SAY NEWSLETTERS JUST AS HOLDERS ARE DEMANDING MORE INFORMATION 
LOG (gmm-latgen-faster:DecodeUtteranceLatticeFaster():decoder-wrappers.cc:285) Log-like per frame for utterance c3yc0312-head is -3.98052 over 1045 frames.
c3yc0313-head IN RESPONSE TO OTHER RULES ON THE HORIZON FUNDS ARE HINTING THAT THEY WILL SQUEEZE BIGGER UP FRONT FEES OUT OF PEOPLE BUYING INTO A FUND 
LOG (gmm-latgen-faster:DecodeUtteranceLatticeFaster():decoder-wrappers.cc:285) Log-like per frame for utterance c3yc0313-head is -4.20546 over 920 frames.
c3yc0314-head BANK EARNINGS GENERALLY WERE SOMEWHAT DISAPPOINTING 
LOG (gmm-latgen-faster:DecodeUtteranceLatticeFaster():decoder-wrappers.cc:285) Log-like per frame for utterance c3yc0314-head is -3.9907 over 414 frames.
c3yc0315-head RISING INTEREST RATES DURING THE SECOND QUARTER PUT PRESSURE ON NET INTEREST MARGINS 
LOG (gmm-latgen-faster:DecodeUtteranceLatticeFaster():decoder-wrappers.cc:285) Log-like per frame for utterance c3yc0315-head is -4.41875 over 595 frames.
LOG (apply-cmvn:main():apply-cmvn.cc:146) Applied cepstral mean normalization to 103 utterances, errors on 0
c3yc0316-head NONPERFORMING LOANS CONTINUED TO RISE AT MANY BANKS AS COMMERCIAL REAL ESTATE MARKETS CONTINUED DOWNWARD 
LOG (gmm-latgen-faster:DecodeUtteranceLatticeFaster():decoder-wrappers.cc:285) Log-like per frame for utterance c3yc0316-head is -4.19601 over 845 frames.
c3yc0317-head MONEY CENTER BANKS ALSO CHARGED OFF TWENTY PERCENT OF THE LOAN EXPOSURE TO ARGENTINA 
LOG (gmm-latgen-faster:DecodeUtteranceLatticeFaster():decoder-wrappers.cc:285) Log-like per frame for utterance c3yc0317-head is -4.27258 over 664 frames.
c3yc0318-head MANUFACTURERS HANOVER AS COMPARISON WITH THE PRIOR YEAR'S EARNINGS WAS DISTORTED BY A GAIN LAST YEAR ON THE SALE OF A FINANCE SUBSIDIARY 
LOG (gmm-latgen-faster:DecodeUtteranceLatticeFaster():decoder-wrappers.cc:285) Log-like per frame for utterance c3yc0318-head is -4.14656 over 1020 frames.
LOG (transform-feats:main():transform-feats.cc:158) Overall average [pseudo-]logdet is -94.5186 over 79145 frames.
LOG (transform-feats:main():transform-feats.cc:161) Applied transform to 103 utterances; 0 had errors.
c3yc0319-head TAMPA CAN'T BANKING AND BANKERS TRUST BOTH POSTED RECORD OR NEAR RECORD FOREIGN EXCHANGE TRADING RESULTS 
LOG (gmm-latgen-faster:DecodeUtteranceLatticeFaster():decoder-wrappers.cc:285) Log-like per frame for utterance c3yc0319-head is -4.36029 over 851 frames.
LOG (gmm-latgen-faster:main():gmm-latgen-faster.cc:176) Time taken 86.4224s: real-time factor assuming 100 frames/sec is 0.109195
LOG (gmm-latgen-faster:main():gmm-latgen-faster.cc:179) Done 103 utterances, failed for 0
LOG (gmm-latgen-faster:main():gmm-latgen-faster.cc:181) Overall log-likelihood per frame is -4.0934 over 79145 frames.
# Accounting: time=87 threads=1
# Ended (code 0) at Thu Jul 27 15:41:02 BST 2017, elapsed time 87 seconds
