# gmm-acc-stats-ali exp-kaldi-lang/tri4b/15.mdl "ark,s,cs:apply-cmvn  --utt2spk=ark:data/train/split12/7/utt2spk scp:data/train/split12/7/cmvn.scp scp:data/train/split12/7/feats.scp ark:- | splice-feats --left-context=3 --right-context=3 ark:- ark:- | transform-feats exp-kaldi-lang/tri3b_ali/final.mat ark:- ark:- | transform-feats --utt2spk=ark:data/train/split12/7/utt2spk ark,s,cs:exp-kaldi-lang/tri4b/trans.7 ark:- ark:- |" "ark,s,cs:gunzip -c exp-kaldi-lang/tri4b/ali.7.gz|" exp-kaldi-lang/tri4b/15.7.acc 
# Started at Thu Jul 27 15:38:05 BST 2017
#
gmm-acc-stats-ali exp-kaldi-lang/tri4b/15.mdl 'ark,s,cs:apply-cmvn  --utt2spk=ark:data/train/split12/7/utt2spk scp:data/train/split12/7/cmvn.scp scp:data/train/split12/7/feats.scp ark:- | splice-feats --left-context=3 --right-context=3 ark:- ark:- | transform-feats exp-kaldi-lang/tri3b_ali/final.mat ark:- ark:- | transform-feats --utt2spk=ark:data/train/split12/7/utt2spk ark,s,cs:exp-kaldi-lang/tri4b/trans.7 ark:- ark:- |' 'ark,s,cs:gunzip -c exp-kaldi-lang/tri4b/ali.7.gz|' exp-kaldi-lang/tri4b/15.7.acc 
transform-feats exp-kaldi-lang/tri3b_ali/final.mat ark:- ark:- 
transform-feats --utt2spk=ark:data/train/split12/7/utt2spk ark,s,cs:exp-kaldi-lang/tri4b/trans.7 ark:- ark:- 
apply-cmvn --utt2spk=ark:data/train/split12/7/utt2spk scp:data/train/split12/7/cmvn.scp scp:data/train/split12/7/feats.scp ark:- 
splice-feats --left-context=3 --right-context=3 ark:- ark:- 
LOG (gmm-acc-stats-ali:main():gmm-acc-stats-ali.cc:105) Processed 50 utterances; for utterance c1dc020w-head avg. like is -39.7632 over 1101 frames.
LOG (gmm-acc-stats-ali:main():gmm-acc-stats-ali.cc:105) Processed 100 utterances; for utterance c1dc022a-head avg. like is -35.0676 over 576 frames.
LOG (gmm-acc-stats-ali:main():gmm-acc-stats-ali.cc:105) Processed 150 utterances; for utterance c1ec020m-head avg. like is -45.1766 over 676 frames.
LOG (gmm-acc-stats-ali:main():gmm-acc-stats-ali.cc:105) Processed 200 utterances; for utterance c1ec0220-head avg. like is -45.5739 over 732 frames.
LOG (gmm-acc-stats-ali:main():gmm-acc-stats-ali.cc:105) Processed 250 utterances; for utterance c1fc020e-head avg. like is -47.9152 over 701 frames.
LOG (gmm-acc-stats-ali:main():gmm-acc-stats-ali.cc:105) Processed 300 utterances; for utterance c1fc021s-head avg. like is -47.0906 over 332 frames.
LOG (gmm-acc-stats-ali:main():gmm-acc-stats-ali.cc:105) Processed 350 utterances; for utterance c1gc0206-head avg. like is -43.3708 over 520 frames.
LOG (gmm-acc-stats-ali:main():gmm-acc-stats-ali.cc:105) Processed 400 utterances; for utterance c1gc021k-head avg. like is -45.9769 over 745 frames.
LOG (gmm-acc-stats-ali:main():gmm-acc-stats-ali.cc:105) Processed 450 utterances; for utterance c1ha010g-head avg. like is -48.9071 over 645 frames.
LOG (gmm-acc-stats-ali:main():gmm-acc-stats-ali.cc:105) Processed 500 utterances; for utterance c1hc021c-head avg. like is -41.2522 over 689 frames.
LOG (gmm-acc-stats-ali:main():gmm-acc-stats-ali.cc:105) Processed 550 utterances; for utterance c1ia0106-head avg. like is -45.1201 over 501 frames.
LOG (gmm-acc-stats-ali:main():gmm-acc-stats-ali.cc:105) Processed 600 utterances; for utterance c1ic0212-head avg. like is -46.0491 over 939 frames.
LOG (gmm-acc-stats-ali:main():gmm-acc-stats-ali.cc:105) Processed 650 utterances; for utterance c1ic022g-head avg. like is -46.5464 over 945 frames.
LOG (gmm-acc-stats-ali:main():gmm-acc-stats-ali.cc:105) Processed 700 utterances; for utterance c1jc020v-head avg. like is -43.6779 over 557 frames.
LOG (gmm-acc-stats-ali:main():gmm-acc-stats-ali.cc:105) Processed 750 utterances; for utterance c1jc0229-head avg. like is -44.103 over 1020 frames.
LOG (apply-cmvn:main():apply-cmvn.cc:146) Applied cepstral mean normalization to 760 utterances, errors on 0
LOG (transform-feats:main():transform-feats.cc:158) Overall average [pseudo-]logdet is -94.5186 over 533678 frames.
LOG (transform-feats:main():transform-feats.cc:161) Applied transform to 760 utterances; 0 had errors.
LOG (transform-feats:main():transform-feats.cc:158) Overall average logdet is 1.82276 over 533678 frames.
LOG (transform-feats:main():transform-feats.cc:161) Applied transform to 760 utterances; 0 had errors.
LOG (gmm-acc-stats-ali:main():gmm-acc-stats-ali.cc:112) Done 760 files, 0 with errors.
LOG (gmm-acc-stats-ali:main():gmm-acc-stats-ali.cc:115) Overall avg like per frame (Gaussian only) = -44.5721 over 533678 frames.
LOG (gmm-acc-stats-ali:main():gmm-acc-stats-ali.cc:123) Written accs.
# Accounting: time=4 threads=1
# Ended (code 0) at Thu Jul 27 15:38:09 BST 2017, elapsed time 4 seconds
