# gmm-acc-stats-ali exp-kaldi-lang/tri4b/1.mdl "ark,s,cs:apply-cmvn  --utt2spk=ark:data/train/split12/8/utt2spk scp:data/train/split12/8/cmvn.scp scp:data/train/split12/8/feats.scp ark:- | splice-feats --left-context=3 --right-context=3 ark:- ark:- | transform-feats exp-kaldi-lang/tri3b_ali/final.mat ark:- ark:- | transform-feats --utt2spk=ark:data/train/split12/8/utt2spk ark,s,cs:exp-kaldi-lang/tri4b/trans.8 ark:- ark:- |" "ark,s,cs:gunzip -c exp-kaldi-lang/tri4b/ali.8.gz|" exp-kaldi-lang/tri4b/1.8.acc 
# Started at Thu Jul 27 15:35:52 BST 2017
#
gmm-acc-stats-ali exp-kaldi-lang/tri4b/1.mdl 'ark,s,cs:apply-cmvn  --utt2spk=ark:data/train/split12/8/utt2spk scp:data/train/split12/8/cmvn.scp scp:data/train/split12/8/feats.scp ark:- | splice-feats --left-context=3 --right-context=3 ark:- ark:- | transform-feats exp-kaldi-lang/tri3b_ali/final.mat ark:- ark:- | transform-feats --utt2spk=ark:data/train/split12/8/utt2spk ark,s,cs:exp-kaldi-lang/tri4b/trans.8 ark:- ark:- |' 'ark,s,cs:gunzip -c exp-kaldi-lang/tri4b/ali.8.gz|' exp-kaldi-lang/tri4b/1.8.acc 
transform-feats exp-kaldi-lang/tri3b_ali/final.mat ark:- ark:- 
transform-feats --utt2spk=ark:data/train/split12/8/utt2spk ark,s,cs:exp-kaldi-lang/tri4b/trans.8 ark:- ark:- 
apply-cmvn --utt2spk=ark:data/train/split12/8/utt2spk scp:data/train/split12/8/cmvn.scp scp:data/train/split12/8/feats.scp ark:- 
splice-feats --left-context=3 --right-context=3 ark:- ark:- 
LOG (gmm-acc-stats-ali:main():gmm-acc-stats-ali.cc:105) Processed 50 utterances; for utterance c1kc020w-head avg. like is -48.6054 over 289 frames.
LOG (gmm-acc-stats-ali:main():gmm-acc-stats-ali.cc:105) Processed 100 utterances; for utterance c1kc022a-head avg. like is -45.9451 over 826 frames.
LOG (gmm-acc-stats-ali:main():gmm-acc-stats-ali.cc:105) Processed 150 utterances; for utterance c1lc020m-head avg. like is -47.0294 over 976 frames.
LOG (gmm-acc-stats-ali:main():gmm-acc-stats-ali.cc:105) Processed 200 utterances; for utterance c1lc0220-head avg. like is -45.6032 over 239 frames.
LOG (gmm-acc-stats-ali:main():gmm-acc-stats-ali.cc:105) Processed 250 utterances; for utterance c1mc020e-head avg. like is -49.7337 over 651 frames.
LOG (gmm-acc-stats-ali:main():gmm-acc-stats-ali.cc:105) Processed 300 utterances; for utterance c1mc021s-head avg. like is -45.8898 over 476 frames.
LOG (gmm-acc-stats-ali:main():gmm-acc-stats-ali.cc:105) Processed 350 utterances; for utterance c1nc0207-head avg. like is -50.5814 over 632 frames.
LOG (gmm-acc-stats-ali:main():gmm-acc-stats-ali.cc:105) Processed 400 utterances; for utterance c1nc021l-head avg. like is -50.9564 over 732 frames.
LOG (gmm-acc-stats-ali:main():gmm-acc-stats-ali.cc:105) Processed 450 utterances; for utterance c1oa010h-head avg. like is -43.235 over 676 frames.
LOG (gmm-acc-stats-ali:main():gmm-acc-stats-ali.cc:105) Processed 500 utterances; for utterance c1oc021d-head avg. like is -44.0973 over 920 frames.
LOG (gmm-acc-stats-ali:main():gmm-acc-stats-ali.cc:105) Processed 550 utterances; for utterance c1pa0108-head avg. like is -46.412 over 539 frames.
LOG (gmm-acc-stats-ali:main():gmm-acc-stats-ali.cc:105) Processed 600 utterances; for utterance c1pc0214-head avg. like is -46.1057 over 382 frames.
LOG (gmm-acc-stats-ali:main():gmm-acc-stats-ali.cc:105) Processed 650 utterances; for utterance c1pc022i-head avg. like is -49.4107 over 351 frames.
LOG (gmm-acc-stats-ali:main():gmm-acc-stats-ali.cc:105) Processed 700 utterances; for utterance c1qc020v-head avg. like is -45.25 over 1007 frames.
LOG (gmm-acc-stats-ali:main():gmm-acc-stats-ali.cc:105) Processed 750 utterances; for utterance c1qc0229-head avg. like is -42.2119 over 470 frames.
LOG (apply-cmvn:main():apply-cmvn.cc:146) Applied cepstral mean normalization to 759 utterances, errors on 0
LOG (transform-feats:main():transform-feats.cc:158) Overall average [pseudo-]logdet is -94.5186 over 491154 frames.
LOG (transform-feats:main():transform-feats.cc:161) Applied transform to 759 utterances; 0 had errors.
LOG (transform-feats:main():transform-feats.cc:158) Overall average logdet is 1.78782 over 491154 frames.
LOG (transform-feats:main():transform-feats.cc:161) Applied transform to 759 utterances; 0 had errors.
LOG (gmm-acc-stats-ali:main():gmm-acc-stats-ali.cc:112) Done 759 files, 0 with errors.
LOG (gmm-acc-stats-ali:main():gmm-acc-stats-ali.cc:115) Overall avg like per frame (Gaussian only) = -46.6717 over 491154 frames.
LOG (gmm-acc-stats-ali:main():gmm-acc-stats-ali.cc:123) Written accs.
# Accounting: time=3 threads=1
# Ended (code 0) at Thu Jul 27 15:35:55 BST 2017, elapsed time 3 seconds
