# gmm-acc-stats-ali exp-kaldi-lang/tri4b/1.mdl "ark,s,cs:apply-cmvn  --utt2spk=ark:data/train/split12/11/utt2spk scp:data/train/split12/11/cmvn.scp scp:data/train/split12/11/feats.scp ark:- | splice-feats --left-context=3 --right-context=3 ark:- ark:- | transform-feats exp-kaldi-lang/tri3b_ali/final.mat ark:- ark:- | transform-feats --utt2spk=ark:data/train/split12/11/utt2spk ark,s,cs:exp-kaldi-lang/tri4b/trans.11 ark:- ark:- |" "ark,s,cs:gunzip -c exp-kaldi-lang/tri4b/ali.11.gz|" exp-kaldi-lang/tri4b/1.11.acc 
# Started at Thu Jul 27 15:35:52 BST 2017
#
gmm-acc-stats-ali exp-kaldi-lang/tri4b/1.mdl 'ark,s,cs:apply-cmvn  --utt2spk=ark:data/train/split12/11/utt2spk scp:data/train/split12/11/cmvn.scp scp:data/train/split12/11/feats.scp ark:- | splice-feats --left-context=3 --right-context=3 ark:- ark:- | transform-feats exp-kaldi-lang/tri3b_ali/final.mat ark:- ark:- | transform-feats --utt2spk=ark:data/train/split12/11/utt2spk ark,s,cs:exp-kaldi-lang/tri4b/trans.11 ark:- ark:- |' 'ark,s,cs:gunzip -c exp-kaldi-lang/tri4b/ali.11.gz|' exp-kaldi-lang/tri4b/1.11.acc 
transform-feats --utt2spk=ark:data/train/split12/11/utt2spk ark,s,cs:exp-kaldi-lang/tri4b/trans.11 ark:- ark:- 
transform-feats exp-kaldi-lang/tri3b_ali/final.mat ark:- ark:- 
splice-feats --left-context=3 --right-context=3 ark:- ark:- 
apply-cmvn --utt2spk=ark:data/train/split12/11/utt2spk scp:data/train/split12/11/cmvn.scp scp:data/train/split12/11/feats.scp ark:- 
LOG (gmm-acc-stats-ali:main():gmm-acc-stats-ali.cc:105) Processed 50 utterances; for utterance c27c020w-head avg. like is -43.3973 over 626 frames.
LOG (gmm-acc-stats-ali:main():gmm-acc-stats-ali.cc:105) Processed 100 utterances; for utterance c27c022a-head avg. like is -47.3057 over 995 frames.
LOG (gmm-acc-stats-ali:main():gmm-acc-stats-ali.cc:105) Processed 150 utterances; for utterance c28c020n-head avg. like is -46.5068 over 889 frames.
LOG (gmm-acc-stats-ali:main():gmm-acc-stats-ali.cc:105) Processed 200 utterances; for utterance c28c0221-head avg. like is -50.3011 over 664 frames.
LOG (gmm-acc-stats-ali:main():gmm-acc-stats-ali.cc:105) Processed 250 utterances; for utterance c29c020g-head avg. like is -46.8402 over 651 frames.
LOG (gmm-acc-stats-ali:main():gmm-acc-stats-ali.cc:105) Processed 300 utterances; for utterance c29c021u-head avg. like is -46.0402 over 557 frames.
LOG (gmm-acc-stats-ali:main():gmm-acc-stats-ali.cc:105) Processed 350 utterances; for utterance c2ac0208-head avg. like is -43.5652 over 832 frames.
LOG (gmm-acc-stats-ali:main():gmm-acc-stats-ali.cc:105) Processed 400 utterances; for utterance c2ac021m-head avg. like is -44.3678 over 1239 frames.
LOG (gmm-acc-stats-ali:main():gmm-acc-stats-ali.cc:105) Processed 450 utterances; for utterance c2bc0201-head avg. like is -45.1825 over 776 frames.
LOG (gmm-acc-stats-ali:main():gmm-acc-stats-ali.cc:105) Processed 500 utterances; for utterance c2bc021f-head avg. like is -43.8651 over 839 frames.
LOG (gmm-acc-stats-ali:main():gmm-acc-stats-ali.cc:105) Processed 550 utterances; for utterance c2ca010d-head avg. like is -37.0924 over 826 frames.
LOG (gmm-acc-stats-ali:main():gmm-acc-stats-ali.cc:105) Processed 600 utterances; for utterance c2cc0219-head avg. like is -36.4683 over 707 frames.
LOG (gmm-acc-stats-ali:main():gmm-acc-stats-ali.cc:105) Processed 650 utterances; for utterance c2da0109-head avg. like is -47.4751 over 676 frames.
LOG (gmm-acc-stats-ali:main():gmm-acc-stats-ali.cc:105) Processed 700 utterances; for utterance c2dc0216-head avg. like is -46.1742 over 426 frames.
LOG (gmm-acc-stats-ali:main():gmm-acc-stats-ali.cc:105) Processed 750 utterances; for utterance c2ea0104-head avg. like is -45.0085 over 614 frames.
LOG (gmm-acc-stats-ali:main():gmm-acc-stats-ali.cc:105) Processed 800 utterances; for utterance c2ec0210-head avg. like is -50.4536 over 526 frames.
LOG (gmm-acc-stats-ali:main():gmm-acc-stats-ali.cc:105) Processed 850 utterances; for utterance c2ec022e-head avg. like is -47.687 over 664 frames.
LOG (apply-cmvn:main():apply-cmvn.cc:146) Applied cepstral mean normalization to 855 utterances, errors on 0
LOG (transform-feats:main():transform-feats.cc:158) Overall average [pseudo-]logdet is -94.5186 over 640094 frames.
LOG (transform-feats:main():transform-feats.cc:161) Applied transform to 855 utterances; 0 had errors.
LOG (transform-feats:main():transform-feats.cc:158) Overall average logdet is 2.11399 over 640094 frames.
LOG (transform-feats:main():transform-feats.cc:161) Applied transform to 855 utterances; 0 had errors.
LOG (gmm-acc-stats-ali:main():gmm-acc-stats-ali.cc:112) Done 855 files, 0 with errors.
LOG (gmm-acc-stats-ali:main():gmm-acc-stats-ali.cc:115) Overall avg like per frame (Gaussian only) = -44.8847 over 640094 frames.
LOG (gmm-acc-stats-ali:main():gmm-acc-stats-ali.cc:123) Written accs.
# Accounting: time=4 threads=1
# Ended (code 0) at Thu Jul 27 15:35:56 BST 2017, elapsed time 4 seconds
