# gmm-acc-stats-ali exp-kaldi-lang/tri4b/17.mdl "ark,s,cs:apply-cmvn  --utt2spk=ark:data/train/split12/10/utt2spk scp:data/train/split12/10/cmvn.scp scp:data/train/split12/10/feats.scp ark:- | splice-feats --left-context=3 --right-context=3 ark:- ark:- | transform-feats exp-kaldi-lang/tri3b_ali/final.mat ark:- ark:- | transform-feats --utt2spk=ark:data/train/split12/10/utt2spk ark,s,cs:exp-kaldi-lang/tri4b/trans.10 ark:- ark:- |" "ark,s,cs:gunzip -c exp-kaldi-lang/tri4b/ali.10.gz|" exp-kaldi-lang/tri4b/17.10.acc 
# Started at Thu Jul 27 15:38:17 BST 2017
#
gmm-acc-stats-ali exp-kaldi-lang/tri4b/17.mdl 'ark,s,cs:apply-cmvn  --utt2spk=ark:data/train/split12/10/utt2spk scp:data/train/split12/10/cmvn.scp scp:data/train/split12/10/feats.scp ark:- | splice-feats --left-context=3 --right-context=3 ark:- ark:- | transform-feats exp-kaldi-lang/tri3b_ali/final.mat ark:- ark:- | transform-feats --utt2spk=ark:data/train/split12/10/utt2spk ark,s,cs:exp-kaldi-lang/tri4b/trans.10 ark:- ark:- |' 'ark,s,cs:gunzip -c exp-kaldi-lang/tri4b/ali.10.gz|' exp-kaldi-lang/tri4b/17.10.acc 
transform-feats --utt2spk=ark:data/train/split12/10/utt2spk ark,s,cs:exp-kaldi-lang/tri4b/trans.10 ark:- ark:- 
splice-feats --left-context=3 --right-context=3 ark:- ark:- 
apply-cmvn --utt2spk=ark:data/train/split12/10/utt2spk scp:data/train/split12/10/cmvn.scp scp:data/train/split12/10/feats.scp ark:- 
transform-feats exp-kaldi-lang/tri3b_ali/final.mat ark:- ark:- 
LOG (gmm-acc-stats-ali:main():gmm-acc-stats-ali.cc:105) Processed 50 utterances; for utterance c1zc020w-head avg. like is -43.308 over 864 frames.
LOG (gmm-acc-stats-ali:main():gmm-acc-stats-ali.cc:105) Processed 100 utterances; for utterance c1zc022a-head avg. like is -44.4991 over 839 frames.
LOG (gmm-acc-stats-ali:main():gmm-acc-stats-ali.cc:105) Processed 150 utterances; for utterance c20c020o-head avg. like is -46.5066 over 839 frames.
LOG (gmm-acc-stats-ali:main():gmm-acc-stats-ali.cc:105) Processed 200 utterances; for utterance c20c0222-head avg. like is -45.3258 over 682 frames.
LOG (gmm-acc-stats-ali:main():gmm-acc-stats-ali.cc:105) Processed 250 utterances; for utterance c21c020g-head avg. like is -45.2318 over 951 frames.
LOG (gmm-acc-stats-ali:main():gmm-acc-stats-ali.cc:105) Processed 300 utterances; for utterance c21c021u-head avg. like is -46.6604 over 632 frames.
LOG (gmm-acc-stats-ali:main():gmm-acc-stats-ali.cc:105) Processed 350 utterances; for utterance c22c0205-head avg. like is -41.4064 over 1201 frames.
LOG (gmm-acc-stats-ali:main():gmm-acc-stats-ali.cc:105) Processed 400 utterances; for utterance c22c021j-head avg. like is -42.2879 over 732 frames.
LOG (gmm-acc-stats-ali:main():gmm-acc-stats-ali.cc:105) Processed 450 utterances; for utterance c23a010d-head avg. like is -46.3369 over 414 frames.
LOG (gmm-acc-stats-ali:main():gmm-acc-stats-ali.cc:105) Processed 500 utterances; for utterance c23c0219-head avg. like is -46.4451 over 364 frames.
LOG (gmm-acc-stats-ali:main():gmm-acc-stats-ali.cc:105) Processed 550 utterances; for utterance c24a0106-head avg. like is -44.0858 over 614 frames.
LOG (gmm-acc-stats-ali:main():gmm-acc-stats-ali.cc:105) Processed 600 utterances; for utterance c24c0212-head avg. like is -48.0904 over 720 frames.
LOG (gmm-acc-stats-ali:main():gmm-acc-stats-ali.cc:105) Processed 650 utterances; for utterance c24c022g-head avg. like is -45.8395 over 820 frames.
LOG (gmm-acc-stats-ali:main():gmm-acc-stats-ali.cc:105) Processed 700 utterances; for utterance c25c020q-head avg. like is -46.0734 over 820 frames.
LOG (gmm-acc-stats-ali:main():gmm-acc-stats-ali.cc:105) Processed 750 utterances; for utterance c25c0224-head avg. like is -44.9036 over 557 frames.
LOG (gmm-acc-stats-ali:main():gmm-acc-stats-ali.cc:105) Processed 800 utterances; for utterance c26c020g-head avg. like is -47.7603 over 839 frames.
LOG (gmm-acc-stats-ali:main():gmm-acc-stats-ali.cc:105) Processed 850 utterances; for utterance c26c021u-head avg. like is -45.6469 over 645 frames.
LOG (apply-cmvn:main():apply-cmvn.cc:146) Applied cepstral mean normalization to 874 utterances, errors on 0
LOG (transform-feats:main():transform-feats.cc:158) Overall average [pseudo-]logdet is -94.5186 over 609371 frames.
LOG (transform-feats:main():transform-feats.cc:161) Applied transform to 874 utterances; 0 had errors.
LOG (transform-feats:main():transform-feats.cc:158) Overall average logdet is 1.57584 over 609371 frames.
LOG (transform-feats:main():transform-feats.cc:161) Applied transform to 874 utterances; 0 had errors.
LOG (gmm-acc-stats-ali:main():gmm-acc-stats-ali.cc:112) Done 874 files, 0 with errors.
LOG (gmm-acc-stats-ali:main():gmm-acc-stats-ali.cc:115) Overall avg like per frame (Gaussian only) = -45.1257 over 609371 frames.
LOG (gmm-acc-stats-ali:main():gmm-acc-stats-ali.cc:123) Written accs.
# Accounting: time=5 threads=1
# Ended (code 0) at Thu Jul 27 15:38:22 BST 2017, elapsed time 5 seconds
