# gmm-acc-stats-ali exp-kaldi-lang/tri4b/2.mdl "ark,s,cs:apply-cmvn  --utt2spk=ark:data/train/split12/5/utt2spk scp:data/train/split12/5/cmvn.scp scp:data/train/split12/5/feats.scp ark:- | splice-feats --left-context=3 --right-context=3 ark:- ark:- | transform-feats exp-kaldi-lang/tri3b_ali/final.mat ark:- ark:- | transform-feats --utt2spk=ark:data/train/split12/5/utt2spk ark,s,cs:exp-kaldi-lang/tri4b/trans.5 ark:- ark:- |" "ark,s,cs:gunzip -c exp-kaldi-lang/tri4b/ali.5.gz|" exp-kaldi-lang/tri4b/2.5.acc 
# Started at Thu Jul 27 15:35:57 BST 2017
#
gmm-acc-stats-ali exp-kaldi-lang/tri4b/2.mdl 'ark,s,cs:apply-cmvn  --utt2spk=ark:data/train/split12/5/utt2spk scp:data/train/split12/5/cmvn.scp scp:data/train/split12/5/feats.scp ark:- | splice-feats --left-context=3 --right-context=3 ark:- ark:- | transform-feats exp-kaldi-lang/tri3b_ali/final.mat ark:- ark:- | transform-feats --utt2spk=ark:data/train/split12/5/utt2spk ark,s,cs:exp-kaldi-lang/tri4b/trans.5 ark:- ark:- |' 'ark,s,cs:gunzip -c exp-kaldi-lang/tri4b/ali.5.gz|' exp-kaldi-lang/tri4b/2.5.acc 
transform-feats --utt2spk=ark:data/train/split12/5/utt2spk ark,s,cs:exp-kaldi-lang/tri4b/trans.5 ark:- ark:- 
transform-feats exp-kaldi-lang/tri3b_ali/final.mat ark:- ark:- 
apply-cmvn --utt2spk=ark:data/train/split12/5/utt2spk scp:data/train/split12/5/cmvn.scp scp:data/train/split12/5/feats.scp ark:- 
splice-feats --left-context=3 --right-context=3 ark:- ark:- 
LOG (gmm-acc-stats-ali:main():gmm-acc-stats-ali.cc:105) Processed 50 utterances; for utterance c0xc020w-head avg. like is -46.1747 over 1020 frames.
LOG (gmm-acc-stats-ali:main():gmm-acc-stats-ali.cc:105) Processed 100 utterances; for utterance c0xc022a-head avg. like is -46.2374 over 989 frames.
LOG (gmm-acc-stats-ali:main():gmm-acc-stats-ali.cc:105) Processed 150 utterances; for utterance c0yc020o-head avg. like is -49.6713 over 626 frames.
LOG (gmm-acc-stats-ali:main():gmm-acc-stats-ali.cc:105) Processed 200 utterances; for utterance c0yc0222-head avg. like is -48.6497 over 895 frames.
LOG (gmm-acc-stats-ali:main():gmm-acc-stats-ali.cc:105) Processed 250 utterances; for utterance c0zc020i-head avg. like is -43.2362 over 545 frames.
LOG (gmm-acc-stats-ali:main():gmm-acc-stats-ali.cc:105) Processed 300 utterances; for utterance c0zc021w-head avg. like is -42.1851 over 570 frames.
LOG (gmm-acc-stats-ali:main():gmm-acc-stats-ali.cc:105) Processed 350 utterances; for utterance c10c020a-head avg. like is -47.7832 over 626 frames.
LOG (gmm-acc-stats-ali:main():gmm-acc-stats-ali.cc:105) Processed 400 utterances; for utterance c10c021o-head avg. like is -45.71 over 995 frames.
LOG (gmm-acc-stats-ali:main():gmm-acc-stats-ali.cc:105) Processed 450 utterances; for utterance c11c0201-head avg. like is -42.2531 over 957 frames.
LOG (gmm-acc-stats-ali:main():gmm-acc-stats-ali.cc:105) Processed 500 utterances; for utterance c11c021f-head avg. like is -42.6728 over 889 frames.
LOG (gmm-acc-stats-ali:main():gmm-acc-stats-ali.cc:105) Processed 550 utterances; for utterance c12a010a-head avg. like is -45.1331 over 601 frames.
LOG (gmm-acc-stats-ali:main():gmm-acc-stats-ali.cc:105) Processed 600 utterances; for utterance c12c0216-head avg. like is -47.9199 over 920 frames.
LOG (gmm-acc-stats-ali:main():gmm-acc-stats-ali.cc:105) Processed 650 utterances; for utterance c13a0102-head avg. like is -44.8213 over 451 frames.
LOG (gmm-acc-stats-ali:main():gmm-acc-stats-ali.cc:105) Processed 700 utterances; for utterance c13c020y-head avg. like is -46.7332 over 1157 frames.
LOG (gmm-acc-stats-ali:main():gmm-acc-stats-ali.cc:105) Processed 750 utterances; for utterance c13c022c-head avg. like is -47.526 over 932 frames.
LOG (gmm-acc-stats-ali:main():gmm-acc-stats-ali.cc:105) Processed 800 utterances; for utterance c14c020s-head avg. like is -44.9416 over 685 frames.
LOG (gmm-acc-stats-ali:main():gmm-acc-stats-ali.cc:105) Processed 850 utterances; for utterance c14c0226-head avg. like is -50.1402 over 632 frames.
LOG (apply-cmvn:main():apply-cmvn.cc:146) Applied cepstral mean normalization to 862 utterances, errors on 0
LOG (transform-feats:main():transform-feats.cc:158) Overall average [pseudo-]logdet is -94.5186 over 592795 frames.
LOG (transform-feats:main():transform-feats.cc:161) Applied transform to 862 utterances; 0 had errors.
LOG (transform-feats:main():transform-feats.cc:158) Overall average logdet is 1.72896 over 592795 frames.
LOG (transform-feats:main():transform-feats.cc:161) Applied transform to 862 utterances; 0 had errors.
LOG (gmm-acc-stats-ali:main():gmm-acc-stats-ali.cc:112) Done 862 files, 0 with errors.
LOG (gmm-acc-stats-ali:main():gmm-acc-stats-ali.cc:115) Overall avg like per frame (Gaussian only) = -45.6361 over 592795 frames.
LOG (gmm-acc-stats-ali:main():gmm-acc-stats-ali.cc:123) Written accs.
# Accounting: time=4 threads=1
# Ended (code 0) at Thu Jul 27 15:36:01 BST 2017, elapsed time 4 seconds
