# gmm-acc-stats-ali exp-kaldi-lang/tri4b/18.mdl "ark,s,cs:apply-cmvn  --utt2spk=ark:data/train/split12/12/utt2spk scp:data/train/split12/12/cmvn.scp scp:data/train/split12/12/feats.scp ark:- | splice-feats --left-context=3 --right-context=3 ark:- ark:- | transform-feats exp-kaldi-lang/tri3b_ali/final.mat ark:- ark:- | transform-feats --utt2spk=ark:data/train/split12/12/utt2spk ark,s,cs:exp-kaldi-lang/tri4b/trans.12 ark:- ark:- |" "ark,s,cs:gunzip -c exp-kaldi-lang/tri4b/ali.12.gz|" exp-kaldi-lang/tri4b/18.12.acc 
# Started at Thu Jul 27 15:38:24 BST 2017
#
gmm-acc-stats-ali exp-kaldi-lang/tri4b/18.mdl 'ark,s,cs:apply-cmvn  --utt2spk=ark:data/train/split12/12/utt2spk scp:data/train/split12/12/cmvn.scp scp:data/train/split12/12/feats.scp ark:- | splice-feats --left-context=3 --right-context=3 ark:- ark:- | transform-feats exp-kaldi-lang/tri3b_ali/final.mat ark:- ark:- | transform-feats --utt2spk=ark:data/train/split12/12/utt2spk ark,s,cs:exp-kaldi-lang/tri4b/trans.12 ark:- ark:- |' 'ark,s,cs:gunzip -c exp-kaldi-lang/tri4b/ali.12.gz|' exp-kaldi-lang/tri4b/18.12.acc 
apply-cmvn --utt2spk=ark:data/train/split12/12/utt2spk scp:data/train/split12/12/cmvn.scp scp:data/train/split12/12/feats.scp ark:- 
splice-feats --left-context=3 --right-context=3 ark:- ark:- 
transform-feats exp-kaldi-lang/tri3b_ali/final.mat ark:- ark:- 
transform-feats --utt2spk=ark:data/train/split12/12/utt2spk ark,s,cs:exp-kaldi-lang/tri4b/trans.12 ark:- ark:- 
LOG (gmm-acc-stats-ali:main():gmm-acc-stats-ali.cc:105) Processed 50 utterances; for utterance c2fc020w-head avg. like is -41.6111 over 1107 frames.
LOG (gmm-acc-stats-ali:main():gmm-acc-stats-ali.cc:105) Processed 100 utterances; for utterance c2fc022a-head avg. like is -38.2029 over 445 frames.
LOG (gmm-acc-stats-ali:main():gmm-acc-stats-ali.cc:105) Processed 150 utterances; for utterance c2gc020o-head avg. like is -43.8098 over 689 frames.
LOG (gmm-acc-stats-ali:main():gmm-acc-stats-ali.cc:105) Processed 200 utterances; for utterance c2gc0222-head avg. like is -43.8034 over 814 frames.
LOG (gmm-acc-stats-ali:main():gmm-acc-stats-ali.cc:105) Processed 250 utterances; for utterance c2hc020g-head avg. like is -44.5831 over 526 frames.
LOG (gmm-acc-stats-ali:main():gmm-acc-stats-ali.cc:105) Processed 300 utterances; for utterance c2hc021u-head avg. like is -44.0357 over 495 frames.
LOG (gmm-acc-stats-ali:main():gmm-acc-stats-ali.cc:105) Processed 350 utterances; for utterance c2ic0209-head avg. like is -44.7383 over 707 frames.
LOG (gmm-acc-stats-ali:main():gmm-acc-stats-ali.cc:105) Processed 400 utterances; for utterance c2ic021n-head avg. like is -42.8054 over 339 frames.
LOG (gmm-acc-stats-ali:main():gmm-acc-stats-ali.cc:105) Processed 450 utterances; for utterance c2jc0203-head avg. like is -44.7243 over 539 frames.
LOG (gmm-acc-stats-ali:main():gmm-acc-stats-ali.cc:105) Processed 500 utterances; for utterance c2jc021h-head avg. like is -44.4924 over 570 frames.
LOG (gmm-acc-stats-ali:main():gmm-acc-stats-ali.cc:105) Processed 550 utterances; for utterance c2ka010h-head avg. like is -42.1756 over 539 frames.
LOG (gmm-acc-stats-ali:main():gmm-acc-stats-ali.cc:105) Processed 600 utterances; for utterance c2kc021d-head avg. like is -46.0819 over 782 frames.
LOG (gmm-acc-stats-ali:main():gmm-acc-stats-ali.cc:105) Processed 650 utterances; for utterance c2la0109-head avg. like is -41.543 over 564 frames.
LOG (gmm-acc-stats-ali:main():gmm-acc-stats-ali.cc:105) Processed 700 utterances; for utterance c2lc0215-head avg. like is -40.1274 over 289 frames.
LOG (apply-cmvn:main():apply-cmvn.cc:146) Applied cepstral mean normalization to 751 utterances, errors on 0
LOG (transform-feats:main():transform-feats.cc:158) Overall average [pseudo-]logdet is -94.5186 over 538664 frames.
LOG (transform-feats:main():transform-feats.cc:161) Applied transform to 751 utterances; 0 had errors.
LOG (gmm-acc-stats-ali:main():gmm-acc-stats-ali.cc:105) Processed 750 utterances; for utterance c2lc022j-head avg. like is -44.8824 over 645 frames.
LOG (transform-feats:main():transform-feats.cc:158) Overall average logdet is 1.55349 over 538664 frames.
LOG (transform-feats:main():transform-feats.cc:161) Applied transform to 751 utterances; 0 had errors.
LOG (gmm-acc-stats-ali:main():gmm-acc-stats-ali.cc:112) Done 751 files, 0 with errors.
LOG (gmm-acc-stats-ali:main():gmm-acc-stats-ali.cc:115) Overall avg like per frame (Gaussian only) = -44.248 over 538664 frames.
LOG (gmm-acc-stats-ali:main():gmm-acc-stats-ali.cc:123) Written accs.
# Accounting: time=4 threads=1
# Ended (code 0) at Thu Jul 27 15:38:28 BST 2017, elapsed time 4 seconds
