# gmm-acc-stats-ali exp-kaldi-lang/tri4b/11.mdl "ark,s,cs:apply-cmvn  --utt2spk=ark:data/train/split12/3/utt2spk scp:data/train/split12/3/cmvn.scp scp:data/train/split12/3/feats.scp ark:- | splice-feats --left-context=3 --right-context=3 ark:- ark:- | transform-feats exp-kaldi-lang/tri3b_ali/final.mat ark:- ark:- | transform-feats --utt2spk=ark:data/train/split12/3/utt2spk ark,s,cs:exp-kaldi-lang/tri4b/trans.3 ark:- ark:- |" "ark,s,cs:gunzip -c exp-kaldi-lang/tri4b/ali.3.gz|" exp-kaldi-lang/tri4b/11.3.acc 
# Started at Thu Jul 27 15:37:13 BST 2017
#
gmm-acc-stats-ali exp-kaldi-lang/tri4b/11.mdl 'ark,s,cs:apply-cmvn  --utt2spk=ark:data/train/split12/3/utt2spk scp:data/train/split12/3/cmvn.scp scp:data/train/split12/3/feats.scp ark:- | splice-feats --left-context=3 --right-context=3 ark:- ark:- | transform-feats exp-kaldi-lang/tri3b_ali/final.mat ark:- ark:- | transform-feats --utt2spk=ark:data/train/split12/3/utt2spk ark,s,cs:exp-kaldi-lang/tri4b/trans.3 ark:- ark:- |' 'ark,s,cs:gunzip -c exp-kaldi-lang/tri4b/ali.3.gz|' exp-kaldi-lang/tri4b/11.3.acc 
transform-feats --utt2spk=ark:data/train/split12/3/utt2spk ark,s,cs:exp-kaldi-lang/tri4b/trans.3 ark:- ark:- 
apply-cmvn --utt2spk=ark:data/train/split12/3/utt2spk scp:data/train/split12/3/cmvn.scp scp:data/train/split12/3/feats.scp ark:- 
splice-feats --left-context=3 --right-context=3 ark:- ark:- 
transform-feats exp-kaldi-lang/tri3b_ali/final.mat ark:- ark:- 
LOG (gmm-acc-stats-ali:main():gmm-acc-stats-ali.cc:105) Processed 50 utterances; for utterance c0hc020w-head avg. like is -45.7323 over 507 frames.
LOG (gmm-acc-stats-ali:main():gmm-acc-stats-ali.cc:105) Processed 100 utterances; for utterance c0hc022a-head avg. like is -47.939 over 470 frames.
LOG (gmm-acc-stats-ali:main():gmm-acc-stats-ali.cc:105) Processed 150 utterances; for utterance c0ic020m-head avg. like is -42.642 over 851 frames.
LOG (gmm-acc-stats-ali:main():gmm-acc-stats-ali.cc:105) Processed 200 utterances; for utterance c0ic0220-head avg. like is -42.2565 over 332 frames.
LOG (gmm-acc-stats-ali:main():gmm-acc-stats-ali.cc:105) Processed 250 utterances; for utterance c0jc020d-head avg. like is -45.837 over 695 frames.
LOG (gmm-acc-stats-ali:main():gmm-acc-stats-ali.cc:105) Processed 300 utterances; for utterance c0jc021r-head avg. like is -46.7265 over 864 frames.
LOG (gmm-acc-stats-ali:main():gmm-acc-stats-ali.cc:105) Processed 350 utterances; for utterance c0kc0204-head avg. like is -46.3069 over 870 frames.
LOG (gmm-acc-stats-ali:main():gmm-acc-stats-ali.cc:105) Processed 400 utterances; for utterance c0kc021i-head avg. like is -39.5391 over 251 frames.
LOG (gmm-acc-stats-ali:main():gmm-acc-stats-ali.cc:105) Processed 450 utterances; for utterance c0la010g-head avg. like is -44.3465 over 601 frames.
LOG (gmm-acc-stats-ali:main():gmm-acc-stats-ali.cc:105) Processed 500 utterances; for utterance c0lc021c-head avg. like is -47.7134 over 639 frames.
LOG (gmm-acc-stats-ali:main():gmm-acc-stats-ali.cc:105) Processed 550 utterances; for utterance c0ma0107-head avg. like is -47.7127 over 601 frames.
LOG (gmm-acc-stats-ali:main():gmm-acc-stats-ali.cc:105) Processed 600 utterances; for utterance c0mc0214-head avg. like is -48.7789 over 639 frames.
LOG (gmm-acc-stats-ali:main():gmm-acc-stats-ali.cc:105) Processed 650 utterances; for utterance c0mc022j-head avg. like is -47.7751 over 651 frames.
LOG (gmm-acc-stats-ali:main():gmm-acc-stats-ali.cc:105) Processed 700 utterances; for utterance c0nc020w-head avg. like is -43.3422 over 770 frames.
LOG (gmm-acc-stats-ali:main():gmm-acc-stats-ali.cc:105) Processed 750 utterances; for utterance c0nc022a-head avg. like is -36.072 over 407 frames.
LOG (gmm-acc-stats-ali:main():gmm-acc-stats-ali.cc:105) Processed 800 utterances; for utterance c0oc020r-head avg. like is -45.2947 over 745 frames.
LOG (gmm-acc-stats-ali:main():gmm-acc-stats-ali.cc:105) Processed 850 utterances; for utterance c0oc0225-head avg. like is -41.6869 over 757 frames.
LOG (apply-cmvn:main():apply-cmvn.cc:146) Applied cepstral mean normalization to 859 utterances, errors on 0
LOG (transform-feats:main():transform-feats.cc:158) Overall average [pseudo-]logdet is -94.5186 over 592329 frames.
LOG (transform-feats:main():transform-feats.cc:161) Applied transform to 859 utterances; 0 had errors.
LOG (transform-feats:main():transform-feats.cc:158) Overall average logdet is 1.79875 over 592329 frames.
LOG (transform-feats:main():transform-feats.cc:161) Applied transform to 859 utterances; 0 had errors.
LOG (gmm-acc-stats-ali:main():gmm-acc-stats-ali.cc:112) Done 859 files, 0 with errors.
LOG (gmm-acc-stats-ali:main():gmm-acc-stats-ali.cc:115) Overall avg like per frame (Gaussian only) = -44.674 over 592329 frames.
LOG (gmm-acc-stats-ali:main():gmm-acc-stats-ali.cc:123) Written accs.
# Accounting: time=4 threads=1
# Ended (code 0) at Thu Jul 27 15:37:17 BST 2017, elapsed time 4 seconds
