# gmm-acc-stats-ali exp-kaldi-lang/tri4b/1.mdl "ark,s,cs:apply-cmvn  --utt2spk=ark:data/train/split12/6/utt2spk scp:data/train/split12/6/cmvn.scp scp:data/train/split12/6/feats.scp ark:- | splice-feats --left-context=3 --right-context=3 ark:- ark:- | transform-feats exp-kaldi-lang/tri3b_ali/final.mat ark:- ark:- | transform-feats --utt2spk=ark:data/train/split12/6/utt2spk ark,s,cs:exp-kaldi-lang/tri4b/trans.6 ark:- ark:- |" "ark,s,cs:gunzip -c exp-kaldi-lang/tri4b/ali.6.gz|" exp-kaldi-lang/tri4b/1.6.acc 
# Started at Thu Jul 27 15:35:52 BST 2017
#
gmm-acc-stats-ali exp-kaldi-lang/tri4b/1.mdl 'ark,s,cs:apply-cmvn  --utt2spk=ark:data/train/split12/6/utt2spk scp:data/train/split12/6/cmvn.scp scp:data/train/split12/6/feats.scp ark:- | splice-feats --left-context=3 --right-context=3 ark:- ark:- | transform-feats exp-kaldi-lang/tri3b_ali/final.mat ark:- ark:- | transform-feats --utt2spk=ark:data/train/split12/6/utt2spk ark,s,cs:exp-kaldi-lang/tri4b/trans.6 ark:- ark:- |' 'ark,s,cs:gunzip -c exp-kaldi-lang/tri4b/ali.6.gz|' exp-kaldi-lang/tri4b/1.6.acc 
transform-feats --utt2spk=ark:data/train/split12/6/utt2spk ark,s,cs:exp-kaldi-lang/tri4b/trans.6 ark:- ark:- 
apply-cmvn --utt2spk=ark:data/train/split12/6/utt2spk scp:data/train/split12/6/cmvn.scp scp:data/train/split12/6/feats.scp ark:- 
transform-feats exp-kaldi-lang/tri3b_ali/final.mat ark:- ark:- 
splice-feats --left-context=3 --right-context=3 ark:- ark:- 
LOG (gmm-acc-stats-ali:main():gmm-acc-stats-ali.cc:105) Processed 50 utterances; for utterance c15c020w-head avg. like is -46.736 over 589 frames.
LOG (gmm-acc-stats-ali:main():gmm-acc-stats-ali.cc:105) Processed 100 utterances; for utterance c15c022a-head avg. like is -44.4882 over 732 frames.
LOG (gmm-acc-stats-ali:main():gmm-acc-stats-ali.cc:105) Processed 150 utterances; for utterance c16c020n-head avg. like is -44.6086 over 582 frames.
LOG (gmm-acc-stats-ali:main():gmm-acc-stats-ali.cc:105) Processed 200 utterances; for utterance c16c0221-head avg. like is -46.9422 over 589 frames.
LOG (gmm-acc-stats-ali:main():gmm-acc-stats-ali.cc:105) Processed 250 utterances; for utterance c17c020e-head avg. like is -46.2794 over 782 frames.
LOG (gmm-acc-stats-ali:main():gmm-acc-stats-ali.cc:105) Processed 300 utterances; for utterance c17c021s-head avg. like is -45.486 over 682 frames.
LOG (gmm-acc-stats-ali:main():gmm-acc-stats-ali.cc:105) Processed 350 utterances; for utterance c18c0208-head avg. like is -44.1654 over 520 frames.
LOG (gmm-acc-stats-ali:main():gmm-acc-stats-ali.cc:105) Processed 400 utterances; for utterance c18c021m-head avg. like is -47.1309 over 520 frames.
LOG (gmm-acc-stats-ali:main():gmm-acc-stats-ali.cc:105) Processed 450 utterances; for utterance c19a010h-head avg. like is -46.4162 over 557 frames.
LOG (gmm-acc-stats-ali:main():gmm-acc-stats-ali.cc:105) Processed 500 utterances; for utterance c19c021d-head avg. like is -43.1508 over 639 frames.
LOG (gmm-acc-stats-ali:main():gmm-acc-stats-ali.cc:105) Processed 550 utterances; for utterance c1aa0107-head avg. like is -43.4871 over 639 frames.
LOG (gmm-acc-stats-ali:main():gmm-acc-stats-ali.cc:105) Processed 600 utterances; for utterance c1ac0213-head avg. like is -43.1156 over 882 frames.
LOG (gmm-acc-stats-ali:main():gmm-acc-stats-ali.cc:105) Processed 650 utterances; for utterance c1ba0101-head avg. like is -23.8078 over 298 frames.
LOG (gmm-acc-stats-ali:main():gmm-acc-stats-ali.cc:105) Processed 700 utterances; for utterance c1bc020x-head avg. like is -46.5568 over 832 frames.
LOG (gmm-acc-stats-ali:main():gmm-acc-stats-ali.cc:105) Processed 750 utterances; for utterance c1bc022b-head avg. like is -40.6201 over 495 frames.
LOG (gmm-acc-stats-ali:main():gmm-acc-stats-ali.cc:105) Processed 800 utterances; for utterance c1cc020p-head avg. like is -35.046 over 395 frames.
LOG (gmm-acc-stats-ali:main():gmm-acc-stats-ali.cc:105) Processed 850 utterances; for utterance c1cc0223-head avg. like is -46.3648 over 1157 frames.
LOG (apply-cmvn:main():apply-cmvn.cc:146) Applied cepstral mean normalization to 867 utterances, errors on 0
LOG (transform-feats:main():transform-feats.cc:158) Overall average [pseudo-]logdet is -94.5186 over 615830 frames.
LOG (transform-feats:main():transform-feats.cc:161) Applied transform to 867 utterances; 0 had errors.
LOG (transform-feats:main():transform-feats.cc:158) Overall average logdet is 2.20192 over 615830 frames.
LOG (transform-feats:main():transform-feats.cc:161) Applied transform to 867 utterances; 0 had errors.
LOG (gmm-acc-stats-ali:main():gmm-acc-stats-ali.cc:112) Done 867 files, 0 with errors.
LOG (gmm-acc-stats-ali:main():gmm-acc-stats-ali.cc:115) Overall avg like per frame (Gaussian only) = -44.9676 over 615830 frames.
LOG (gmm-acc-stats-ali:main():gmm-acc-stats-ali.cc:123) Written accs.
# Accounting: time=4 threads=1
# Ended (code 0) at Thu Jul 27 15:35:56 BST 2017, elapsed time 4 seconds
