# gmm-acc-stats-ali exp-kaldi-lang/tri4b/8.mdl "ark,s,cs:apply-cmvn  --utt2spk=ark:data/train/split12/4/utt2spk scp:data/train/split12/4/cmvn.scp scp:data/train/split12/4/feats.scp ark:- | splice-feats --left-context=3 --right-context=3 ark:- ark:- | transform-feats exp-kaldi-lang/tri3b_ali/final.mat ark:- ark:- | transform-feats --utt2spk=ark:data/train/split12/4/utt2spk ark,s,cs:exp-kaldi-lang/tri4b/trans.4 ark:- ark:- |" "ark,s,cs:gunzip -c exp-kaldi-lang/tri4b/ali.4.gz|" exp-kaldi-lang/tri4b/8.4.acc 
# Started at Thu Jul 27 15:36:28 BST 2017
#
gmm-acc-stats-ali exp-kaldi-lang/tri4b/8.mdl 'ark,s,cs:apply-cmvn  --utt2spk=ark:data/train/split12/4/utt2spk scp:data/train/split12/4/cmvn.scp scp:data/train/split12/4/feats.scp ark:- | splice-feats --left-context=3 --right-context=3 ark:- ark:- | transform-feats exp-kaldi-lang/tri3b_ali/final.mat ark:- ark:- | transform-feats --utt2spk=ark:data/train/split12/4/utt2spk ark,s,cs:exp-kaldi-lang/tri4b/trans.4 ark:- ark:- |' 'ark,s,cs:gunzip -c exp-kaldi-lang/tri4b/ali.4.gz|' exp-kaldi-lang/tri4b/8.4.acc 
transform-feats --utt2spk=ark:data/train/split12/4/utt2spk ark,s,cs:exp-kaldi-lang/tri4b/trans.4 ark:- ark:- 
transform-feats exp-kaldi-lang/tri3b_ali/final.mat ark:- ark:- 
splice-feats --left-context=3 --right-context=3 ark:- ark:- 
apply-cmvn --utt2spk=ark:data/train/split12/4/utt2spk scp:data/train/split12/4/cmvn.scp scp:data/train/split12/4/feats.scp ark:- 
LOG (gmm-acc-stats-ali:main():gmm-acc-stats-ali.cc:105) Processed 50 utterances; for utterance c0pc020w-head avg. like is -50.3619 over 395 frames.
LOG (gmm-acc-stats-ali:main():gmm-acc-stats-ali.cc:105) Processed 100 utterances; for utterance c0pc022a-head avg. like is -49.4574 over 626 frames.
LOG (gmm-acc-stats-ali:main():gmm-acc-stats-ali.cc:105) Processed 150 utterances; for utterance c0qc020n-head avg. like is -46.3451 over 539 frames.
LOG (gmm-acc-stats-ali:main():gmm-acc-stats-ali.cc:105) Processed 200 utterances; for utterance c0qc0221-head avg. like is -45.7362 over 801 frames.
LOG (gmm-acc-stats-ali:main():gmm-acc-stats-ali.cc:105) Processed 250 utterances; for utterance c0rc020h-head avg. like is -41.1781 over 439 frames.
LOG (gmm-acc-stats-ali:main():gmm-acc-stats-ali.cc:105) Processed 300 utterances; for utterance c0rc021v-head avg. like is -48.7243 over 707 frames.
LOG (gmm-acc-stats-ali:main():gmm-acc-stats-ali.cc:105) Processed 350 utterances; for utterance c0sc0208-head avg. like is -45.9947 over 545 frames.
LOG (gmm-acc-stats-ali:main():gmm-acc-stats-ali.cc:105) Processed 400 utterances; for utterance c0sc021m-head avg. like is -46.9597 over 576 frames.
LOG (gmm-acc-stats-ali:main():gmm-acc-stats-ali.cc:105) Processed 450 utterances; for utterance c0ta010g-head avg. like is -47.5583 over 607 frames.
LOG (gmm-acc-stats-ali:main():gmm-acc-stats-ali.cc:105) Processed 500 utterances; for utterance c0tc021c-head avg. like is -45.9529 over 1001 frames.
LOG (gmm-acc-stats-ali:main():gmm-acc-stats-ali.cc:105) Processed 550 utterances; for utterance c0ua0108-head avg. like is -46.0379 over 589 frames.
LOG (gmm-acc-stats-ali:main():gmm-acc-stats-ali.cc:105) Processed 600 utterances; for utterance c0uc0214-head avg. like is -49.1109 over 620 frames.
LOG (gmm-acc-stats-ali:main():gmm-acc-stats-ali.cc:105) Processed 650 utterances; for utterance c0va0102-head avg. like is -40.4784 over 507 frames.
LOG (gmm-acc-stats-ali:main():gmm-acc-stats-ali.cc:105) Processed 700 utterances; for utterance c0vc020y-head avg. like is -44.5651 over 257 frames.
LOG (gmm-acc-stats-ali:main():gmm-acc-stats-ali.cc:105) Processed 750 utterances; for utterance c0vc022c-head avg. like is -45.3152 over 814 frames.
LOG (gmm-acc-stats-ali:main():gmm-acc-stats-ali.cc:105) Processed 800 utterances; for utterance c0wc020p-head avg. like is -43.5434 over 1145 frames.
LOG (gmm-acc-stats-ali:main():gmm-acc-stats-ali.cc:105) Processed 850 utterances; for utterance c0wc0223-head avg. like is -44.3685 over 545 frames.
LOG (apply-cmvn:main():apply-cmvn.cc:146) Applied cepstral mean normalization to 867 utterances, errors on 0
LOG (transform-feats:main():transform-feats.cc:158) Overall average [pseudo-]logdet is -94.5186 over 565292 frames.
LOG (transform-feats:main():transform-feats.cc:161) Applied transform to 867 utterances; 0 had errors.
LOG (transform-feats:main():transform-feats.cc:158) Overall average logdet is 1.87399 over 565292 frames.
LOG (transform-feats:main():transform-feats.cc:161) Applied transform to 867 utterances; 0 had errors.
LOG (gmm-acc-stats-ali:main():gmm-acc-stats-ali.cc:112) Done 867 files, 0 with errors.
LOG (gmm-acc-stats-ali:main():gmm-acc-stats-ali.cc:115) Overall avg like per frame (Gaussian only) = -45.2167 over 565292 frames.
LOG (gmm-acc-stats-ali:main():gmm-acc-stats-ali.cc:123) Written accs.
# Accounting: time=4 threads=1
# Ended (code 0) at Thu Jul 27 15:36:32 BST 2017, elapsed time 4 seconds
