# gmm-acc-stats-ali exp-kaldi-lang/tri4b/12.mdl "ark,s,cs:apply-cmvn  --utt2spk=ark:data/train/split12/8/utt2spk scp:data/train/split12/8/cmvn.scp scp:data/train/split12/8/feats.scp ark:- | splice-feats --left-context=3 --right-context=3 ark:- ark:- | transform-feats exp-kaldi-lang/tri3b_ali/final.mat ark:- ark:- | transform-feats --utt2spk=ark:data/train/split12/8/utt2spk ark,s,cs:exp-kaldi-lang/tri4b/trans.8 ark:- ark:- |" "ark,s,cs:gunzip -c exp-kaldi-lang/tri4b/ali.8.gz|" exp-kaldi-lang/tri4b/12.8.acc 
# Started at Thu Jul 27 15:37:18 BST 2017
#
gmm-acc-stats-ali exp-kaldi-lang/tri4b/12.mdl 'ark,s,cs:apply-cmvn  --utt2spk=ark:data/train/split12/8/utt2spk scp:data/train/split12/8/cmvn.scp scp:data/train/split12/8/feats.scp ark:- | splice-feats --left-context=3 --right-context=3 ark:- ark:- | transform-feats exp-kaldi-lang/tri3b_ali/final.mat ark:- ark:- | transform-feats --utt2spk=ark:data/train/split12/8/utt2spk ark,s,cs:exp-kaldi-lang/tri4b/trans.8 ark:- ark:- |' 'ark,s,cs:gunzip -c exp-kaldi-lang/tri4b/ali.8.gz|' exp-kaldi-lang/tri4b/12.8.acc 
transform-feats --utt2spk=ark:data/train/split12/8/utt2spk ark,s,cs:exp-kaldi-lang/tri4b/trans.8 ark:- ark:- 
splice-feats --left-context=3 --right-context=3 ark:- ark:- 
transform-feats exp-kaldi-lang/tri3b_ali/final.mat ark:- ark:- 
apply-cmvn --utt2spk=ark:data/train/split12/8/utt2spk scp:data/train/split12/8/cmvn.scp scp:data/train/split12/8/feats.scp ark:- 
LOG (gmm-acc-stats-ali:main():gmm-acc-stats-ali.cc:105) Processed 50 utterances; for utterance c1kc020w-head avg. like is -47.5385 over 289 frames.
LOG (gmm-acc-stats-ali:main():gmm-acc-stats-ali.cc:105) Processed 100 utterances; for utterance c1kc022a-head avg. like is -45.0028 over 826 frames.
LOG (gmm-acc-stats-ali:main():gmm-acc-stats-ali.cc:105) Processed 150 utterances; for utterance c1lc020m-head avg. like is -46.1652 over 976 frames.
LOG (gmm-acc-stats-ali:main():gmm-acc-stats-ali.cc:105) Processed 200 utterances; for utterance c1lc0220-head avg. like is -44.9018 over 239 frames.
LOG (gmm-acc-stats-ali:main():gmm-acc-stats-ali.cc:105) Processed 250 utterances; for utterance c1mc020e-head avg. like is -48.8211 over 651 frames.
LOG (gmm-acc-stats-ali:main():gmm-acc-stats-ali.cc:105) Processed 300 utterances; for utterance c1mc021s-head avg. like is -45.1086 over 476 frames.
LOG (gmm-acc-stats-ali:main():gmm-acc-stats-ali.cc:105) Processed 350 utterances; for utterance c1nc0207-head avg. like is -49.7669 over 632 frames.
LOG (gmm-acc-stats-ali:main():gmm-acc-stats-ali.cc:105) Processed 400 utterances; for utterance c1nc021l-head avg. like is -50.0914 over 732 frames.
LOG (gmm-acc-stats-ali:main():gmm-acc-stats-ali.cc:105) Processed 450 utterances; for utterance c1oa010h-head avg. like is -42.2739 over 676 frames.
LOG (gmm-acc-stats-ali:main():gmm-acc-stats-ali.cc:105) Processed 500 utterances; for utterance c1oc021d-head avg. like is -43.1337 over 920 frames.
LOG (gmm-acc-stats-ali:main():gmm-acc-stats-ali.cc:105) Processed 550 utterances; for utterance c1pa0108-head avg. like is -45.2751 over 539 frames.
LOG (gmm-acc-stats-ali:main():gmm-acc-stats-ali.cc:105) Processed 600 utterances; for utterance c1pc0214-head avg. like is -45.2456 over 382 frames.
LOG (gmm-acc-stats-ali:main():gmm-acc-stats-ali.cc:105) Processed 650 utterances; for utterance c1pc022i-head avg. like is -48.3356 over 351 frames.
LOG (gmm-acc-stats-ali:main():gmm-acc-stats-ali.cc:105) Processed 700 utterances; for utterance c1qc020v-head avg. like is -44.266 over 1007 frames.
LOG (gmm-acc-stats-ali:main():gmm-acc-stats-ali.cc:105) Processed 750 utterances; for utterance c1qc0229-head avg. like is -40.89 over 470 frames.
LOG (apply-cmvn:main():apply-cmvn.cc:146) Applied cepstral mean normalization to 759 utterances, errors on 0
LOG (transform-feats:main():transform-feats.cc:158) Overall average [pseudo-]logdet is -94.5186 over 491154 frames.
LOG (transform-feats:main():transform-feats.cc:161) Applied transform to 759 utterances; 0 had errors.
LOG (transform-feats:main():transform-feats.cc:158) Overall average logdet is 1.78782 over 491154 frames.
LOG (transform-feats:main():transform-feats.cc:161) Applied transform to 759 utterances; 0 had errors.
LOG (gmm-acc-stats-ali:main():gmm-acc-stats-ali.cc:112) Done 759 files, 0 with errors.
LOG (gmm-acc-stats-ali:main():gmm-acc-stats-ali.cc:115) Overall avg like per frame (Gaussian only) = -45.7381 over 491154 frames.
LOG (gmm-acc-stats-ali:main():gmm-acc-stats-ali.cc:123) Written accs.
# Accounting: time=4 threads=1
# Ended (code 0) at Thu Jul 27 15:37:22 BST 2017, elapsed time 4 seconds
