# gmm-acc-stats-ali exp-kaldi-lang/tri4b/15.mdl "ark,s,cs:apply-cmvn  --utt2spk=ark:data/train/split12/6/utt2spk scp:data/train/split12/6/cmvn.scp scp:data/train/split12/6/feats.scp ark:- | splice-feats --left-context=3 --right-context=3 ark:- ark:- | transform-feats exp-kaldi-lang/tri3b_ali/final.mat ark:- ark:- | transform-feats --utt2spk=ark:data/train/split12/6/utt2spk ark,s,cs:exp-kaldi-lang/tri4b/trans.6 ark:- ark:- |" "ark,s,cs:gunzip -c exp-kaldi-lang/tri4b/ali.6.gz|" exp-kaldi-lang/tri4b/15.6.acc 
# Started at Thu Jul 27 15:38:05 BST 2017
#
gmm-acc-stats-ali exp-kaldi-lang/tri4b/15.mdl 'ark,s,cs:apply-cmvn  --utt2spk=ark:data/train/split12/6/utt2spk scp:data/train/split12/6/cmvn.scp scp:data/train/split12/6/feats.scp ark:- | splice-feats --left-context=3 --right-context=3 ark:- ark:- | transform-feats exp-kaldi-lang/tri3b_ali/final.mat ark:- ark:- | transform-feats --utt2spk=ark:data/train/split12/6/utt2spk ark,s,cs:exp-kaldi-lang/tri4b/trans.6 ark:- ark:- |' 'ark,s,cs:gunzip -c exp-kaldi-lang/tri4b/ali.6.gz|' exp-kaldi-lang/tri4b/15.6.acc 
transform-feats exp-kaldi-lang/tri3b_ali/final.mat ark:- ark:- 
transform-feats --utt2spk=ark:data/train/split12/6/utt2spk ark,s,cs:exp-kaldi-lang/tri4b/trans.6 ark:- ark:- 
splice-feats --left-context=3 --right-context=3 ark:- ark:- 
apply-cmvn --utt2spk=ark:data/train/split12/6/utt2spk scp:data/train/split12/6/cmvn.scp scp:data/train/split12/6/feats.scp ark:- 
LOG (gmm-acc-stats-ali:main():gmm-acc-stats-ali.cc:105) Processed 50 utterances; for utterance c15c020w-head avg. like is -45.4892 over 589 frames.
LOG (gmm-acc-stats-ali:main():gmm-acc-stats-ali.cc:105) Processed 100 utterances; for utterance c15c022a-head avg. like is -43.2954 over 732 frames.
LOG (gmm-acc-stats-ali:main():gmm-acc-stats-ali.cc:105) Processed 150 utterances; for utterance c16c020n-head avg. like is -43.3354 over 582 frames.
LOG (gmm-acc-stats-ali:main():gmm-acc-stats-ali.cc:105) Processed 200 utterances; for utterance c16c0221-head avg. like is -45.7291 over 589 frames.
LOG (gmm-acc-stats-ali:main():gmm-acc-stats-ali.cc:105) Processed 250 utterances; for utterance c17c020e-head avg. like is -45.186 over 782 frames.
LOG (gmm-acc-stats-ali:main():gmm-acc-stats-ali.cc:105) Processed 300 utterances; for utterance c17c021s-head avg. like is -44.045 over 682 frames.
LOG (gmm-acc-stats-ali:main():gmm-acc-stats-ali.cc:105) Processed 350 utterances; for utterance c18c0208-head avg. like is -43.0789 over 520 frames.
LOG (gmm-acc-stats-ali:main():gmm-acc-stats-ali.cc:105) Processed 400 utterances; for utterance c18c021m-head avg. like is -45.8315 over 520 frames.
LOG (gmm-acc-stats-ali:main():gmm-acc-stats-ali.cc:105) Processed 450 utterances; for utterance c19a010h-head avg. like is -44.9125 over 557 frames.
LOG (gmm-acc-stats-ali:main():gmm-acc-stats-ali.cc:105) Processed 500 utterances; for utterance c19c021d-head avg. like is -41.9951 over 639 frames.
LOG (gmm-acc-stats-ali:main():gmm-acc-stats-ali.cc:105) Processed 550 utterances; for utterance c1aa0107-head avg. like is -42.5421 over 639 frames.
LOG (gmm-acc-stats-ali:main():gmm-acc-stats-ali.cc:105) Processed 600 utterances; for utterance c1ac0213-head avg. like is -42.1392 over 882 frames.
LOG (gmm-acc-stats-ali:main():gmm-acc-stats-ali.cc:105) Processed 650 utterances; for utterance c1ba0101-head avg. like is -22.9169 over 298 frames.
LOG (gmm-acc-stats-ali:main():gmm-acc-stats-ali.cc:105) Processed 700 utterances; for utterance c1bc020x-head avg. like is -45.1331 over 832 frames.
LOG (gmm-acc-stats-ali:main():gmm-acc-stats-ali.cc:105) Processed 750 utterances; for utterance c1bc022b-head avg. like is -39.4226 over 495 frames.
LOG (gmm-acc-stats-ali:main():gmm-acc-stats-ali.cc:105) Processed 800 utterances; for utterance c1cc020p-head avg. like is -34.0129 over 395 frames.
LOG (gmm-acc-stats-ali:main():gmm-acc-stats-ali.cc:105) Processed 850 utterances; for utterance c1cc0223-head avg. like is -45.0669 over 1157 frames.
LOG (apply-cmvn:main():apply-cmvn.cc:146) Applied cepstral mean normalization to 867 utterances, errors on 0
LOG (transform-feats:main():transform-feats.cc:158) Overall average [pseudo-]logdet is -94.5186 over 615830 frames.
LOG (transform-feats:main():transform-feats.cc:161) Applied transform to 867 utterances; 0 had errors.
LOG (transform-feats:main():transform-feats.cc:158) Overall average logdet is 2.20192 over 615830 frames.
LOG (transform-feats:main():transform-feats.cc:161) Applied transform to 867 utterances; 0 had errors.
LOG (gmm-acc-stats-ali:main():gmm-acc-stats-ali.cc:112) Done 867 files, 0 with errors.
LOG (gmm-acc-stats-ali:main():gmm-acc-stats-ali.cc:115) Overall avg like per frame (Gaussian only) = -43.8307 over 615830 frames.
LOG (gmm-acc-stats-ali:main():gmm-acc-stats-ali.cc:123) Written accs.
# Accounting: time=5 threads=1
# Ended (code 0) at Thu Jul 27 15:38:10 BST 2017, elapsed time 5 seconds
