# gmm-acc-stats-ali exp-kaldi-lang/tri4b/5.mdl "ark,s,cs:apply-cmvn  --utt2spk=ark:data/train/split12/2/utt2spk scp:data/train/split12/2/cmvn.scp scp:data/train/split12/2/feats.scp ark:- | splice-feats --left-context=3 --right-context=3 ark:- ark:- | transform-feats exp-kaldi-lang/tri3b_ali/final.mat ark:- ark:- | transform-feats --utt2spk=ark:data/train/split12/2/utt2spk ark,s,cs:exp-kaldi-lang/tri4b/trans.2 ark:- ark:- |" "ark,s,cs:gunzip -c exp-kaldi-lang/tri4b/ali.2.gz|" exp-kaldi-lang/tri4b/5.2.acc 
# Started at Thu Jul 27 15:36:12 BST 2017
#
gmm-acc-stats-ali exp-kaldi-lang/tri4b/5.mdl 'ark,s,cs:apply-cmvn  --utt2spk=ark:data/train/split12/2/utt2spk scp:data/train/split12/2/cmvn.scp scp:data/train/split12/2/feats.scp ark:- | splice-feats --left-context=3 --right-context=3 ark:- ark:- | transform-feats exp-kaldi-lang/tri3b_ali/final.mat ark:- ark:- | transform-feats --utt2spk=ark:data/train/split12/2/utt2spk ark,s,cs:exp-kaldi-lang/tri4b/trans.2 ark:- ark:- |' 'ark,s,cs:gunzip -c exp-kaldi-lang/tri4b/ali.2.gz|' exp-kaldi-lang/tri4b/5.2.acc 
transform-feats exp-kaldi-lang/tri3b_ali/final.mat ark:- ark:- 
transform-feats --utt2spk=ark:data/train/split12/2/utt2spk ark,s,cs:exp-kaldi-lang/tri4b/trans.2 ark:- ark:- 
splice-feats --left-context=3 --right-context=3 ark:- ark:- 
apply-cmvn --utt2spk=ark:data/train/split12/2/utt2spk scp:data/train/split12/2/cmvn.scp scp:data/train/split12/2/feats.scp ark:- 
LOG (gmm-acc-stats-ali:main():gmm-acc-stats-ali.cc:105) Processed 50 utterances; for utterance c09c020w-head avg. like is -47.8306 over 576 frames.
LOG (gmm-acc-stats-ali:main():gmm-acc-stats-ali.cc:105) Processed 100 utterances; for utterance c09c022a-head avg. like is -50.925 over 320 frames.
LOG (gmm-acc-stats-ali:main():gmm-acc-stats-ali.cc:105) Processed 150 utterances; for utterance c0ac020o-head avg. like is -45.0273 over 557 frames.
LOG (gmm-acc-stats-ali:main():gmm-acc-stats-ali.cc:105) Processed 200 utterances; for utterance c0ac0222-head avg. like is -45.6212 over 1057 frames.
LOG (gmm-acc-stats-ali:main():gmm-acc-stats-ali.cc:105) Processed 250 utterances; for utterance c0bc020f-head avg. like is -49.509 over 589 frames.
LOG (gmm-acc-stats-ali:main():gmm-acc-stats-ali.cc:105) Processed 300 utterances; for utterance c0bc021t-head avg. like is -49.5542 over 676 frames.
LOG (gmm-acc-stats-ali:main():gmm-acc-stats-ali.cc:105) Processed 350 utterances; for utterance c0cc0208-head avg. like is -48.351 over 682 frames.
LOG (gmm-acc-stats-ali:main():gmm-acc-stats-ali.cc:105) Processed 400 utterances; for utterance c0cc021m-head avg. like is -44.6717 over 301 frames.
LOG (gmm-acc-stats-ali:main():gmm-acc-stats-ali.cc:105) Processed 450 utterances; for utterance c0da010f-head avg. like is -44.0354 over 426 frames.
LOG (gmm-acc-stats-ali:main():gmm-acc-stats-ali.cc:105) Processed 500 utterances; for utterance c0dc021b-head avg. like is -47.472 over 745 frames.
LOG (gmm-acc-stats-ali:main():gmm-acc-stats-ali.cc:105) Processed 550 utterances; for utterance c0ea010b-head avg. like is -43.2258 over 495 frames.
LOG (gmm-acc-stats-ali:main():gmm-acc-stats-ali.cc:105) Processed 600 utterances; for utterance c0ec0217-head avg. like is -39.4725 over 376 frames.
LOG (gmm-acc-stats-ali:main():gmm-acc-stats-ali.cc:105) Processed 650 utterances; for utterance c0fa0104-head avg. like is -43.2379 over 495 frames.
LOG (gmm-acc-stats-ali:main():gmm-acc-stats-ali.cc:105) Processed 700 utterances; for utterance c0fc0210-head avg. like is -46.4156 over 745 frames.
LOG (gmm-acc-stats-ali:main():gmm-acc-stats-ali.cc:105) Processed 750 utterances; for utterance c0fc022e-head avg. like is -47.2331 over 851 frames.
LOG (gmm-acc-stats-ali:main():gmm-acc-stats-ali.cc:105) Processed 800 utterances; for utterance c0gc020r-head avg. like is -49 over 776 frames.
LOG (gmm-acc-stats-ali:main():gmm-acc-stats-ali.cc:105) Processed 850 utterances; for utterance c0gc0225-head avg. like is -46.3522 over 526 frames.
LOG (apply-cmvn:main():apply-cmvn.cc:146) Applied cepstral mean normalization to 862 utterances, errors on 0
LOG (transform-feats:main():transform-feats.cc:158) Overall average [pseudo-]logdet is -94.5186 over 524444 frames.
LOG (transform-feats:main():transform-feats.cc:161) Applied transform to 862 utterances; 0 had errors.
LOG (transform-feats:main():transform-feats.cc:158) Overall average logdet is 1.74172 over 524444 frames.
LOG (transform-feats:main():transform-feats.cc:161) Applied transform to 862 utterances; 0 had errors.
LOG (gmm-acc-stats-ali:main():gmm-acc-stats-ali.cc:112) Done 862 files, 0 with errors.
LOG (gmm-acc-stats-ali:main():gmm-acc-stats-ali.cc:115) Overall avg like per frame (Gaussian only) = -46.5285 over 524444 frames.
LOG (gmm-acc-stats-ali:main():gmm-acc-stats-ali.cc:123) Written accs.
# Accounting: time=3 threads=1
# Ended (code 0) at Thu Jul 27 15:36:15 BST 2017, elapsed time 3 seconds
