# gmm-align-compiled --transition-scale=1.0 --acoustic-scale=0.1 --self-loop-scale=0.1 --beam=10 --retry-beam=40 exp-kaldi-lang/tri4b/10.mdl "ark:gunzip -c exp-kaldi-lang/tri4b/fsts.10.gz|" "ark,s,cs:apply-cmvn  --utt2spk=ark:data/train/split12/10/utt2spk scp:data/train/split12/10/cmvn.scp scp:data/train/split12/10/feats.scp ark:- | splice-feats --left-context=3 --right-context=3 ark:- ark:- | transform-feats exp-kaldi-lang/tri3b_ali/final.mat ark:- ark:- | transform-feats --utt2spk=ark:data/train/split12/10/utt2spk ark,s,cs:exp-kaldi-lang/tri4b/trans.10 ark:- ark:- |" "ark:|gzip -c >exp-kaldi-lang/tri4b/ali.10.gz" 
# Started at Thu Jul 27 15:36:39 BST 2017
#
gmm-align-compiled --transition-scale=1.0 --acoustic-scale=0.1 --self-loop-scale=0.1 --beam=10 --retry-beam=40 exp-kaldi-lang/tri4b/10.mdl 'ark:gunzip -c exp-kaldi-lang/tri4b/fsts.10.gz|' 'ark,s,cs:apply-cmvn  --utt2spk=ark:data/train/split12/10/utt2spk scp:data/train/split12/10/cmvn.scp scp:data/train/split12/10/feats.scp ark:- | splice-feats --left-context=3 --right-context=3 ark:- ark:- | transform-feats exp-kaldi-lang/tri3b_ali/final.mat ark:- ark:- | transform-feats --utt2spk=ark:data/train/split12/10/utt2spk ark,s,cs:exp-kaldi-lang/tri4b/trans.10 ark:- ark:- |' 'ark:|gzip -c >exp-kaldi-lang/tri4b/ali.10.gz' 
transform-feats exp-kaldi-lang/tri3b_ali/final.mat ark:- ark:- 
transform-feats --utt2spk=ark:data/train/split12/10/utt2spk ark,s,cs:exp-kaldi-lang/tri4b/trans.10 ark:- ark:- 
splice-feats --left-context=3 --right-context=3 ark:- ark:- 
apply-cmvn --utt2spk=ark:data/train/split12/10/utt2spk scp:data/train/split12/10/cmvn.scp scp:data/train/split12/10/feats.scp ark:- 
WARNING (gmm-align-compiled:AlignUtteranceWrapper():decoder-wrappers.cc:466) Retrying utterance c21c0209-head with beam 40
WARNING (gmm-align-compiled:AlignUtteranceWrapper():decoder-wrappers.cc:466) Retrying utterance c21c021g-head with beam 40
WARNING (gmm-align-compiled:AlignUtteranceWrapper():decoder-wrappers.cc:466) Retrying utterance c23c020u-head with beam 40
WARNING (gmm-align-compiled:AlignUtteranceWrapper():decoder-wrappers.cc:466) Retrying utterance c23c021s-head with beam 40
LOG (apply-cmvn:main():apply-cmvn.cc:146) Applied cepstral mean normalization to 874 utterances, errors on 0
LOG (transform-feats:main():transform-feats.cc:158) Overall average [pseudo-]logdet is -94.5186 over 609371 frames.
LOG (transform-feats:main():transform-feats.cc:161) Applied transform to 874 utterances; 0 had errors.
LOG (transform-feats:main():transform-feats.cc:158) Overall average logdet is 1.57584 over 609371 frames.
LOG (transform-feats:main():transform-feats.cc:161) Applied transform to 874 utterances; 0 had errors.
LOG (gmm-align-compiled:main():gmm-align-compiled.cc:129) Overall log-likelihood per frame is -46.3299 over 609371 frames.
LOG (gmm-align-compiled:main():gmm-align-compiled.cc:131) Retried 4 out of 874 utterances.
LOG (gmm-align-compiled:main():gmm-align-compiled.cc:133) Done 874, errors on 0
# Accounting: time=26 threads=1
# Ended (code 0) at Thu Jul 27 15:37:05 BST 2017, elapsed time 26 seconds
