# gmm-align-compiled --transition-scale=1.0 --acoustic-scale=0.1 --self-loop-scale=0.1 --beam=10 --retry-beam=40 exp-kaldi-lang/tri4b/10.mdl "ark:gunzip -c exp-kaldi-lang/tri4b/fsts.11.gz|" "ark,s,cs:apply-cmvn  --utt2spk=ark:data/train/split12/11/utt2spk scp:data/train/split12/11/cmvn.scp scp:data/train/split12/11/feats.scp ark:- | splice-feats --left-context=3 --right-context=3 ark:- ark:- | transform-feats exp-kaldi-lang/tri3b_ali/final.mat ark:- ark:- | transform-feats --utt2spk=ark:data/train/split12/11/utt2spk ark,s,cs:exp-kaldi-lang/tri4b/trans.11 ark:- ark:- |" "ark:|gzip -c >exp-kaldi-lang/tri4b/ali.11.gz" 
# Started at Thu Jul 27 15:36:39 BST 2017
#
gmm-align-compiled --transition-scale=1.0 --acoustic-scale=0.1 --self-loop-scale=0.1 --beam=10 --retry-beam=40 exp-kaldi-lang/tri4b/10.mdl 'ark:gunzip -c exp-kaldi-lang/tri4b/fsts.11.gz|' 'ark,s,cs:apply-cmvn  --utt2spk=ark:data/train/split12/11/utt2spk scp:data/train/split12/11/cmvn.scp scp:data/train/split12/11/feats.scp ark:- | splice-feats --left-context=3 --right-context=3 ark:- ark:- | transform-feats exp-kaldi-lang/tri3b_ali/final.mat ark:- ark:- | transform-feats --utt2spk=ark:data/train/split12/11/utt2spk ark,s,cs:exp-kaldi-lang/tri4b/trans.11 ark:- ark:- |' 'ark:|gzip -c >exp-kaldi-lang/tri4b/ali.11.gz' 
apply-cmvn --utt2spk=ark:data/train/split12/11/utt2spk scp:data/train/split12/11/cmvn.scp scp:data/train/split12/11/feats.scp ark:- 
transform-feats exp-kaldi-lang/tri3b_ali/final.mat ark:- ark:- 
transform-feats --utt2spk=ark:data/train/split12/11/utt2spk ark,s,cs:exp-kaldi-lang/tri4b/trans.11 ark:- ark:- 
splice-feats --left-context=3 --right-context=3 ark:- ark:- 
WARNING (gmm-align-compiled:AlignUtteranceWrapper():decoder-wrappers.cc:466) Retrying utterance c27c021x-head with beam 40
WARNING (gmm-align-compiled:AlignUtteranceWrapper():decoder-wrappers.cc:466) Retrying utterance c28c021a-head with beam 40
WARNING (gmm-align-compiled:AlignUtteranceWrapper():decoder-wrappers.cc:466) Retrying utterance c28c0224-head with beam 40
WARNING (gmm-align-compiled:AlignUtteranceWrapper():decoder-wrappers.cc:466) Retrying utterance c2dc022e-head with beam 40
LOG (apply-cmvn:main():apply-cmvn.cc:146) Applied cepstral mean normalization to 855 utterances, errors on 0
LOG (transform-feats:main():transform-feats.cc:158) Overall average [pseudo-]logdet is -94.5186 over 640094 frames.
LOG (transform-feats:main():transform-feats.cc:161) Applied transform to 855 utterances; 0 had errors.
LOG (transform-feats:main():transform-feats.cc:158) Overall average logdet is 2.11399 over 640094 frames.
LOG (transform-feats:main():transform-feats.cc:161) Applied transform to 855 utterances; 0 had errors.
LOG (gmm-align-compiled:main():gmm-align-compiled.cc:129) Overall log-likelihood per frame is -44.8326 over 640094 frames.
LOG (gmm-align-compiled:main():gmm-align-compiled.cc:131) Retried 4 out of 855 utterances.
LOG (gmm-align-compiled:main():gmm-align-compiled.cc:133) Done 855, errors on 0
# Accounting: time=28 threads=1
# Ended (code 0) at Thu Jul 27 15:37:07 BST 2017, elapsed time 28 seconds
