# compile-train-graphs --read-disambig-syms=data/lang_test/phones/disambig.int --batch-size=750 exp-kaldi-lang/tri4b/tree exp-kaldi-lang/tri4b/1.mdl data/lang_test/L.fst "ark:sym2int.pl --map-oov 4 -f 2- data/lang_test/words.txt < data/train/split12/9/text |" "ark:|gzip -c >exp-kaldi-lang/tri4b/fsts.9.gz" 
# Started at Thu Jul 27 15:35:35 BST 2017
#
compile-train-graphs --read-disambig-syms=data/lang_test/phones/disambig.int --batch-size=750 exp-kaldi-lang/tri4b/tree exp-kaldi-lang/tri4b/1.mdl data/lang_test/L.fst 'ark:sym2int.pl --map-oov 4 -f 2- data/lang_test/words.txt < data/train/split12/9/text |' 'ark:|gzip -c >exp-kaldi-lang/tri4b/fsts.9.gz' 
sym2int.pl: replacing *GAUGE* with 4
sym2int.pl: replacing *MINDANAO* with 4
sym2int.pl: replacing *AMERICANS* with 4
sym2int.pl: replacing *GEPHARDT* with 4
sym2int.pl: replacing JO(Y)- with 4
sym2int.pl: replacing INCREA(SE)- with 4
sym2int.pl: replacing DOLLAR(S)- with 4
sym2int.pl: replacing MON(TH)- with 4
sym2int.pl: replacing FIS(T)- with 4
sym2int.pl: replacing COMPANIE(S)- with 4
sym2int.pl: replacing *THAT* with 4
sym2int.pl: replacing RA(TES)- with 4
sym2int.pl: replacing EXPECT(ED)- with 4
sym2int.pl: replacing SERVI(CE)- with 4
sym2int.pl: replacing *OEHMEN* with 4
sym2int.pl: replacing POU(ND)- with 4
sym2int.pl: replacing CHARGE(S)- with 4
sym2int.pl: replacing *RICARDO* with 4
** Replaced 18 instances of OOVs with 4
LOG (compile-train-graphs:main():compile-train-graphs.cc:145) compile-train-graphs: succeeded for 866 graphs, failed for 0
# Accounting: time=17 threads=1
# Ended (code 0) at Thu Jul 27 15:35:52 BST 2017, elapsed time 17 seconds
