# compile-train-graphs --read-disambig-syms=data/lang_test/phones/disambig.int --batch-size=750 exp-kaldi-lang/tri4b/tree exp-kaldi-lang/tri4b/1.mdl data/lang_test/L.fst "ark:sym2int.pl --map-oov 4 -f 2- data/lang_test/words.txt < data/train/split12/7/text |" "ark:|gzip -c >exp-kaldi-lang/tri4b/fsts.7.gz" 
# Started at Thu Jul 27 15:35:35 BST 2017
#
compile-train-graphs --read-disambig-syms=data/lang_test/phones/disambig.int --batch-size=750 exp-kaldi-lang/tri4b/tree exp-kaldi-lang/tri4b/1.mdl data/lang_test/L.fst 'ark:sym2int.pl --map-oov 4 -f 2- data/lang_test/words.txt < data/train/split12/7/text |' 'ark:|gzip -c >exp-kaldi-lang/tri4b/fsts.7.gz' 
sym2int.pl: replacing *WEIL* with 4
sym2int.pl: replacing *GOTSCHAL* with 4
sym2int.pl: replacing *CAMPEAU* with 4
sym2int.pl: replacing *DEBACLE* with 4
sym2int.pl: replacing *SWEDISH* with 4
sym2int.pl: replacing *CANDIDACY* with 4
sym2int.pl: replacing *GAUGE* with 4
sym2int.pl: replacing COC(AINE)- with 4
sym2int.pl: replacing *LEIBLER* with 4
sym2int.pl: replacing *ORIENTED* with 4
sym2int.pl: replacing *ORIENTED* with 4
sym2int.pl: replacing CLA(SS)- with 4
sym2int.pl: replacing *STRATEGISTS* with 4
sym2int.pl: replacing SAFET(Y)- with 4
sym2int.pl: replacing *BECAUSE* with 4
sym2int.pl: replacing *REFUSED* with 4
sym2int.pl: replacing *OHIO* with 4
** Replaced 17 instances of OOVs with 4
LOG (compile-train-graphs:main():compile-train-graphs.cc:145) compile-train-graphs: succeeded for 760 graphs, failed for 0
# Accounting: time=15 threads=1
# Ended (code 0) at Thu Jul 27 15:35:50 BST 2017, elapsed time 15 seconds
