# gmm-est --write-occs=exp-kaldi-lang/tri4b/15.occs --mix-up=37329 exp-kaldi-lang/tri4b/14.mdl "gmm-sum-accs - exp-kaldi-lang/tri4b/14.*.acc |" exp-kaldi-lang/tri4b/15.mdl 
# Started at Thu Jul 27 15:37:35 BST 2017
#
gmm-est --write-occs=exp-kaldi-lang/tri4b/15.occs --mix-up=37329 exp-kaldi-lang/tri4b/14.mdl 'gmm-sum-accs - exp-kaldi-lang/tri4b/14.*.acc |' exp-kaldi-lang/tri4b/15.mdl 
gmm-sum-accs - exp-kaldi-lang/tri4b/14.1.acc exp-kaldi-lang/tri4b/14.10.acc exp-kaldi-lang/tri4b/14.11.acc exp-kaldi-lang/tri4b/14.12.acc exp-kaldi-lang/tri4b/14.2.acc exp-kaldi-lang/tri4b/14.3.acc exp-kaldi-lang/tri4b/14.4.acc exp-kaldi-lang/tri4b/14.5.acc exp-kaldi-lang/tri4b/14.6.acc exp-kaldi-lang/tri4b/14.7.acc exp-kaldi-lang/tri4b/14.8.acc exp-kaldi-lang/tri4b/14.9.acc 
LOG (gmm-sum-accs:main():gmm-sum-accs.cc:63) Summed 12 stats, total count 6.81436e+06, avg like/frame -44.8397
LOG (gmm-sum-accs:main():gmm-sum-accs.cc:66) Total count of stats is 6.81436e+06
LOG (gmm-sum-accs:main():gmm-sum-accs.cc:67) Written stats to -
LOG (gmm-est:MleUpdate():transition-model.cc:393) TransitionModel::Update, objf change is -1.09336e-12 per frame over 6.81436e+06 frames. 
LOG (gmm-est:MleUpdate():transition-model.cc:396) 390 probabilities floored, 6340 out of 13515 transition-states skipped due to insuffient data (it is normal to have some skipped.)
LOG (gmm-est:main():gmm-est.cc:102) Transition model update: Overall -1.09336e-12 log-like improvement per frame over 6.81436e+06 frames.
WARNING (gmm-est:MleDiagGmmUpdate():mle-diag-gmm.cc:359) Too little data - removing Gaussian (weight 0.046720, occupation count 8.923586, vector size 40)
WARNING (gmm-est:MleDiagGmmUpdate():mle-diag-gmm.cc:359) Too little data - removing Gaussian (weight 0.060206, occupation count 9.933960, vector size 40)
LOG (gmm-est:MleAmDiagGmmUpdate():mle-am-diag-gmm.cc:225) 0 variance elements floored in 0 Gaussians, out of 35994
LOG (gmm-est:MleAmDiagGmmUpdate():mle-am-diag-gmm.cc:229) Removed 2 Gaussians due to counts < --min-gaussian-occupancy=10 and --remove-low-count-gaussians=true
LOG (gmm-est:main():gmm-est.cc:113) GMM update: Overall 0.0263221 objective function improvement per frame over 6.81436e+06 frames
LOG (gmm-est:main():gmm-est.cc:116) GMM update: Overall avg like per frame = -44.8397 over 6.81436e+06 frames.
LOG (gmm-est:SplitByCount():am-diag-gmm.cc:116) Split 3484 states with target = 37329, power = 0.2, perturb_factor = 0.01 and min_count = 20, split #Gauss from 35994 to 37329
LOG (gmm-est:main():gmm-est.cc:146) Written model to exp-kaldi-lang/tri4b/15.mdl
# Accounting: time=1 threads=1
# Ended (code 0) at Thu Jul 27 15:37:36 BST 2017, elapsed time 1 seconds
