# gmm-est --write-occs=exp-kaldi-lang/tri4b/20.occs --mix-up=39995 exp-kaldi-lang/tri4b/19.mdl "gmm-sum-accs - exp-kaldi-lang/tri4b/19.*.acc |" exp-kaldi-lang/tri4b/20.mdl 
# Started at Thu Jul 27 15:38:34 BST 2017
#
gmm-est --write-occs=exp-kaldi-lang/tri4b/20.occs --mix-up=39995 exp-kaldi-lang/tri4b/19.mdl 'gmm-sum-accs - exp-kaldi-lang/tri4b/19.*.acc |' exp-kaldi-lang/tri4b/20.mdl 
gmm-sum-accs - exp-kaldi-lang/tri4b/19.1.acc exp-kaldi-lang/tri4b/19.10.acc exp-kaldi-lang/tri4b/19.11.acc exp-kaldi-lang/tri4b/19.12.acc exp-kaldi-lang/tri4b/19.2.acc exp-kaldi-lang/tri4b/19.3.acc exp-kaldi-lang/tri4b/19.4.acc exp-kaldi-lang/tri4b/19.5.acc exp-kaldi-lang/tri4b/19.6.acc exp-kaldi-lang/tri4b/19.7.acc exp-kaldi-lang/tri4b/19.8.acc exp-kaldi-lang/tri4b/19.9.acc 
LOG (gmm-sum-accs:main():gmm-sum-accs.cc:63) Summed 12 stats, total count 6.81436e+06, avg like/frame -44.5581
LOG (gmm-sum-accs:main():gmm-sum-accs.cc:66) Total count of stats is 6.81436e+06
LOG (gmm-sum-accs:main():gmm-sum-accs.cc:67) Written stats to -
LOG (gmm-est:MleUpdate():transition-model.cc:393) TransitionModel::Update, objf change is -2.92147e-12 per frame over 6.81436e+06 frames. 
LOG (gmm-est:MleUpdate():transition-model.cc:396) 386 probabilities floored, 6341 out of 13515 transition-states skipped due to insuffient data (it is normal to have some skipped.)
LOG (gmm-est:main():gmm-est.cc:102) Transition model update: Overall -2.92147e-12 log-like improvement per frame over 6.81436e+06 frames.
WARNING (gmm-est:MleDiagGmmUpdate():mle-diag-gmm.cc:359) Too little data - removing Gaussian (weight 0.006288, occupation count 9.940852, vector size 40)
LOG (gmm-est:MleAmDiagGmmUpdate():mle-am-diag-gmm.cc:225) 0 variance elements floored in 0 Gaussians, out of 39994
LOG (gmm-est:MleAmDiagGmmUpdate():mle-am-diag-gmm.cc:229) Removed 1 Gaussians due to counts < --min-gaussian-occupancy=10 and --remove-low-count-gaussians=true
LOG (gmm-est:main():gmm-est.cc:113) GMM update: Overall 0.0230303 objective function improvement per frame over 6.81436e+06 frames
LOG (gmm-est:main():gmm-est.cc:116) GMM update: Overall avg like per frame = -44.5581 over 6.81436e+06 frames.
LOG (gmm-est:SplitByCount():am-diag-gmm.cc:116) Split 3484 states with target = 39995, power = 0.2, perturb_factor = 0.01 and min_count = 20, split #Gauss from 39994 to 39995
LOG (gmm-est:main():gmm-est.cc:146) Written model to exp-kaldi-lang/tri4b/20.mdl
# Accounting: time=2 threads=1
# Ended (code 0) at Thu Jul 27 15:38:36 BST 2017, elapsed time 2 seconds
