# online2-wav-nnet2-latgen-faster --online=true --do-endpointing=false --config=exp/nnet2_online/nnet_a_gpu_baseline_online/conf/online_nnet2_decoding.conf --max-active=7000 --beam=15.0 --lattice-beam=6.0 --acoustic-scale=0.1 --word-symbol-table=exp/tri4b/graph/words.txt exp/nnet2_online/nnet_a_gpu_baseline_online/final.mdl exp/tri4b/graph/HCLG.fst ark:exp/nnet2_online/nnet_a_gpu_baseline_online/decode_utt/per_utt/utt2spk.7 "ark,s,cs:wav-copy scp,p:data/head_eval_test/split8utt/7/wav.scp ark:- |" "ark:|gzip -c > exp/nnet2_online/nnet_a_gpu_baseline_online/decode_utt/lat.7.gz" 
# Started at Fri Jul 28 17:55:04 BST 2017
#
online2-wav-nnet2-latgen-faster --online=true --do-endpointing=false --config=exp/nnet2_online/nnet_a_gpu_baseline_online/conf/online_nnet2_decoding.conf --max-active=7000 --beam=15.0 --lattice-beam=6.0 --acoustic-scale=0.1 --word-symbol-table=exp/tri4b/graph/words.txt exp/nnet2_online/nnet_a_gpu_baseline_online/final.mdl exp/tri4b/graph/HCLG.fst ark:exp/nnet2_online/nnet_a_gpu_baseline_online/decode_utt/per_utt/utt2spk.7 'ark,s,cs:wav-copy scp,p:data/head_eval_test/split8utt/7/wav.scp ark:- |' 'ark:|gzip -c > exp/nnet2_online/nnet_a_gpu_baseline_online/decode_utt/lat.7.gz' 
wav-copy scp,p:data/head_eval_test/split8utt/7/wav.scp ark:- 
c3rc030u-head BUT SOME METEOROLOGISTS DO T. POSITIONS IN THE MARKET RAISING THE POSSIBLE T. THAT THEY MIGHT TRADE AHEAD OF THEIR FORECASTS 
LOG (online2-wav-nnet2-latgen-faster:main():online2-wav-nnet2-latgen-faster.cc:273) Decoded utterance c3rc030u-head
c3rc030v-head A LAST YEAR SOME OTHER RENT WERE GETTING SOME MARKET SELL TO THE OF NATIONAL WEATHER SERVICE FORECASTS BEFORE OTHERS 
LOG (online2-wav-nnet2-latgen-faster:main():online2-wav-nnet2-latgen-faster.cc:273) Decoded utterance c3rc030v-head
c3rc030w-head NEAR MIGHT HAVE BEEN SOME PEOPLE WHO ME OF MONEY ON THIS SAID A WEATHER SERVICE SPOKESMAN 
LOG (online2-wav-nnet2-latgen-faster:main():online2-wav-nnet2-latgen-faster.cc:273) Decoded utterance c3rc030w-head
c3rc030x-head TO PREVENT ANY UNDERHANDED DEALINGS THE AGENCY BEGAN RELEASING THE DATA AFTER THE FOREIGN FUTURES MARKETS CLOSED 
LOG (online2-wav-nnet2-latgen-faster:main():online2-wav-nnet2-latgen-faster.cc:273) Decoded utterance c3rc030x-head
c3rc030y-head INHALING THE RIGHT SCENT ALSO MAKES WORKERS MORE PRODUCTIVE RESEARCHERS BELIEVE 
LOG (online2-wav-nnet2-latgen-faster:main():online2-wav-nnet2-latgen-faster.cc:273) Decoded utterance c3rc030y-head
c3rc030z-head TAX CYCLE AND SHIMIZU RECENTLY TRACKED A GROUP OF VIDEO TERMINAL OPERATORS INTO PAR 
LOG (online2-wav-nnet2-latgen-faster:main():online2-wav-nnet2-latgen-faster.cc:273) Decoded utterance c3rc030z-head
c3rc0310-head WITH THE SOOTHING LEMON FRAGRANCE WAFTING THROUGH THEIR OFFERS FOR A MONTH THE WORKERS ERROR RATE DROPPED AND HALF 
LOG (online2-wav-nnet2-latgen-faster:main():online2-wav-nnet2-latgen-faster.cc:273) Decoded utterance c3rc0310-head
c3rc0311-head LAST BECAUSE THE CALMING FRAGRANCE HELPED TO MITIGATE A HIGH TENSION ENVIRONMENT THE RESEARCHERS THEORIZE 
LOG (online2-wav-nnet2-latgen-faster:main():online2-wav-nnet2-latgen-faster.cc:273) Decoded utterance c3rc0311-head
c3rc0312-head NEARLY EVERYONE AGREED THE FED SHOULD EASE AND THE FED SAYS THAT HART'S ONCE IN EARLY JUNE ONCE IN EARLY JULY ON WANT TO LIVE JULY 
LOG (online2-wav-nnet2-latgen-faster:main():online2-wav-nnet2-latgen-faster.cc:273) Decoded utterance c3rc0312-head
c3rc0313-head IN EACH CASE THE CENTRAL BANK MEANT THAT ARE TO LIVE THE FUNDS RATE TO FALL BY A QUARTER OF A PERCENTAGE POINT 
LOG (online2-wav-nnet2-latgen-faster:main():online2-wav-nnet2-latgen-faster.cc:273) Decoded utterance c3rc0313-head
c3rc0314-head THE MONEY SUPPLY A SPOT ADOPT WERE IN JUNE BUT THIS RESULTED PARTLY FROM TAXPAYERS REBUILDING BANK DEPOSITS DEPLETED BY THE UNEXPECTEDLY HIGH TAX PAYMENTS ON APRIL 
LOG (online2-wav-nnet2-latgen-faster:main():online2-wav-nnet2-latgen-faster.cc:273) Decoded utterance c3rc0314-head
c3ya0101-head 
LOG (online2-wav-nnet2-latgen-faster:main():online2-wav-nnet2-latgen-faster.cc:273) Decoded utterance c3ya0101-head
c3ya0102-head SHE HAD YOUR DARK SUIT IN GREASY WASH WATER ALL YEAR 
LOG (online2-wav-nnet2-latgen-faster:main():online2-wav-nnet2-latgen-faster.cc:273) Decoded utterance c3ya0102-head
c3ya0103-head DON'T ASK ME TO CARRY AN OILY RAG LIKE THAT 
LOG (online2-wav-nnet2-latgen-faster:main():online2-wav-nnet2-latgen-faster.cc:273) Decoded utterance c3ya0103-head
c3ya0104-head THE FEMALE PRODUCES A LITTER OF TWO TO FOUR YOUNG IN NOVEMBER AND DECEMBER 
LOG (online2-wav-nnet2-latgen-faster:main():online2-wav-nnet2-latgen-faster.cc:273) Decoded utterance c3ya0104-head
c3ya0105-head NUMEROUS WORKS OF ART ARE BASED ON THE STORY OF THE SACRIFICE OF ISAAC 
LOG (online2-wav-nnet2-latgen-faster:main():online2-wav-nnet2-latgen-faster.cc:273) Decoded utterance c3ya0105-head
c3ya0106-head THEIR SOLUTION REQUIRES DEVELOPMENT OF THE HUMAN CAPACITY FOR SOCIAL INTEREST 
LOG (online2-wav-nnet2-latgen-faster:main():online2-wav-nnet2-latgen-faster.cc:273) Decoded utterance c3ya0106-head
c3ya0107-head HIS MOST SIGNIFICANT SCIENTIFIC PUBLICATIONS WERE STUDIES OF BIRDS AND ANIMALS 
LOG (online2-wav-nnet2-latgen-faster:main():online2-wav-nnet2-latgen-faster.cc:273) Decoded utterance c3ya0107-head
c3ya0108-head IN RECENT YEARS SHE HAS PRIMARILY APPEARED IN TELEVISION FILMS SUCH AS LITTLE GLORIA 
LOG (online2-wav-nnet2-latgen-faster:main():online2-wav-nnet2-latgen-faster.cc:273) Decoded utterance c3ya0108-head
c3ya0109-head THE PROCESS BY WHICH THE LENS FOCUSES ON EXTERNAL OBJECTS IS CALLED ACCOMMODATION 
LOG (online2-wav-nnet2-latgen-faster:main():online2-wav-nnet2-latgen-faster.cc:273) Decoded utterance c3ya0109-head
c3ya010a-head TO IN NARROW GAUGE RAILROADS FROM CHINA ENTER THE CITY FROM THE NORTHEAST AND NORTHWEST 
LOG (online2-wav-nnet2-latgen-faster:main():online2-wav-nnet2-latgen-faster.cc:273) Decoded utterance c3ya010a-head
c3ya010b-head SOME MAPS USE BANDS OF COLOR TO INDICATE DIFFERENT INTERVALS OF VALUE 
LOG (online2-wav-nnet2-latgen-faster:main():online2-wav-nnet2-latgen-faster.cc:273) Decoded utterance c3ya010b-head
c3ya010c-head ORIGINS OR CAUSES OF SPONTANEOUS MUTATION ARE NOT YET COMPLETELY CLEAR 
LOG (online2-wav-nnet2-latgen-faster:main():online2-wav-nnet2-latgen-faster.cc:273) Decoded utterance c3ya010c-head
c3ya010d-head UNUSUALLY HIGH LEVELS OF RADIATION WERE DETECTED IN MANY EUROPEAN COUNTRIES 
LOG (online2-wav-nnet2-latgen-faster:main():online2-wav-nnet2-latgen-faster.cc:273) Decoded utterance c3ya010d-head
c3ya010e-head BOTH PETROLEUM AND NATURAL GAS DEPOSITS ARE SCATTERED THROUGH EASTERN OHIO 
LOG (online2-wav-nnet2-latgen-faster:main():online2-wav-nnet2-latgen-faster.cc:273) Decoded utterance c3ya010e-head
c3ya010f-head FOR THE FIRST TIME IN YEARS THE REPUBLICANS ALSO CAPTURED BOTH HOUSES OF CONGRESS 
LOG (online2-wav-nnet2-latgen-faster:main():online2-wav-nnet2-latgen-faster.cc:273) Decoded utterance c3ya010f-head
c3ya010g-head THE SOUTH CAROLINA EDUCATIONAL RADIO NETWORK HAS WON NATIONAL BROADCASTING AWARDS 
LOG (online2-wav-nnet2-latgen-faster:main():online2-wav-nnet2-latgen-faster.cc:273) Decoded utterance c3ya010g-head
c3ya010h-head A TANKER IS A SHIP DESIGNED TO CARRY LARGE VOLUMES OF OIL OR OTHER LIQUID CARGO 
LOG (online2-wav-nnet2-latgen-faster:main():online2-wav-nnet2-latgen-faster.cc:273) Decoded utterance c3ya010h-head
c3ya010i-head THE ENORMOUS AMOUNTS OF CARBON DIOXIDE IN THE ATMOSPHERE CAUSE THIS HIGH PRESSURE 
LOG (online2-wav-nnet2-latgen-faster:main():online2-wav-nnet2-latgen-faster.cc:273) Decoded utterance c3ya010i-head
c3yc0201-head IN THE ELECTRICAL SECTOR SIEMENS RECOVERED SOME OF THE LOSS IT HAD TUESDAY WHEN IT REPORTED A NINE PERCENT DECLINE IN FIRST HALF GROUP PROFIT 
LOG (online2-wav-nnet2-latgen-faster:main():online2-wav-nnet2-latgen-faster.cc:273) Decoded utterance c3yc0201-head
c3yc0202-head THE STOCK FIRMED FOUR POINT SEVEN OH TO THREE HUNDRED THIRTY SEVEN POINT FIVE OH 
LOG (online2-wav-nnet2-latgen-faster:main():online2-wav-nnet2-latgen-faster.cc:273) Decoded utterance c3yc0202-head
c3yc0203-head A. E. G. CLIMBED TWO POINT FOUR OH TO TWO HUNDRED TEN POINT FOUR OH 
LOG (online2-wav-nnet2-latgen-faster:main():online2-wav-nnet2-latgen-faster.cc:273) Decoded utterance c3yc0203-head
c3yc0204-head THE ALL ORDINARIES INDEX WHICH FELL ELEVEN POINT THREE TUESDAY SLIPPED ONE POINT FIVE TO ONE THOUSAND FOUR HUNDRED FORTY THREE POINT TWO 
LOG (online2-wav-nnet2-latgen-faster:main():online2-wav-nnet2-latgen-faster.cc:273) Decoded utterance c3yc0204-head
c3yc0205-head BROKERS SAID SOME FOREIGN INVESTORS SOLD STOCKS TO REALIZE CURRENCY GAINS ON THE RECENT RISE OF THE AUSTRALIAN DOLLAR 
LOG (online2-wav-nnet2-latgen-faster:main():online2-wav-nnet2-latgen-faster.cc:273) Decoded utterance c3yc0205-head
c3yc0206-head THE CURRENCY WAS QUOTED LATE IN THE DAY IN SYDNEY AT SEVENTY SEVEN POINT OH NINE U. S. CENTS 
LOG (online2-wav-nnet2-latgen-faster:main():online2-wav-nnet2-latgen-faster.cc:273) Decoded utterance c3yc0206-head
c3yc0207-head HE SAID HE WILL RECOMMEND THAT THE BOARD INCREASE DIVIDENDS OVER A PERIOD OF TIME TO RANGE OF TWENTY FIVE PERCENT TO THIRTY THREE PERCENT OF PROFIT 
LOG (online2-wav-nnet2-latgen-faster:main():online2-wav-nnet2-latgen-faster.cc:273) Decoded utterance c3yc0207-head
c3yc0208-head PAYOUT MAY REMAIN BELOW THAT RANGE WHILE PROFIT REFLECTS TAX CREDITS FROM TAX LOSS CARRY FORWARDS HE SAID 
LOG (online2-wav-nnet2-latgen-faster:main():online2-wav-nnet2-latgen-faster.cc:273) Decoded utterance c3yc0208-head
c3yc0209-head HE DIDN'T MAKE A FORECAST FOR NINETEEN EIGHTY EIGHT DIVIDENDS BUT SAID HE WOULD RECOMMEND AN INCREASE FROM THE CURRENT TEN CENTS QUARTERLY 
LOG (online2-wav-nnet2-latgen-faster:main():online2-wav-nnet2-latgen-faster.cc:273) Decoded utterance c3yc0209-head
c3yc020a-head THE MARINE CORPS HAS CONCEDED PRIVATE 
LOG (online2-wav-nnet2-latgen-faster:main():online2-wav-nnet2-latgen-faster.cc:273) Decoded utterance c3yc020a-head
c3yc020b-head HARRY FISHER WILL NOW BE KNOWN AS PRIVATE 
LOG (online2-wav-nnet2-latgen-faster:main():online2-wav-nnet2-latgen-faster.cc:273) Decoded utterance c3yc020b-head
c3yc020c-head FRANKLIN J. PHILLIPS 
LOG (online2-wav-nnet2-latgen-faster:main():online2-wav-nnet2-latgen-faster.cc:273) Decoded utterance c3yc020c-head
c3yc020d-head LAST YEAR THE WILLIAMS TELECOMMUNICATIONS UNIT ACCOUNTED FOR ONLY A SMALL PORTION OF THE COMPANY'S ONE POINT SEVEN EIGHT BILLION DOLLARS IN REVENUE 
LOG (online2-wav-nnet2-latgen-faster:main():online2-wav-nnet2-latgen-faster.cc:273) Decoded utterance c3yc020d-head
c3yc020e-head BUT AFTER BARELY A YEAR OF FALL OPERATIONS WILLIAMS TELECOMMUNICATIONS GROUP NOW IS HAULING IN REVENUE AT AN ANNUAL RATE OF ABOUT ONE HUNDRED TWENTY FIVE MILLION DOLLARS 
LOG (online2-wav-nnet2-latgen-faster:main():online2-wav-nnet2-latgen-faster.cc:273) Decoded utterance c3yc020e-head
c3yc020f-head WHAT'S MORE THE WHOLE OPERATION BECAME PROFITABLE IN FEBRUARY 
LOG (online2-wav-nnet2-latgen-faster:main():online2-wav-nnet2-latgen-faster.cc:273) Decoded utterance c3yc020f-head
c3yc020g-head HE BEGAN FEARING A POSSIBLE DIVIDEND CUT 
LOG (online2-wav-nnet2-latgen-faster:main():online2-wav-nnet2-latgen-faster.cc:273) Decoded utterance c3yc020g-head
c3yc020h-head THE STOCK PRICE SANK 
LOG (online2-wav-nnet2-latgen-faster:main():online2-wav-nnet2-latgen-faster.cc:273) Decoded utterance c3yc020h-head
c3yc020i-head WORST OF ALL HE SAYS SOMEBODY MIGHT HAVE BOUGHT THE COMPANY WITH THE INTENTION OF BREAKING IT UP 
LOG (online2-wav-nnet2-latgen-faster:main():online2-wav-nnet2-latgen-faster.cc:273) Decoded utterance c3yc020i-head
c3yc020j-head THIS WEEK THE HOUSE FOREIGN AFFAIRS COMMITTEE APPROVED A BAN ON VIRTUALLY ALL U. S. INVESTMENT AND TRADE WITH SOUTH AFRICA 
LOG (online2-wav-nnet2-latgen-faster:main():online2-wav-nnet2-latgen-faster.cc:273) Decoded utterance c3yc020j-head
c3yc020k-head IT IS GENERALLY ACKNOWLEDGED THAT THE SANCTIONS ALREADY IN PLACE HAVE CAUSED THOUSANDS OF BLACK SOUTH AFRICANS TO LOSE THEIR JOBS 
LOG (online2-wav-nnet2-latgen-faster:main():online2-wav-nnet2-latgen-faster.cc:273) Decoded utterance c3yc020k-head
c3yc020l-head WHAT ISN'T KNOWN IS THAT SANCTIONS HAVE COST JUST TWO SMALL PARTS OF THE U. S. ECONOMY MORE THAN SIX HUNDRED MILLION DOLLARS SINCE NINETEEN EIGHTY FIVE 
LOG (online2-wav-nnet2-latgen-faster:main():online2-wav-nnet2-latgen-faster.cc:273) Decoded utterance c3yc020l-head
c3yc020m-head F. C. A. CONFIRMED THAT IT HAS REACHED A TENTATIVE SETTLEMENT OF CLASS ACTION SHAREHOLDER LITIGATION STEMMING FROM THE COMPANY'S FINANCIAL PROBLEMS SINCE NINETEEN EIGHTY THREE 
LOG (online2-wav-nnet2-latgen-faster:main():online2-wav-nnet2-latgen-faster.cc:273) Decoded utterance c3yc020m-head
c3yc020n-head THE COMPANY SAID IT REDUCED A RESERVE FOR SUCH A SETTLEMENT TO EIGHTEEN MILLION DOLLARS FROM THIRTY FIVE MILLION DOLLARS 
LOG (online2-wav-nnet2-latgen-faster:main():online2-wav-nnet2-latgen-faster.cc:273) Decoded utterance c3yc020n-head
c3yc020o-head THE REDUCTION IN THE RESERVE AMOUNT ALSO REDUCED THE FIRST QUARTER NET LOSS BY SEVENTEEN MILLION DOLLARS 
LOG (online2-wav-nnet2-latgen-faster:main():online2-wav-nnet2-latgen-faster.cc:273) Decoded utterance c3yc020o-head
c3yc020p-head THEY ARE HAVE TO ISSUES TO CONSIDER 
LOG (online2-wav-nnet2-latgen-faster:main():online2-wav-nnet2-latgen-faster.cc:273) Decoded utterance c3yc020p-head
c3yc020q-head FIRST WHAT WAS ADMIRAL POINDEXTER'S BELIEF ABOUT THE PRESIDENT'S POLICY OF HELPING THE NICARAGUAN DEMOCRATIC RESISTANCE 
LOG (online2-wav-nnet2-latgen-faster:main():online2-wav-nnet2-latgen-faster.cc:273) Decoded utterance c3yc020q-head
c3yc020r-head SECOND DATE ADMIRAL POINDEXTER BELIEVE WHAT HE AND COLONEL NORTH WOULD DOING WAS LEGAL 
LOG (online2-wav-nnet2-latgen-faster:main():online2-wav-nnet2-latgen-faster.cc:273) Decoded utterance c3yc020r-head
c3yc020s-head BUT THE FED IS ALSO UNDER INTENSE POLITICAL PRESSURE TO AVOID RAISING INTEREST RATES BEFORE THE NOVEMBER PRESIDENTIAL ELECTION 
LOG (online2-wav-nnet2-latgen-faster:main():online2-wav-nnet2-latgen-faster.cc:273) Decoded utterance c3yc020s-head
c3yc020t-head ALL SIX FED GOVERNORS WERE APPOINTED BY PRESIDENT REAGAN AND FED CHAIRMAN ALAN GREENSPAN HAS A LONG HISTORY OF INVOLVEMENT WITH THE REPUBLICAN PARTY 
LOG (online2-wav-nnet2-latgen-faster:main():online2-wav-nnet2-latgen-faster.cc:273) Decoded utterance c3yc020t-head
c3yc020u-head FED OFFICIALS ALSO WORRY THAT SHARPLY HIGHER INTEREST RATES COULD DAMAGE STILL WEAK SEGMENTS OF THE ECONOMY AND EXACERBATE PROBLEMS AMONG TROUBLED BANKS AND THRIFT INSTITUTIONS 
LOG (online2-wav-nnet2-latgen-faster:main():online2-wav-nnet2-latgen-faster.cc:273) Decoded utterance c3yc020u-head
c3yc020v-head CERTAIN PRICES HAVE RISEN AT A BRISK PACE THROUGHOUT THIS DECADE 
LOG (online2-wav-nnet2-latgen-faster:main():online2-wav-nnet2-latgen-faster.cc:273) Decoded utterance c3yc020v-head
c3yc020w-head HEALTH CARE INFLATION FOR INSTANCE HASN'T DROPPED BELOW SIX PERCENT ANNUALLY AND THE COST OF EDUCATION HAS RISEN EVEN FASTER 
LOG (online2-wav-nnet2-latgen-faster:main():online2-wav-nnet2-latgen-faster.cc:273) Decoded utterance c3yc020w-head
c3yc020x-head BUT UNTIL RECENTLY INFLATION IN HEALTH EDUCATION AND OTHER SERVICES WAS OFFSET BY FLAT OR FALLING PRICES FOR MANY MANUFACTURED GOODS AND FARM COMMODITIES 
LOG (online2-wav-nnet2-latgen-faster:main():online2-wav-nnet2-latgen-faster.cc:273) Decoded utterance c3yc020x-head
c3yc020y-head THE DECLINE IN THE DOLLAR AND THE CONTINUED STRENGTH ON THE ECONOMY HOWEVER ARE NOW ADDING DEMAND AND CAUSING THOSE PRICES TO RISE TO 
LOG (online2-wav-nnet2-latgen-faster:main():online2-wav-nnet2-latgen-faster.cc:273) Decoded utterance c3yc020y-head
c3yc020z-head A DROP IN OIL PRICES COULD ALSO PROVIDE SOME PRICE RELIEF AS IT DID IN NINETEEN EIGHTY SIX 
LOG (online2-wav-nnet2-latgen-faster:main():online2-wav-nnet2-latgen-faster.cc:273) Decoded utterance c3yc020z-head
c3yc0210-head THE RECENT FAILURE OF THE ORGANIZATION OF PETROLEUM EXPORTING COUNTRIES TO REACH AN AGREEMENT LIMITING PRODUCTION SUGGESTS PRICES MIGHT FALL SOME 
LOG (online2-wav-nnet2-latgen-faster:main():online2-wav-nnet2-latgen-faster.cc:273) Decoded utterance c3yc0210-head
c3yc0211-head BUT ANY DIP IN INFLATION ASSOCIATED WITH OIL PRICES IS LIKELY TO BE TEMPORARY 
LOG (online2-wav-nnet2-latgen-faster:main():online2-wav-nnet2-latgen-faster.cc:273) Decoded utterance c3yc0211-head
c3yc0212-head L. T. V. WILL PRESENT THE PLAN TO ALL THE MEMBERS OF ITS BANK AND CREDITOR COMMITTEES NEXT WEEK 
LOG (online2-wav-nnet2-latgen-faster:main():online2-wav-nnet2-latgen-faster.cc:273) Decoded utterance c3yc0212-head
c3yc0213-head BUT THE PLANNED WON'T BE FILED WITH THE BANKRUPTCY COURT UNTIL THE CREDITORS AND L. T. V. AGREE ON HOW THE DEBT WILL BE PAID 
LOG (online2-wav-nnet2-latgen-faster:main():online2-wav-nnet2-latgen-faster.cc:273) Decoded utterance c3yc0213-head
c3yc0214-head THAT COULD TAKE YEARS 
LOG (online2-wav-nnet2-latgen-faster:main():online2-wav-nnet2-latgen-faster.cc:273) Decoded utterance c3yc0214-head
c3yc0301-head INVESTMENT BANKERS SAID IT IS DIFFICULT TO GET MANY DIFFERENT ISSUERS INVESTORS DEALERS AND CUSTODIANS TO AGREE ON A SINGLE BOOK ENTRY METHOD 
LOG (online2-wav-nnet2-latgen-faster:main():online2-wav-nnet2-latgen-faster.cc:273) Decoded utterance c3yc0301-head
c3yc0302-head IN ADDITION ONE BANKER SAID THAT A BOOK ENTRY SYSTEM RAISED LEGAL QUESTIONS ABOUT LIABILITY IN THE EVENT OF AN ISSUER'S DEFAULT 
LOG (online2-wav-nnet2-latgen-faster:main():online2-wav-nnet2-latgen-faster.cc:273) Decoded utterance c3yc0302-head
c3yc0303-head OTHERS SAID THAT COMMERCIAL BANKS THAT ACT AS CUSTODIANS DIDN'T WANT TO SURRENDER THE LUCRATIVE FEES ASSOCIATED WITH HANDLING PHYSICAL SECURITIES 
LOG (online2-wav-nnet2-latgen-faster:main():online2-wav-nnet2-latgen-faster.cc:273) Decoded utterance c3yc0303-head
c3yc0304-head BUT SO CAREFULLY HIDDEN IS MR. MACH AS WEALTH THAT INVESTIGATORS STILL CAN ONLY GUESS AT ITS SIZE 
LOG (online2-wav-nnet2-latgen-faster:main():online2-wav-nnet2-latgen-faster.cc:273) Decoded utterance c3yc0304-head
c3yc0305-head SOME OF HIS INVESTMENTS MAY NEVER BE FOUND BECAUSE THEY ARE ADROITLY DISGUISED AND BURIED IN LAYERS OF OWNERSHIP 
LOG (online2-wav-nnet2-latgen-faster:main():online2-wav-nnet2-latgen-faster.cc:273) Decoded utterance c3yc0305-head
c3yc0306-head SOME OF THE CASES BEING PREPARED AGAINST AND MAY NEVER COME TO TRIAL BECAUSE THEY ARE POLITICALLY TROUBLESOME 
LOG (online2-wav-nnet2-latgen-faster:main():online2-wav-nnet2-latgen-faster.cc:273) Decoded utterance c3yc0306-head
c3yc0307-head MARKET LOYALISTS REMAIN ENTRENCHED IN THE GOVERNMENT BUREAUCRACY AND CAN STYMIE THE INVESTIGATION AND THEY ARE SO POWERFUL IN BUSINESS THAT THEY STILL LARGELY CONTROL THE ECONOMY 
LOG (online2-wav-nnet2-latgen-faster:main():online2-wav-nnet2-latgen-faster.cc:273) Decoded utterance c3yc0307-head
c3yc0308-head IN A TELEVISION INTERVIEW MR. MAXWELL SAID HE WANTS TO ACQUIRE GUINNESS PEAT LOCK STOCK AND BARREL ACCORDING TO MR. JAY 
LOG (online2-wav-nnet2-latgen-faster:main():online2-wav-nnet2-latgen-faster.cc:273) Decoded utterance c3yc0308-head
c3yc0309-head HE ADDED THAT MR. MAXWELL WOULD LIKE TO DO IT WITH THE AGREEMENT OF GUINNESS PEAT'S BOARD 
LOG (online2-wav-nnet2-latgen-faster:main():online2-wav-nnet2-latgen-faster.cc:273) Decoded utterance c3yc0309-head
c3yc030a-head MR. JAY DECLINED TO SAY WHEN AN OFFER WOULD BE MADE OR WHETHER MR. MAXWELL WOULD LAUNCH A HOSTILE BID 
LOG (online2-wav-nnet2-latgen-faster:main():online2-wav-nnet2-latgen-faster.cc:273) Decoded utterance c3yc030a-head
c3yc030b-head MR. JAY SAID THE PUBLISHER WAS TRAVELING AND UNAVAILABLE FOR COMMENT 
LOG (online2-wav-nnet2-latgen-faster:main():online2-wav-nnet2-latgen-faster.cc:273) Decoded utterance c3yc030b-head
c3yc030c-head IN SINGAPORE SHARE PRICES CLIMBED IN LIGHT TRADING IN LINE WITH OTHER REGIONAL BOURSES PARTLY ON HOPE OF AN AGREEMENT TO CUT THE U. S. BUDGET DEFICIT 
LOG (online2-wav-nnet2-latgen-faster:main():online2-wav-nnet2-latgen-faster.cc:273) Decoded utterance c3yc030c-head
c3yc030d-head THE RECOVERY IN SINGAPORE REMAINS UNCERTAIN BROKERS SAID 
LOG (online2-wav-nnet2-latgen-faster:main():online2-wav-nnet2-latgen-faster.cc:273) Decoded utterance c3yc030d-head
c3yc030e-head LOCAL INSTITUTIONS DID MOST OF THE BUYING IN BLUE CHIP ISSUES AND FOREIGN PLAYERS WERE STILL CONSPICUOUSLY ABSENT 
LOG (online2-wav-nnet2-latgen-faster:main():online2-wav-nnet2-latgen-faster.cc:273) Decoded utterance c3yc030e-head
c3yc030f-head BANKS AND STOCK EXCHANGE OFFICIALS ESTIMATED THAT IT WOULD TAKE FIVE MILLION DOLLARS TO SAVE THE FIRM 
LOG (online2-wav-nnet2-latgen-faster:main():online2-wav-nnet2-latgen-faster.cc:273) Decoded utterance c3yc030f-head
c3yc030g-head BUT WHEN I GOT INTO IT IT WAS THE WORST OF ALL POSSIBLE WORLDS MR. PEROT SAYS 
LOG (online2-wav-nnet2-latgen-faster:main():online2-wav-nnet2-latgen-faster.cc:273) Decoded utterance c3yc030g-head
c3yc030h-head AFTER THREE YEARS HE SAYS I GOT TIRED OF FEEDING IT 
LOG (online2-wav-nnet2-latgen-faster:main():online2-wav-nnet2-latgen-faster.cc:273) Decoded utterance c3yc030h-head
c3yc030i-head I'M TELLING YOU THERE IS NO WORK FOR WHITES IN THE BUILDING INDUSTRY 
LOG (online2-wav-nnet2-latgen-faster:main():online2-wav-nnet2-latgen-faster.cc:273) Decoded utterance c3yc030i-head
c3yc030j-head WHAT WORKED THERE IS IS DONE BY BLACKS HE SAYS 
LOG (online2-wav-nnet2-latgen-faster:main():online2-wav-nnet2-latgen-faster.cc:273) Decoded utterance c3yc030j-head
c3yc030k-head WHEN I STARTED PAINTING WAS A SKILLED TRADE WITH A FIVE YEAR APPRENTICESHIP 
LOG (online2-wav-nnet2-latgen-faster:main():online2-wav-nnet2-latgen-faster.cc:273) Decoded utterance c3yc030k-head
c3yc030l-head NOW THREE WEEKS AND YOU'RE A PAINTER 
LOG (online2-wav-nnet2-latgen-faster:main():online2-wav-nnet2-latgen-faster.cc:273) Decoded utterance c3yc030l-head
c3yc030m-head NOW I KNOW THAT SOUNDS BAD BUT IT REALLY ISN'T SAYS A THRIFTY SPOKESWOMAN 
LOG (online2-wav-nnet2-latgen-faster:main():online2-wav-nnet2-latgen-faster.cc:273) Decoded utterance c3yc030m-head
c3yc030n-head THE DEPOSIT SHE CONCEDES EFFECTIVELY BANS DRIVERS WHO DON'T HAVE CREDIT CARDS BUT TOO MANY CASH RENTERS STEAL RENTAL CARS 
LOG (online2-wav-nnet2-latgen-faster:main():online2-wav-nnet2-latgen-faster.cc:273) Decoded utterance c3yc030n-head
c3yc030o-head THE CREDIT CARD GIVES US SOME IDEA OF WHO THE PERSON IS SHE SAYS 
LOG (online2-wav-nnet2-latgen-faster:main():online2-wav-nnet2-latgen-faster.cc:273) Decoded utterance c3yc030o-head
c3yc030p-head WE NEED TO PROTECT OURSELVES 
LOG (online2-wav-nnet2-latgen-faster:main():online2-wav-nnet2-latgen-faster.cc:273) Decoded utterance c3yc030p-head
c3yc030q-head THEY SEEM LIKE THE ULTIMATE CONVENIENCE FOOD 
LOG (online2-wav-nnet2-latgen-faster:main():online2-wav-nnet2-latgen-faster.cc:273) Decoded utterance c3yc030q-head
c3yc030r-head AS EASY TO PREPARE AS FROZEN OR CANNED PRODUCTS BUT BOASTING THE FRESHNESS AND ARE EYE APPEAL OF HOME COOKING 
LOG (online2-wav-nnet2-latgen-faster:main():online2-wav-nnet2-latgen-faster.cc:273) Decoded utterance c3yc030r-head
c3yc030s-head IN A FOOD BUSINESS THEY ARE KNOWN AS FRESH REFRIGERATED PRODUCTS AND THEY ARE THE BIGGEST THING TO HIT THE INDUSTRY SINCE THE MICROWAVE 
LOG (online2-wav-nnet2-latgen-faster:main():online2-wav-nnet2-latgen-faster.cc:273) Decoded utterance c3yc030s-head
c3yc030t-head THAT SUITS MR. MAGIC JUST FINE 
LOG (online2-wav-nnet2-latgen-faster:main():online2-wav-nnet2-latgen-faster.cc:273) Decoded utterance c3yc030t-head
c3yc030u-head I HATE TO MAKE THINGS TO SELL HE SAYS 
LOG (online2-wav-nnet2-latgen-faster:main():online2-wav-nnet2-latgen-faster.cc:273) Decoded utterance c3yc030u-head
c3yc030v-head EVERYTHING DOESN'T HAVE TO BE A COMMODITY 
LOG (online2-wav-nnet2-latgen-faster:main():online2-wav-nnet2-latgen-faster.cc:273) Decoded utterance c3yc030v-head
c3yc030w-head TO ME THESE WORKS ARE A PERFORMANCE 
LOG (online2-wav-nnet2-latgen-faster:main():online2-wav-nnet2-latgen-faster.cc:273) Decoded utterance c3yc030w-head
c3yc030x-head IT'S LIKE A CIRCUS COMING TO TOWN 
LOG (online2-wav-nnet2-latgen-faster:main():online2-wav-nnet2-latgen-faster.cc:273) Decoded utterance c3yc030x-head
c3yc030y-head THE OFFENDING EDITORIAL WAS PUBLISHED MAY SEVENTEENTH 
LOG (online2-wav-nnet2-latgen-faster:main():online2-wav-nnet2-latgen-faster.cc:273) Decoded utterance c3yc030y-head
c3yc030z-head BOTH MR. GORDON <UNK> AND MR. MCGILL STANDING FOR RE ELECTION WON DEMOCRATIC PRIMARY RACES JUNE FOURTEENTH 
LOG (online2-wav-nnet2-latgen-faster:main():online2-wav-nnet2-latgen-faster.cc:273) Decoded utterance c3yc030z-head
c3yc0310-head A GRAND JURY HERE INDICTED MR. FITS ON MONDAY AND A TRIAL DATE HAS YET TO BE SET 
LOG (online2-wav-nnet2-latgen-faster:main():online2-wav-nnet2-latgen-faster.cc:273) Decoded utterance c3yc0310-head
c3yc0311-head NO SOONER DID THE SECURITIES AND EXCHANGE COMMISSION IMPOSE NEW RULES TO CLARIFY FUND ADVERTISING THAN FUND YIELDS SIMPLY DISAPPEARED FROM MANY ADS 
LOG (online2-wav-nnet2-latgen-faster:main():online2-wav-nnet2-latgen-faster.cc:273) Decoded utterance c3yc0311-head
c3yc0312-head THE S. E. C. IS MANEUVERING TO CURB WHAT FUNDS CAN SAYING NEWSLETTERS JUST AS HOLDERS ARE DEMANDING MORE INFORMATION 
LOG (online2-wav-nnet2-latgen-faster:main():online2-wav-nnet2-latgen-faster.cc:273) Decoded utterance c3yc0312-head
c3yc0313-head IN RESPONSE TO OTHER RULES ON THE HORIZON FUNDS ARE HINTING THAT THEY WILL SQUEEZE BIGGER UP FRONT FEES OUT OF PEOPLE BUYING INTO A FUND 
LOG (online2-wav-nnet2-latgen-faster:main():online2-wav-nnet2-latgen-faster.cc:273) Decoded utterance c3yc0313-head
c3yc0314-head BANK EARNINGS GENERALLY WERE SOMEWHAT DISAPPOINTING 
LOG (online2-wav-nnet2-latgen-faster:main():online2-wav-nnet2-latgen-faster.cc:273) Decoded utterance c3yc0314-head
c3yc0315-head RISING INTEREST RATES DURING THE SECOND QUARTER PUT PRESSURE ON NET INTEREST MARGINS 
LOG (online2-wav-nnet2-latgen-faster:main():online2-wav-nnet2-latgen-faster.cc:273) Decoded utterance c3yc0315-head
c3yc0316-head NONPERFORMING LOANS CONTINUED TO RISE AT MANY BANKS AS COMMERCIAL REAL ESTATE MARKETS CONTINUED DOWNWARD 
LOG (online2-wav-nnet2-latgen-faster:main():online2-wav-nnet2-latgen-faster.cc:273) Decoded utterance c3yc0316-head
c3yc0317-head MONEY CENTER BANKS ALSO CHARGED OFF TWENTY PERCENT OF THE LOAN EXPOSURE TO ARGENTINA 
LOG (online2-wav-nnet2-latgen-faster:main():online2-wav-nnet2-latgen-faster.cc:273) Decoded utterance c3yc0317-head
c3yc0318-head MANUFACTURERS HANOVER'S COMPARISON WITH THE PRIOR YEAR'S EARNINGS WAS DISTORTED BY A GAIN LAST YEAR ON THE SALE OF A FINANCE SUBSIDIARY 
LOG (online2-wav-nnet2-latgen-faster:main():online2-wav-nnet2-latgen-faster.cc:273) Decoded utterance c3yc0318-head
c3yc0319-head CHEMICAL BANKING AND BANKERS TRUST BOTH POSTED RECORD OR NEAR RECORD FOREIGN EXCHANGE TRADING RESULTS 
LOG (online2-wav-nnet2-latgen-faster:main():online2-wav-nnet2-latgen-faster.cc:273) Decoded utterance c3yc0319-head
c46a0101-head <UNK> 
LOG (online2-wav-nnet2-latgen-faster:main():online2-wav-nnet2-latgen-faster.cc:273) Decoded utterance c46a0101-head
c46a0102-head SHE HAD YOUR DARK SUIT IN GREASY WASH WATER ALL YEAR 
LOG (online2-wav-nnet2-latgen-faster:main():online2-wav-nnet2-latgen-faster.cc:273) Decoded utterance c46a0102-head
c46a0103-head DON'T ASK ME TO CARRY AN OILY RAG LIKE THAT 
LOG (online2-wav-nnet2-latgen-faster:main():online2-wav-nnet2-latgen-faster.cc:273) Decoded utterance c46a0103-head
c46a0104-head FEMALE PRODUCES A LITTER OF TWO TO FOUR YOUNG IN NOVEMBER AND DECEMBER 
LOG (online2-wav-nnet2-latgen-faster:main():online2-wav-nnet2-latgen-faster.cc:273) Decoded utterance c46a0104-head
c46a0105-head NUMEROUS WORKS OF ART ARE BASED ON THE STORY OF THE SACRIFICE OF ISAAC 
LOG (online2-wav-nnet2-latgen-faster:main():online2-wav-nnet2-latgen-faster.cc:273) Decoded utterance c46a0105-head
c46a0106-head THEIR SOLUTION REQUIRES DEVELOPMENT OF THE HUMAN CAPACITY FOR SOCIAL INTEREST 
LOG (online2-wav-nnet2-latgen-faster:main():online2-wav-nnet2-latgen-faster.cc:273) Decoded utterance c46a0106-head
c46a0107-head HIS MOST SIGNIFICANT SCIENTIFIC PUBLICATIONS WERE STUDIES OF BIRDS AND ANIMALS 
LOG (online2-wav-nnet2-latgen-faster:main():online2-wav-nnet2-latgen-faster.cc:273) Decoded utterance c46a0107-head
c46a0108-head IN RECENT YEARS SHE HAS PRIMARILY APPEARED IN TELEVISION FILMS SUCH AS LITTLE GLORIA 
LOG (online2-wav-nnet2-latgen-faster:main():online2-wav-nnet2-latgen-faster.cc:273) Decoded utterance c46a0108-head
c46a0109-head PROCESS BY WHICH THE LENS FOCUSES ON EXTERNAL OBJECTS IS CALLED ACCOMMODATION 
LOG (online2-wav-nnet2-latgen-faster:main():online2-wav-nnet2-latgen-faster.cc:273) Decoded utterance c46a0109-head
c46a010a-head TWO NARROW GAUGE RAILROADS FROM CHINA ENTER THE CITY FROM THE NORTHEAST AND NORTHWEST 
LOG (online2-wav-nnet2-latgen-faster:main():online2-wav-nnet2-latgen-faster.cc:273) Decoded utterance c46a010a-head
c46a010b-head SOME MAPS USE BANDS OF COLOR TO INDICATE DIFFERENT INTERVALS OF VALUE 
LOG (online2-wav-nnet2-latgen-faster:main():online2-wav-nnet2-latgen-faster.cc:273) Decoded utterance c46a010b-head
c46a010c-head ORIGINS OR CAUSES OF SPONTANEOUS MUTATION ARE NOT YET COMPLETELY CLEAR 
LOG (online2-wav-nnet2-latgen-faster:main():online2-wav-nnet2-latgen-faster.cc:273) Decoded utterance c46a010c-head
c46a010d-head UNUSUALLY HIGH LEVELS OF RADIATION WERE DETECTED IN MANY EUROPEAN COUNTRIES 
LOG (online2-wav-nnet2-latgen-faster:main():online2-wav-nnet2-latgen-faster.cc:273) Decoded utterance c46a010d-head
c46a010e-head BOTH PETROLEUM AND NATURAL GAS DEPOSITS ARE SCATTERED THROUGHOUT EASTERN OHIO 
LOG (online2-wav-nnet2-latgen-faster:main():online2-wav-nnet2-latgen-faster.cc:273) Decoded utterance c46a010e-head
c46a010f-head THE FIRST TIME IN YEARS THE REPUBLICANS ALSO CAPTURED BOTH HOUSES OF CONGRESS 
LOG (online2-wav-nnet2-latgen-faster:main():online2-wav-nnet2-latgen-faster.cc:273) Decoded utterance c46a010f-head
c46a010g-head THE SOUTH CAROLINA EDUCATIONAL RADIO NETWORK HAS WON NATIONAL BROADCASTING AWARDS 
LOG (online2-wav-nnet2-latgen-faster:main():online2-wav-nnet2-latgen-faster.cc:273) Decoded utterance c46a010g-head
c46a010h-head TANKER IS A SHIP DESIGNED TO CARRY LARGE VOLUMES OF OIL OR OTHER LIQUID CARGO 
LOG (online2-wav-nnet2-latgen-faster:main():online2-wav-nnet2-latgen-faster.cc:273) Decoded utterance c46a010h-head
c46a010i-head THE ENORMOUS AMOUNTS OF CARBON DIOXIDE IN THE ATMOSPHERE CAUSE THIS HIGH PRESSURE 
LOG (online2-wav-nnet2-latgen-faster:main():online2-wav-nnet2-latgen-faster.cc:273) Decoded utterance c46a010i-head
c46c0201-head IS WHAT HE DOESN'T SAY THAT HAS RILED ONE FUND INVESTOR 
LOG (online2-wav-nnet2-latgen-faster:main():online2-wav-nnet2-latgen-faster.cc:273) Decoded utterance c46c0201-head
c46c0202-head THE REPORT IT SEEMS FAILS TO MENTION ANYTHING ABOUT NEW YORK'S CREDIT CONDITIONS OR FACTORS TIED TO THE MARKET 
LOG (online2-wav-nnet2-latgen-faster:main():online2-wav-nnet2-latgen-faster.cc:273) Decoded utterance c46c0202-head
c46c0203-head IT DOES TALK ABOUT THE GENERAL MUNICIPAL BOND MARKET NO 
LOG (online2-wav-nnet2-latgen-faster:main():online2-wav-nnet2-latgen-faster.cc:273) Decoded utterance c46c0203-head
c46c0204-head MORTGAGES OF FOUR PERCENT 
LOG (online2-wav-nnet2-latgen-faster:main():online2-wav-nnet2-latgen-faster.cc:273) Decoded utterance c46c0204-head
c46c0205-head YOU HAVE TO GO ALL THE WAY BACK TO NINETEEN FIFTY BOND FIND RATES ALLY 
LOG (online2-wav-nnet2-latgen-faster:main():online2-wav-nnet2-latgen-faster.cc:273) Decoded utterance c46c0205-head
c46c0206-head BUT IF THE DEPARTMENT OF HOUSING AND URBAN DEVELOPMENT HAS ITS WAY LENDERS MAY BE OFFERING HOME LOANS A SUCH LOW INITIAL RATES BY YEAR END 
LOG (online2-wav-nnet2-latgen-faster:main():online2-wav-nnet2-latgen-faster.cc:273) Decoded utterance c46c0206-head
c46c0207-head THE OFFICIAL CHINA DAILY SAID SATURDAY THAT AS OF SEPTEMBER FIRST A RESERVE RATIO FOR BANKS WILL BE INCREASED THIRTEEN PERCENT FROM TWELVE PERCENT 
LOG (online2-wav-nnet2-latgen-faster:main():online2-wav-nnet2-latgen-faster.cc:273) Decoded utterance c46c0207-head
c46c0208-head THE DAY HE SAID THE AS A RESULT LOANS WILL BE REDUCED ONE MORE THAN THIRTY BILLION NEW AN EIGHT POINT OH SIX BILLION DOLLARS 
LOG (online2-wav-nnet2-latgen-faster:main():online2-wav-nnet2-latgen-faster.cc:273) Decoded utterance c46c0208-head
c46c0209-head IT DIDN'T GIVE A TIME PERIOD FOR THIS REDUCTION 
LOG (online2-wav-nnet2-latgen-faster:main():online2-wav-nnet2-latgen-faster.cc:273) Decoded utterance c46c0209-head
c46c020a-head THE RESERVE RATIO WAS SET TEN PERCENT IN NINETEEN EIGHTY THREE AND INCREASED TWELVE PERCENT LAST YEAR 
LOG (online2-wav-nnet2-latgen-faster:main():online2-wav-nnet2-latgen-faster.cc:273) Decoded utterance c46c020a-head
c46c020b-head RECENT ROBUST LENDING MAINLY FOR CAPITAL CONSTRUCTION PROJECTS HAS PUT STRAIN ON THE NATION'S ABILITY TO MEET DEMANDS FOR RAW MATERIALS AND HAS HELPED FUEL INFLATION 
LOG (online2-wav-nnet2-latgen-faster:main():online2-wav-nnet2-latgen-faster.cc:273) Decoded utterance c46c020b-head
c46c020c-head PRICES IN JUNE WERE NINETEEN PERCENT HIGHER THAN A YEAR EARLIER ACCORDING TO THE GOVERNMENT 
LOG (online2-wav-nnet2-latgen-faster:main():online2-wav-nnet2-latgen-faster.cc:273) Decoded utterance c46c020c-head
c46c020d-head MR. CAN WILL BELIEVES THE JULY C. P. I. ROSE ABOUT ZERO POINT FIVE PERCENT AND THE CONSENSUS VIEW IS THE A ZERO POINT FOUR PERCENT INCREASE WILL BE REPORTED 
LOG (online2-wav-nnet2-latgen-faster:main():online2-wav-nnet2-latgen-faster.cc:273) Decoded utterance c46c020d-head
c46c020e-head IN JUNE THE C. P. I. ROSE ZERO POINT THREE PERCENT 
LOG (online2-wav-nnet2-latgen-faster:main():online2-wav-nnet2-latgen-faster.cc:273) Decoded utterance c46c020e-head
c46c020f-head HIGH FOOD PRICES RESULTING FROM THE DROUGHT AND STEEPER ENERGY COSTS CONTRARY TO TO A JUMP IN JULY ACCORDING TO THE ECONOMISTS 
LOG (online2-wav-nnet2-latgen-faster:main():online2-wav-nnet2-latgen-faster.cc:273) Decoded utterance c46c020f-head
c46c020g-head PERSONAL INCOME AND CONSUMPTION ARE EXPECTED TO HAVE BEEN HIGHER DURING JULY THANKS LARGELY TO THE STRONG EMPLOYMENT 
LOG (online2-wav-nnet2-latgen-faster:main():online2-wav-nnet2-latgen-faster.cc:273) Decoded utterance c46c020g-head
c46c020h-head WITH MORE PEOPLE WORKING NOW THAN IN THE PAST FOURTEEN YEARS AND MANY WORKING MORE HOURS THAN NORMALLY PERSONAL INCOME IS EXPECTED TO LOG ANOTHER INCREASE 
LOG (online2-wav-nnet2-latgen-faster:main():online2-wav-nnet2-latgen-faster.cc:273) Decoded utterance c46c020h-head
c46c020i-head IN JUNE PERSONAL INCOME ROSE ZERO POINT SEVEN PERCENT 
LOG (online2-wav-nnet2-latgen-faster:main():online2-wav-nnet2-latgen-faster.cc:273) Decoded utterance c46c020i-head
c46c020j-head ON THE SPENDING SIDE CONSUMPTION PROBABLY INCREASED AGAIN IN JULY HELPED ALONG ONCE MORE BY CAR AND LIGHT TRUCK SALES 
LOG (online2-wav-nnet2-latgen-faster:main():online2-wav-nnet2-latgen-faster.cc:273) Decoded utterance c46c020j-head
c46c020k-head ECONOMISTS EXPECT GOVERNMENT TO REPORT THAT JULY CONSUMER SPENDING ROSE ABOUT ZERO POINT SIX PERCENT 
LOG (online2-wav-nnet2-latgen-faster:main():online2-wav-nnet2-latgen-faster.cc:273) Decoded utterance c46c020k-head
c46c020l-head IN JUNE PERSONAL CONSUMPTION ROSE ONE POINT OH PERCENT 
LOG (online2-wav-nnet2-latgen-faster:main():online2-wav-nnet2-latgen-faster.cc:273) Decoded utterance c46c020l-head
c46c020m-head THAN THE KEY I. INDEX ADDED EIGHTY POINT OH SIX POINTS TO FINISH AT TWENTY EIGHT THOUSAND TWO HUNDRED NINE POINT FOUR TWO 
LOG (online2-wav-nnet2-latgen-faster:main():online2-wav-nnet2-latgen-faster.cc:273) Decoded utterance c46c020m-head
LOG (wav-copy:main():wav-copy.cc:68) Copied 155 wave files
c46c020n-head VOLUME ROSE TO AN ESTIMATED ONE BILLION SHARES FROM AN ESTIMATE SEVEN HUNDRED FIFTY MILLION SHARES ON THURSDAY 
LOG (online2-wav-nnet2-latgen-faster:main():online2-wav-nnet2-latgen-faster.cc:273) Decoded utterance c46c020n-head
LOG (online2-wav-nnet2-latgen-faster:Print():online-timing.cc:36) Timing stats: real-time factor was 1.01672 (note: this cannot be less than one.)
LOG (online2-wav-nnet2-latgen-faster:Print():online-timing.cc:38) Average delay was 0.118573 seconds.
LOG (online2-wav-nnet2-latgen-faster:Print():online-timing.cc:42) Percentage of time spent idling was 64.9855
LOG (online2-wav-nnet2-latgen-faster:Print():online-timing.cc:44) Longest delay was 0.690027 seconds for utterance 'c46a0101-head'
LOG (online2-wav-nnet2-latgen-faster:main():online2-wav-nnet2-latgen-faster.cc:279) Decoded 155 utterances, 0 with errors.
LOG (online2-wav-nnet2-latgen-faster:main():online2-wav-nnet2-latgen-faster.cc:281) Overall likelihood per frame was 0.401518 per frame over 109625 frames.
# Accounting: time=406 threads=1
# Ended (code 0) at Fri Jul 28 18:01:50 BST 2017, elapsed time 406 seconds
